{"C:\\Users\\Dell\\Desktop\\project\\MaritimeFlow\\frontend\\src\\App.jsx": {"path":"C:\\Users\\Dell\\Desktop\\project\\MaritimeFlow\\frontend\\src\\App.jsx","statementMap":{"0":{"start":{"line":21,"column":2},"end":{"line":56,"column":3}}},"fnMap":{"0":{"name":"App","decl":{"start":{"line":20,"column":9},"end":{"line":20,"column":12}},"loc":{"start":{"line":20,"column":15},"end":{"line":57,"column":1}},"line":20}},"branchMap":{},"s":{"0":0},"f":{"0":0},"b":{}}
,"C:\\Users\\Dell\\Desktop\\project\\MaritimeFlow\\frontend\\src\\components\\About.jsx": {"path":"C:\\Users\\Dell\\Desktop\\project\\MaritimeFlow\\frontend\\src\\components\\About.jsx","statementMap":{"0":{"start":{"line":5,"column":19},"end":{"line":11,"column":1}},"1":{"start":{"line":13,"column":14},"end":{"line":137,"column":1}},"2":{"start":{"line":14,"column":2},"end":{"line":136,"column":3}},"3":{"start":{"line":49,"column":18},"end":{"line":52,"column":24}},"4":{"start":{"line":63,"column":20},"end":{"line":70,"column":27}},"5":{"start":{"line":122,"column":16},"end":{"line":128,"column":22}}},"fnMap":{"0":{"name":"(anonymous_0)","decl":{"start":{"line":13,"column":14},"end":{"line":13,"column":15}},"loc":{"start":{"line":13,"column":20},"end":{"line":137,"column":1}},"line":13},"1":{"name":"(anonymous_1)","decl":{"start":{"line":48,"column":22},"end":{"line":48,"column":23}},"loc":{"start":{"line":49,"column":18},"end":{"line":52,"column":24}},"line":49},"2":{"name":"(anonymous_2)","decl":{"start":{"line":62,"column":34},"end":{"line":62,"column":35}},"loc":{"start":{"line":63,"column":20},"end":{"line":70,"column":27}},"line":63},"3":{"name":"(anonymous_3)","decl":{"start":{"line":121,"column":20},"end":{"line":121,"column":21}},"loc":{"start":{"line":122,"column":16},"end":{"line":128,"column":22}},"line":122}},"branchMap":{},"s":{"0":0,"1":0,"2":0,"3":0,"4":0,"5":0},"f":{"0":0,"1":0,"2":0,"3":0},"b":{}}
,"C:\\Users\\Dell\\Desktop\\project\\MaritimeFlow\\frontend\\src\\components\\Contact.jsx": {"path":"C:\\Users\\Dell\\Desktop\\project\\MaritimeFlow\\frontend\\src\\components\\Contact.jsx","statementMap":{"0":{"start":{"line":5,"column":20},"end":{"line":21,"column":1}},"1":{"start":{"line":23,"column":16},"end":{"line":258,"column":1}},"2":{"start":{"line":24,"column":26},"end":{"line":24,"column":85}},"3":{"start":{"line":25,"column":36},"end":{"line":25,"column":51}},"4":{"start":{"line":26,"column":32},"end":{"line":26,"column":47}},"5":{"start":{"line":27,"column":28},"end":{"line":27,"column":40}},"6":{"start":{"line":29,"column":23},"end":{"line":31,"column":3}},"7":{"start":{"line":30,"column":4},"end":{"line":30,"column":69}},"8":{"start":{"line":30,"column":23},"end":{"line":30,"column":67}},"9":{"start":{"line":33,"column":23},"end":{"line":59,"column":3}},"10":{"start":{"line":34,"column":4},"end":{"line":34,"column":22}},"11":{"start":{"line":35,"column":4},"end":{"line":35,"column":20}},"12":{"start":{"line":36,"column":4},"end":{"line":36,"column":16}},"13":{"start":{"line":38,"column":4},"end":{"line":58,"column":5}},"14":{"start":{"line":39,"column":18},"end":{"line":43,"column":8}},"15":{"start":{"line":45,"column":19},"end":{"line":45,"column":35}},"16":{"start":{"line":47,"column":6},"end":{"line":50,"column":7}},"17":{"start":{"line":48,"column":8},"end":{"line":48,"column":75}},"18":{"start":{"line":49,"column":8},"end":{"line":49,"column":14}},"19":{"start":{"line":52,"column":6},"end":{"line":52,"column":24}},"20":{"start":{"line":53,"column":6},"end":{"line":53,"column":64}},"21":{"start":{"line":55,"column":6},"end":{"line":55,"column":69}},"22":{"start":{"line":57,"column":6},"end":{"line":57,"column":23}},"23":{"start":{"line":61,"column":2},"end":{"line":257,"column":3}},"24":{"start":{"line":102,"column":35},"end":{"line":102,"column":55}},"25":{"start":{"line":102,"column":56},"end":{"line":102,"column":68}},"26":{"start":{"line":222,"column":16},"end":{"line":231,"column":22}},"27":{"start":{"line":244,"column":18},"end":{"line":249,"column":24}}},"fnMap":{"0":{"name":"(anonymous_0)","decl":{"start":{"line":23,"column":16},"end":{"line":23,"column":17}},"loc":{"start":{"line":23,"column":22},"end":{"line":258,"column":1}},"line":23},"1":{"name":"(anonymous_1)","decl":{"start":{"line":29,"column":23},"end":{"line":29,"column":24}},"loc":{"start":{"line":29,"column":30},"end":{"line":31,"column":3}},"line":29},"2":{"name":"(anonymous_2)","decl":{"start":{"line":30,"column":12},"end":{"line":30,"column":13}},"loc":{"start":{"line":30,"column":23},"end":{"line":30,"column":67}},"line":30},"3":{"name":"(anonymous_3)","decl":{"start":{"line":33,"column":23},"end":{"line":33,"column":24}},"loc":{"start":{"line":33,"column":36},"end":{"line":59,"column":3}},"line":33},"4":{"name":"(anonymous_4)","decl":{"start":{"line":102,"column":27},"end":{"line":102,"column":28}},"loc":{"start":{"line":102,"column":33},"end":{"line":102,"column":70}},"line":102},"5":{"name":"(anonymous_5)","decl":{"start":{"line":221,"column":31},"end":{"line":221,"column":32}},"loc":{"start":{"line":222,"column":16},"end":{"line":231,"column":22}},"line":222},"6":{"name":"(anonymous_6)","decl":{"start":{"line":243,"column":22},"end":{"line":243,"column":23}},"loc":{"start":{"line":244,"column":18},"end":{"line":249,"column":24}},"line":244}},"branchMap":{"0":{"loc":{"start":{"line":47,"column":6},"end":{"line":50,"column":7}},"type":"if","locations":[{"start":{"line":47,"column":6},"end":{"line":50,"column":7}},{"start":{},"end":{}}],"line":47},"1":{"loc":{"start":{"line":48,"column":17},"end":{"line":48,"column":74}},"type":"binary-expr","locations":[{"start":{"line":48,"column":17},"end":{"line":48,"column":29}},{"start":{"line":48,"column":33},"end":{"line":48,"column":74}}],"line":48},"2":{"loc":{"start":{"line":91,"column":13},"end":{"line":205,"column":13}},"type":"cond-expr","locations":[{"start":{"line":92,"column":14},"end":{"line":107,"column":20}},{"start":{"line":109,"column":14},"end":{"line":204,"column":21}}],"line":91},"3":{"loc":{"start":{"line":179,"column":17},"end":{"line":184,"column":17}},"type":"binary-expr","locations":[{"start":{"line":179,"column":17},"end":{"line":179,"column":22}},{"start":{"line":180,"column":18},"end":{"line":183,"column":22}}],"line":179},"4":{"loc":{"start":{"line":192,"column":19},"end":{"line":202,"column":19}},"type":"cond-expr","locations":[{"start":{"line":193,"column":20},"end":{"line":197,"column":23}},{"start":{"line":199,"column":20},"end":{"line":201,"column":23}}],"line":192},"5":{"loc":{"start":{"line":246,"column":52},"end":{"line":246,"column":106}},"type":"cond-expr","locations":[{"start":{"line":246,"column":74},"end":{"line":246,"column":88}},{"start":{"line":246,"column":91},"end":{"line":246,"column":106}}],"line":246}},"s":{"0":1,"1":1,"2":7,"3":6,"4":6,"5":6,"6":6,"7":0,"8":0,"9":6,"10":0,"11":0,"12":0,"13":0,"14":0,"15":0,"16":0,"17":0,"18":0,"19":0,"20":0,"21":0,"22":0,"23":6,"24":0,"25":0,"26":18,"27":18},"f":{"0":7,"1":0,"2":0,"3":0,"4":0,"5":18,"6":18},"b":{"0":[0,0],"1":[0,0],"2":[0,6],"3":[6,0],"4":[0,6],"5":[6,12]},"_coverageSchema":"1a1c01bbd47fc00a2c39e90264f33305004495a9","hash":"cd8703078047769f5a75a6265bc3fa6d35e62512"}
,"C:\\Users\\Dell\\Desktop\\project\\MaritimeFlow\\frontend\\src\\components\\DashboardPreview.jsx": {"path":"C:\\Users\\Dell\\Desktop\\project\\MaritimeFlow\\frontend\\src\\components\\DashboardPreview.jsx","statementMap":{"0":{"start":{"line":5,"column":17},"end":{"line":14,"column":1}},"1":{"start":{"line":6,"column":2},"end":{"line":13,"column":8}},"2":{"start":{"line":16,"column":17},"end":{"line":55,"column":1}},"3":{"start":{"line":17,"column":15},"end":{"line":25,"column":3}},"4":{"start":{"line":27,"column":2},"end":{"line":54,"column":3}},"5":{"start":{"line":40,"column":10},"end":{"line":50,"column":16}},"6":{"start":{"line":57,"column":19},"end":{"line":103,"column":1}},"7":{"start":{"line":58,"column":16},"end":{"line":58,"column":19}},"8":{"start":{"line":59,"column":18},"end":{"line":59,"column":20}},"9":{"start":{"line":60,"column":17},"end":{"line":60,"column":19}},"10":{"start":{"line":61,"column":24},"end":{"line":61,"column":44}},"11":{"start":{"line":62,"column":17},"end":{"line":62,"column":66}},"12":{"start":{"line":64,"column":2},"end":{"line":102,"column":3}},"13":{"start":{"line":105,"column":23},"end":{"line":127,"column":1}},"14":{"start":{"line":106,"column":2},"end":{"line":126,"column":8}},"15":{"start":{"line":115,"column":8},"end":{"line":123,"column":14}},"16":{"start":{"line":129,"column":25},"end":{"line":238,"column":1}},"17":{"start":{"line":130,"column":2},"end":{"line":237,"column":3}}},"fnMap":{"0":{"name":"(anonymous_0)","decl":{"start":{"line":5,"column":17},"end":{"line":5,"column":18}},"loc":{"start":{"line":6,"column":2},"end":{"line":13,"column":8}},"line":6},"1":{"name":"(anonymous_1)","decl":{"start":{"line":16,"column":17},"end":{"line":16,"column":18}},"loc":{"start":{"line":16,"column":23},"end":{"line":55,"column":1}},"line":16},"2":{"name":"(anonymous_2)","decl":{"start":{"line":39,"column":18},"end":{"line":39,"column":19}},"loc":{"start":{"line":40,"column":10},"end":{"line":50,"column":16}},"line":40},"3":{"name":"(anonymous_3)","decl":{"start":{"line":57,"column":19},"end":{"line":57,"column":20}},"loc":{"start":{"line":57,"column":25},"end":{"line":103,"column":1}},"line":57},"4":{"name":"(anonymous_4)","decl":{"start":{"line":105,"column":23},"end":{"line":105,"column":24}},"loc":{"start":{"line":106,"column":2},"end":{"line":126,"column":8}},"line":106},"5":{"name":"(anonymous_5)","decl":{"start":{"line":114,"column":12},"end":{"line":114,"column":13}},"loc":{"start":{"line":115,"column":8},"end":{"line":123,"column":14}},"line":115},"6":{"name":"(anonymous_6)","decl":{"start":{"line":129,"column":25},"end":{"line":129,"column":26}},"loc":{"start":{"line":129,"column":31},"end":{"line":238,"column":1}},"line":129}},"branchMap":{},"s":{"0":0,"1":0,"2":0,"3":0,"4":0,"5":0,"6":0,"7":0,"8":0,"9":0,"10":0,"11":0,"12":0,"13":0,"14":0,"15":0,"16":0,"17":0},"f":{"0":0,"1":0,"2":0,"3":0,"4":0,"5":0,"6":0},"b":{}}
,"C:\\Users\\Dell\\Desktop\\project\\MaritimeFlow\\frontend\\src\\components\\Features.jsx": {"path":"C:\\Users\\Dell\\Desktop\\project\\MaritimeFlow\\frontend\\src\\components\\Features.jsx","statementMap":{"0":{"start":{"line":5,"column":17},"end":{"line":38,"column":1}},"1":{"start":{"line":40,"column":21},"end":{"line":47,"column":1}},"2":{"start":{"line":42,"column":16},"end":{"line":46,"column":3}},"3":{"start":{"line":49,"column":17},"end":{"line":109,"column":1}},"4":{"start":{"line":50,"column":2},"end":{"line":108,"column":3}},"5":{"start":{"line":75,"column":12},"end":{"line":103,"column":25}}},"fnMap":{"0":{"name":"(anonymous_0)","decl":{"start":{"line":42,"column":8},"end":{"line":42,"column":9}},"loc":{"start":{"line":42,"column":16},"end":{"line":46,"column":3}},"line":42},"1":{"name":"(anonymous_1)","decl":{"start":{"line":49,"column":17},"end":{"line":49,"column":18}},"loc":{"start":{"line":49,"column":23},"end":{"line":109,"column":1}},"line":49},"2":{"name":"(anonymous_2)","decl":{"start":{"line":74,"column":24},"end":{"line":74,"column":25}},"loc":{"start":{"line":75,"column":12},"end":{"line":103,"column":25}},"line":75}},"branchMap":{},"s":{"0":0,"1":0,"2":0,"3":0,"4":0,"5":0},"f":{"0":0,"1":0,"2":0},"b":{}}
,"C:\\Users\\Dell\\Desktop\\project\\MaritimeFlow\\frontend\\src\\components\\Footer.jsx": {"path":"C:\\Users\\Dell\\Desktop\\project\\MaritimeFlow\\frontend\\src\\components\\Footer.jsx","statementMap":{"0":{"start":{"line":4,"column":19},"end":{"line":10,"column":1}},"1":{"start":{"line":12,"column":19},"end":{"line":17,"column":1}},"2":{"start":{"line":19,"column":16},"end":{"line":24,"column":1}},"3":{"start":{"line":26,"column":15},"end":{"line":135,"column":1}},"4":{"start":{"line":27,"column":19},"end":{"line":30,"column":3}},"5":{"start":{"line":28,"column":15},"end":{"line":28,"column":41}},"6":{"start":{"line":29,"column":4},"end":{"line":29,"column":53}},"7":{"start":{"line":29,"column":12},"end":{"line":29,"column":53}},"8":{"start":{"line":32,"column":2},"end":{"line":134,"column":3}},"9":{"start":{"line":56,"column":16},"end":{"line":64,"column":20}},"10":{"start":{"line":76,"column":16},"end":{"line":86,"column":21}},"11":{"start":{"line":78,"column":35},"end":{"line":78,"column":54}},"12":{"start":{"line":98,"column":16},"end":{"line":108,"column":21}}},"fnMap":{"0":{"name":"(anonymous_0)","decl":{"start":{"line":26,"column":15},"end":{"line":26,"column":16}},"loc":{"start":{"line":26,"column":21},"end":{"line":135,"column":1}},"line":26},"1":{"name":"(anonymous_1)","decl":{"start":{"line":27,"column":19},"end":{"line":27,"column":20}},"loc":{"start":{"line":27,"column":27},"end":{"line":30,"column":3}},"line":27},"2":{"name":"(anonymous_2)","decl":{"start":{"line":55,"column":27},"end":{"line":55,"column":28}},"loc":{"start":{"line":56,"column":16},"end":{"line":64,"column":20}},"line":56},"3":{"name":"(anonymous_3)","decl":{"start":{"line":75,"column":30},"end":{"line":75,"column":31}},"loc":{"start":{"line":76,"column":16},"end":{"line":86,"column":21}},"line":76},"4":{"name":"(anonymous_4)","decl":{"start":{"line":78,"column":29},"end":{"line":78,"column":30}},"loc":{"start":{"line":78,"column":35},"end":{"line":78,"column":54}},"line":78},"5":{"name":"(anonymous_5)","decl":{"start":{"line":97,"column":30},"end":{"line":97,"column":31}},"loc":{"start":{"line":98,"column":16},"end":{"line":108,"column":21}},"line":98}},"branchMap":{"0":{"loc":{"start":{"line":29,"column":4},"end":{"line":29,"column":53}},"type":"if","locations":[{"start":{"line":29,"column":4},"end":{"line":29,"column":53}},{"start":{},"end":{}}],"line":29}},"s":{"0":0,"1":0,"2":0,"3":0,"4":0,"5":0,"6":0,"7":0,"8":0,"9":0,"10":0,"11":0,"12":0},"f":{"0":0,"1":0,"2":0,"3":0,"4":0,"5":0},"b":{"0":[0,0]}}
,"C:\\Users\\Dell\\Desktop\\project\\MaritimeFlow\\frontend\\src\\components\\FutureFeatures.jsx": {"path":"C:\\Users\\Dell\\Desktop\\project\\MaritimeFlow\\frontend\\src\\components\\FutureFeatures.jsx","statementMap":{"0":{"start":{"line":14,"column":23},"end":{"line":95,"column":1}},"1":{"start":{"line":97,"column":21},"end":{"line":104,"column":1}},"2":{"start":{"line":99,"column":16},"end":{"line":103,"column":3}},"3":{"start":{"line":106,"column":23},"end":{"line":188,"column":1}},"4":{"start":{"line":107,"column":2},"end":{"line":187,"column":3}},"5":{"start":{"line":133,"column":12},"end":{"line":169,"column":25}}},"fnMap":{"0":{"name":"(anonymous_0)","decl":{"start":{"line":99,"column":8},"end":{"line":99,"column":9}},"loc":{"start":{"line":99,"column":16},"end":{"line":103,"column":3}},"line":99},"1":{"name":"(anonymous_1)","decl":{"start":{"line":106,"column":23},"end":{"line":106,"column":24}},"loc":{"start":{"line":106,"column":29},"end":{"line":188,"column":1}},"line":106},"2":{"name":"(anonymous_2)","decl":{"start":{"line":132,"column":30},"end":{"line":132,"column":31}},"loc":{"start":{"line":133,"column":12},"end":{"line":169,"column":25}},"line":133}},"branchMap":{},"s":{"0":0,"1":0,"2":0,"3":0,"4":0,"5":0},"f":{"0":0,"1":0,"2":0},"b":{}}
,"C:\\Users\\Dell\\Desktop\\project\\MaritimeFlow\\frontend\\src\\components\\Hero.jsx": {"path":"C:\\Users\\Dell\\Desktop\\project\\MaritimeFlow\\frontend\\src\\components\\Hero.jsx","statementMap":{"0":{"start":{"line":5,"column":25},"end":{"line":85,"column":1}},"1":{"start":{"line":6,"column":2},"end":{"line":84,"column":8}},"2":{"start":{"line":26,"column":6},"end":{"line":32,"column":10}},"3":{"start":{"line":37,"column":6},"end":{"line":43,"column":10}},"4":{"start":{"line":87,"column":15},"end":{"line":94,"column":1}},"5":{"start":{"line":89,"column":20},"end":{"line":93,"column":3}},"6":{"start":{"line":96,"column":13},"end":{"line":213,"column":1}},"7":{"start":{"line":97,"column":23},"end":{"line":100,"column":3}},"8":{"start":{"line":98,"column":15},"end":{"line":98,"column":41}},"9":{"start":{"line":99,"column":4},"end":{"line":99,"column":53}},"10":{"start":{"line":99,"column":12},"end":{"line":99,"column":53}},"11":{"start":{"line":102,"column":2},"end":{"line":212,"column":3}},"12":{"start":{"line":159,"column":31},"end":{"line":159,"column":55}},"13":{"start":{"line":165,"column":31},"end":{"line":165,"column":56}},"14":{"start":{"line":186,"column":16},"end":{"line":189,"column":22}}},"fnMap":{"0":{"name":"(anonymous_0)","decl":{"start":{"line":5,"column":25},"end":{"line":5,"column":26}},"loc":{"start":{"line":6,"column":2},"end":{"line":84,"column":8}},"line":6},"1":{"name":"(anonymous_1)","decl":{"start":{"line":25,"column":17},"end":{"line":25,"column":18}},"loc":{"start":{"line":26,"column":6},"end":{"line":32,"column":10}},"line":26},"2":{"name":"(anonymous_2)","decl":{"start":{"line":36,"column":15},"end":{"line":36,"column":16}},"loc":{"start":{"line":37,"column":6},"end":{"line":43,"column":10}},"line":37},"3":{"name":"(anonymous_3)","decl":{"start":{"line":89,"column":8},"end":{"line":89,"column":9}},"loc":{"start":{"line":89,"column":20},"end":{"line":93,"column":3}},"line":89},"4":{"name":"(anonymous_4)","decl":{"start":{"line":96,"column":13},"end":{"line":96,"column":14}},"loc":{"start":{"line":96,"column":19},"end":{"line":213,"column":1}},"line":96},"5":{"name":"(anonymous_5)","decl":{"start":{"line":97,"column":23},"end":{"line":97,"column":24}},"loc":{"start":{"line":97,"column":31},"end":{"line":100,"column":3}},"line":97},"6":{"name":"(anonymous_6)","decl":{"start":{"line":159,"column":25},"end":{"line":159,"column":26}},"loc":{"start":{"line":159,"column":31},"end":{"line":159,"column":55}},"line":159},"7":{"name":"(anonymous_7)","decl":{"start":{"line":165,"column":25},"end":{"line":165,"column":26}},"loc":{"start":{"line":165,"column":31},"end":{"line":165,"column":56}},"line":165},"8":{"name":"(anonymous_8)","decl":{"start":{"line":185,"column":20},"end":{"line":185,"column":21}},"loc":{"start":{"line":186,"column":16},"end":{"line":189,"column":22}},"line":186}},"branchMap":{"0":{"loc":{"start":{"line":89,"column":9},"end":{"line":89,"column":14}},"type":"default-arg","locations":[{"start":{"line":89,"column":13},"end":{"line":89,"column":14}}],"line":89},"1":{"loc":{"start":{"line":99,"column":4},"end":{"line":99,"column":53}},"type":"if","locations":[{"start":{"line":99,"column":4},"end":{"line":99,"column":53}},{"start":{},"end":{}}],"line":99}},"s":{"0":0,"1":0,"2":0,"3":0,"4":0,"5":0,"6":0,"7":0,"8":0,"9":0,"10":0,"11":0,"12":0,"13":0,"14":0},"f":{"0":0,"1":0,"2":0,"3":0,"4":0,"5":0,"6":0,"7":0,"8":0},"b":{"0":[0],"1":[0,0]}}
,"C:\\Users\\Dell\\Desktop\\project\\MaritimeFlow\\frontend\\src\\components\\HowItWorks.jsx": {"path":"C:\\Users\\Dell\\Desktop\\project\\MaritimeFlow\\frontend\\src\\components\\HowItWorks.jsx","statementMap":{"0":{"start":{"line":5,"column":14},"end":{"line":30,"column":1}},"1":{"start":{"line":32,"column":19},"end":{"line":104,"column":1}},"2":{"start":{"line":33,"column":2},"end":{"line":103,"column":3}},"3":{"start":{"line":57,"column":12},"end":{"line":98,"column":29}}},"fnMap":{"0":{"name":"(anonymous_0)","decl":{"start":{"line":32,"column":19},"end":{"line":32,"column":20}},"loc":{"start":{"line":32,"column":25},"end":{"line":104,"column":1}},"line":32},"1":{"name":"(anonymous_1)","decl":{"start":{"line":56,"column":21},"end":{"line":56,"column":22}},"loc":{"start":{"line":57,"column":12},"end":{"line":98,"column":29}},"line":57}},"branchMap":{"0":{"loc":{"start":{"line":83,"column":15},"end":{"line":97,"column":15}},"type":"binary-expr","locations":[{"start":{"line":83,"column":15},"end":{"line":83,"column":35}},{"start":{"line":84,"column":16},"end":{"line":96,"column":29}}],"line":83}},"s":{"0":0,"1":0,"2":0,"3":0},"f":{"0":0,"1":0},"b":{"0":[0,0]}}
,"C:\\Users\\Dell\\Desktop\\project\\MaritimeFlow\\frontend\\src\\components\\Layout.jsx": {"path":"C:\\Users\\Dell\\Desktop\\project\\MaritimeFlow\\frontend\\src\\components\\Layout.jsx","statementMap":{"0":{"start":{"line":6,"column":15},"end":{"line":16,"column":1}},"1":{"start":{"line":7,"column":2},"end":{"line":15,"column":3}}},"fnMap":{"0":{"name":"(anonymous_0)","decl":{"start":{"line":6,"column":15},"end":{"line":6,"column":16}},"loc":{"start":{"line":6,"column":21},"end":{"line":16,"column":1}},"line":6}},"branchMap":{},"s":{"0":0,"1":0},"f":{"0":0},"b":{}}
,"C:\\Users\\Dell\\Desktop\\project\\MaritimeFlow\\frontend\\src\\components\\Modules.jsx": {"path":"C:\\Users\\Dell\\Desktop\\project\\MaritimeFlow\\frontend\\src\\components\\Modules.jsx","statementMap":{"0":{"start":{"line":5,"column":16},"end":{"line":51,"column":1}},"1":{"start":{"line":53,"column":16},"end":{"line":145,"column":1}},"2":{"start":{"line":54,"column":2},"end":{"line":144,"column":3}},"3":{"start":{"line":79,"column":12},"end":{"line":113,"column":25}}},"fnMap":{"0":{"name":"(anonymous_0)","decl":{"start":{"line":53,"column":16},"end":{"line":53,"column":17}},"loc":{"start":{"line":53,"column":22},"end":{"line":145,"column":1}},"line":53},"1":{"name":"(anonymous_1)","decl":{"start":{"line":78,"column":23},"end":{"line":78,"column":24}},"loc":{"start":{"line":79,"column":12},"end":{"line":113,"column":25}},"line":79}},"branchMap":{},"s":{"0":0,"1":0,"2":0,"3":0},"f":{"0":0,"1":0},"b":{}}
,"C:\\Users\\Dell\\Desktop\\project\\MaritimeFlow\\frontend\\src\\components\\Navbar.jsx": {"path":"C:\\Users\\Dell\\Desktop\\project\\MaritimeFlow\\frontend\\src\\components\\Navbar.jsx","statementMap":{"0":{"start":{"line":11,"column":17},"end":{"line":17,"column":1}},"1":{"start":{"line":19,"column":15},"end":{"line":124,"column":1}},"2":{"start":{"line":20,"column":30},"end":{"line":20,"column":45}},"3":{"start":{"line":21,"column":34},"end":{"line":21,"column":49}},"4":{"start":{"line":22,"column":19},"end":{"line":22,"column":32}},"5":{"start":{"line":24,"column":2},"end":{"line":28,"column":8}},"6":{"start":{"line":25,"column":25},"end":{"line":25,"column":63}},"7":{"start":{"line":25,"column":31},"end":{"line":25,"column":63}},"8":{"start":{"line":26,"column":4},"end":{"line":26,"column":51}},"9":{"start":{"line":27,"column":4},"end":{"line":27,"column":67}},"10":{"start":{"line":27,"column":17},"end":{"line":27,"column":67}},"11":{"start":{"line":30,"column":20},"end":{"line":30,"column":42}},"12":{"start":{"line":30,"column":26},"end":{"line":30,"column":42}},"13":{"start":{"line":32,"column":2},"end":{"line":123,"column":3}},"14":{"start":{"line":51,"column":14},"end":{"line":66,"column":24}},"15":{"start":{"line":56,"column":18},"end":{"line":60,"column":20}},"16":{"start":{"line":79,"column":27},"end":{"line":79,"column":45}},"17":{"start":{"line":99,"column":16},"end":{"line":112,"column":26}},"18":{"start":{"line":104,"column":20},"end":{"line":108,"column":22}}},"fnMap":{"0":{"name":"(anonymous_0)","decl":{"start":{"line":19,"column":15},"end":{"line":19,"column":16}},"loc":{"start":{"line":19,"column":21},"end":{"line":124,"column":1}},"line":19},"1":{"name":"(anonymous_1)","decl":{"start":{"line":24,"column":12},"end":{"line":24,"column":13}},"loc":{"start":{"line":24,"column":18},"end":{"line":28,"column":3}},"line":24},"2":{"name":"(anonymous_2)","decl":{"start":{"line":25,"column":25},"end":{"line":25,"column":26}},"loc":{"start":{"line":25,"column":31},"end":{"line":25,"column":63}},"line":25},"3":{"name":"(anonymous_3)","decl":{"start":{"line":27,"column":11},"end":{"line":27,"column":12}},"loc":{"start":{"line":27,"column":17},"end":{"line":27,"column":67}},"line":27},"4":{"name":"(anonymous_4)","decl":{"start":{"line":30,"column":20},"end":{"line":30,"column":21}},"loc":{"start":{"line":30,"column":26},"end":{"line":30,"column":42}},"line":30},"5":{"name":"(anonymous_5)","decl":{"start":{"line":50,"column":26},"end":{"line":50,"column":27}},"loc":{"start":{"line":51,"column":14},"end":{"line":66,"column":24}},"line":51},"6":{"name":"(anonymous_6)","decl":{"start":{"line":55,"column":27},"end":{"line":55,"column":28}},"loc":{"start":{"line":56,"column":18},"end":{"line":60,"column":20}},"line":56},"7":{"name":"(anonymous_7)","decl":{"start":{"line":79,"column":21},"end":{"line":79,"column":22}},"loc":{"start":{"line":79,"column":27},"end":{"line":79,"column":45}},"line":79},"8":{"name":"(anonymous_8)","decl":{"start":{"line":98,"column":28},"end":{"line":98,"column":29}},"loc":{"start":{"line":99,"column":16},"end":{"line":112,"column":26}},"line":99},"9":{"name":"(anonymous_9)","decl":{"start":{"line":103,"column":29},"end":{"line":103,"column":30}},"loc":{"start":{"line":104,"column":20},"end":{"line":108,"column":22}},"line":104}},"branchMap":{"0":{"loc":{"start":{"line":34,"column":8},"end":{"line":34,"column":72}},"type":"cond-expr","locations":[{"start":{"line":34,"column":19},"end":{"line":34,"column":39}},{"start":{"line":34,"column":42},"end":{"line":34,"column":72}}],"line":34},"1":{"loc":{"start":{"line":57,"column":20},"end":{"line":59,"column":60}},"type":"cond-expr","locations":[{"start":{"line":58,"column":24},"end":{"line":58,"column":40}},{"start":{"line":59,"column":24},"end":{"line":59,"column":60}}],"line":57},"2":{"loc":{"start":{"line":82,"column":13},"end":{"line":82,"column":108}},"type":"cond-expr","locations":[{"start":{"line":82,"column":22},"end":{"line":82,"column":62}},{"start":{"line":82,"column":65},"end":{"line":82,"column":108}}],"line":82},"3":{"loc":{"start":{"line":89,"column":9},"end":{"line":120,"column":9}},"type":"binary-expr","locations":[{"start":{"line":89,"column":9},"end":{"line":89,"column":15}},{"start":{"line":90,"column":10},"end":{"line":119,"column":23}}],"line":89},"4":{"loc":{"start":{"line":105,"column":22},"end":{"line":107,"column":79}},"type":"cond-expr","locations":[{"start":{"line":106,"column":26},"end":{"line":106,"column":54}},{"start":{"line":107,"column":26},"end":{"line":107,"column":79}}],"line":105}},"s":{"0":0,"1":0,"2":0,"3":0,"4":0,"5":0,"6":0,"7":0,"8":0,"9":0,"10":0,"11":0,"12":0,"13":0,"14":0,"15":0,"16":0,"17":0,"18":0},"f":{"0":0,"1":0,"2":0,"3":0,"4":0,"5":0,"6":0,"7":0,"8":0,"9":0},"b":{"0":[0,0],"1":[0,0],"2":[0,0],"3":[0,0],"4":[0,0]}}
,"C:\\Users\\Dell\\Desktop\\project\\MaritimeFlow\\frontend\\src\\components\\ProtectedRoute.jsx": {"path":"C:\\Users\\Dell\\Desktop\\project\\MaritimeFlow\\frontend\\src\\components\\ProtectedRoute.jsx","statementMap":{"0":{"start":{"line":12,"column":23},"end":{"line":23,"column":1}},"1":{"start":{"line":13,"column":19},"end":{"line":13,"column":32}},"2":{"start":{"line":16,"column":26},"end":{"line":16,"column":69}},"3":{"start":{"line":18,"column":2},"end":{"line":20,"column":3}},"4":{"start":{"line":19,"column":4},"end":{"line":19,"column":70}},"5":{"start":{"line":22,"column":2},"end":{"line":22,"column":17}}},"fnMap":{"0":{"name":"(anonymous_0)","decl":{"start":{"line":12,"column":23},"end":{"line":12,"column":24}},"loc":{"start":{"line":12,"column":41},"end":{"line":23,"column":1}},"line":12}},"branchMap":{"0":{"loc":{"start":{"line":18,"column":2},"end":{"line":20,"column":3}},"type":"if","locations":[{"start":{"line":18,"column":2},"end":{"line":20,"column":3}},{"start":{},"end":{}}],"line":18}},"s":{"0":0,"1":0,"2":0,"3":0,"4":0,"5":0},"f":{"0":0},"b":{"0":[0,0]}}
,"C:\\Users\\Dell\\Desktop\\project\\MaritimeFlow\\frontend\\src\\components\\ScrollToTop.jsx": {"path":"C:\\Users\\Dell\\Desktop\\project\\MaritimeFlow\\frontend\\src\\components\\ScrollToTop.jsx","statementMap":{"0":{"start":{"line":7,"column":20},"end":{"line":15,"column":1}},"1":{"start":{"line":8,"column":23},"end":{"line":8,"column":36}},"2":{"start":{"line":10,"column":2},"end":{"line":12,"column":16}},"3":{"start":{"line":11,"column":4},"end":{"line":11,"column":51}},"4":{"start":{"line":14,"column":2},"end":{"line":14,"column":13}}},"fnMap":{"0":{"name":"(anonymous_0)","decl":{"start":{"line":7,"column":20},"end":{"line":7,"column":21}},"loc":{"start":{"line":7,"column":26},"end":{"line":15,"column":1}},"line":7},"1":{"name":"(anonymous_1)","decl":{"start":{"line":10,"column":12},"end":{"line":10,"column":13}},"loc":{"start":{"line":10,"column":18},"end":{"line":12,"column":3}},"line":10}},"branchMap":{},"s":{"0":0,"1":0,"2":0,"3":0,"4":0},"f":{"0":0,"1":0},"b":{}}
,"C:\\Users\\Dell\\Desktop\\project\\MaritimeFlow\\frontend\\src\\components\\Security.jsx": {"path":"C:\\Users\\Dell\\Desktop\\project\\MaritimeFlow\\frontend\\src\\components\\Security.jsx","statementMap":{"0":{"start":{"line":5,"column":14},"end":{"line":30,"column":1}},"1":{"start":{"line":32,"column":17},"end":{"line":97,"column":1}},"2":{"start":{"line":33,"column":2},"end":{"line":96,"column":3}},"3":{"start":{"line":55,"column":12},"end":{"line":71,"column":25}},"4":{"start":{"line":84,"column":12},"end":{"line":91,"column":18}}},"fnMap":{"0":{"name":"(anonymous_0)","decl":{"start":{"line":32,"column":17},"end":{"line":32,"column":18}},"loc":{"start":{"line":32,"column":23},"end":{"line":97,"column":1}},"line":32},"1":{"name":"(anonymous_1)","decl":{"start":{"line":54,"column":21},"end":{"line":54,"column":22}},"loc":{"start":{"line":55,"column":12},"end":{"line":71,"column":25}},"line":55},"2":{"name":"(anonymous_2)","decl":{"start":{"line":83,"column":110},"end":{"line":83,"column":111}},"loc":{"start":{"line":84,"column":12},"end":{"line":91,"column":18}},"line":84}},"branchMap":{},"s":{"0":0,"1":0,"2":0,"3":0,"4":0},"f":{"0":0,"1":0,"2":0},"b":{}}
,"C:\\Users\\Dell\\Desktop\\project\\MaritimeFlow\\frontend\\src\\components\\UIComponents.jsx": {"path":"C:\\Users\\Dell\\Desktop\\project\\MaritimeFlow\\frontend\\src\\components\\UIComponents.jsx","statementMap":{"0":{"start":{"line":10,"column":16},"end":{"line":14,"column":3}},"1":{"start":{"line":16,"column":2},"end":{"line":20,"column":3}},"2":{"start":{"line":25,"column":2},"end":{"line":27,"column":3}},"3":{"start":{"line":32,"column":2},"end":{"line":42,"column":3}},"4":{"start":{"line":35,"column":8},"end":{"line":39,"column":14}},"5":{"start":{"line":37,"column":12},"end":{"line":37,"column":56}},"6":{"start":{"line":47,"column":2},"end":{"line":56,"column":3}},"7":{"start":{"line":61,"column":23},"end":{"line":67,"column":3}},"8":{"start":{"line":69,"column":2},"end":{"line":81,"column":3}},"9":{"start":{"line":86,"column":2},"end":{"line":86,"column":26}},"10":{"start":{"line":86,"column":15},"end":{"line":86,"column":26}},"11":{"start":{"line":88,"column":17},"end":{"line":94,"column":3}},"12":{"start":{"line":96,"column":2},"end":{"line":120,"column":3}},"13":{"start":{"line":125,"column":27},"end":{"line":131,"column":3}},"14":{"start":{"line":133,"column":28},"end":{"line":139,"column":3}},"15":{"start":{"line":141,"column":25},"end":{"line":147,"column":3}},"16":{"start":{"line":149,"column":26},"end":{"line":155,"column":3}},"17":{"start":{"line":157,"column":17},"end":{"line":164,"column":3}},"18":{"start":{"line":167,"column":19},"end":{"line":167,"column":30}},"19":{"start":{"line":168,"column":21},"end":{"line":168,"column":26}},"20":{"start":{"line":170,"column":2},"end":{"line":181,"column":3}},"21":{"start":{"line":171,"column":4},"end":{"line":177,"column":5}},"22":{"start":{"line":172,"column":6},"end":{"line":172,"column":59}},"23":{"start":{"line":173,"column":6},"end":{"line":173,"column":54}},"24":{"start":{"line":175,"column":6},"end":{"line":175,"column":58}},"25":{"start":{"line":176,"column":6},"end":{"line":176,"column":53}},"26":{"start":{"line":178,"column":9},"end":{"line":181,"column":3}},"27":{"start":{"line":180,"column":4},"end":{"line":180,"column":45}},"28":{"start":{"line":183,"column":2},"end":{"line":187,"column":3}},"29":{"start":{"line":192,"column":19},"end":{"line":197,"column":3}},"30":{"start":{"line":199,"column":16},"end":{"line":203,"column":3}},"31":{"start":{"line":205,"column":2},"end":{"line":215,"column":3}},"32":{"start":{"line":220,"column":2},"end":{"line":235,"column":3}},"33":{"start":{"line":223,"column":8},"end":{"line":232,"column":14}},"34":{"start":{"line":240,"column":17},"end":{"line":245,"column":3}},"35":{"start":{"line":247,"column":2},"end":{"line":261,"column":3}}},"fnMap":{"0":{"name":"LoadingSpinner","decl":{"start":{"line":9,"column":16},"end":{"line":9,"column":30}},"loc":{"start":{"line":9,"column":48},"end":{"line":21,"column":1}},"line":9},"1":{"name":"Skeleton","decl":{"start":{"line":24,"column":16},"end":{"line":24,"column":24}},"loc":{"start":{"line":24,"column":45},"end":{"line":28,"column":1}},"line":24},"2":{"name":"TableSkeleton","decl":{"start":{"line":31,"column":16},"end":{"line":31,"column":29}},"loc":{"start":{"line":31,"column":57},"end":{"line":43,"column":1}},"line":31},"3":{"name":"(anonymous_3)","decl":{"start":{"line":34,"column":40},"end":{"line":34,"column":41}},"loc":{"start":{"line":35,"column":8},"end":{"line":39,"column":14}},"line":35},"4":{"name":"(anonymous_4)","decl":{"start":{"line":36,"column":47},"end":{"line":36,"column":48}},"loc":{"start":{"line":37,"column":12},"end":{"line":37,"column":56}},"line":37},"5":{"name":"EmptyState","decl":{"start":{"line":46,"column":16},"end":{"line":46,"column":26}},"loc":{"start":{"line":46,"column":78},"end":{"line":57,"column":1}},"line":46},"6":{"name":"StatCard","decl":{"start":{"line":60,"column":16},"end":{"line":60,"column":24}},"loc":{"start":{"line":60,"column":71},"end":{"line":82,"column":1}},"line":60},"7":{"name":"Modal","decl":{"start":{"line":85,"column":16},"end":{"line":85,"column":21}},"loc":{"start":{"line":85,"column":73},"end":{"line":121,"column":1}},"line":85},"8":{"name":"Badge","decl":{"start":{"line":124,"column":16},"end":{"line":124,"column":21}},"loc":{"start":{"line":124,"column":74},"end":{"line":188,"column":1}},"line":124},"9":{"name":"Button","decl":{"start":{"line":191,"column":16},"end":{"line":191,"column":22}},"loc":{"start":{"line":191,"column":98},"end":{"line":216,"column":1}},"line":191},"10":{"name":"Breadcrumb","decl":{"start":{"line":219,"column":16},"end":{"line":219,"column":26}},"loc":{"start":{"line":219,"column":38},"end":{"line":236,"column":1}},"line":219},"11":{"name":"(anonymous_11)","decl":{"start":{"line":222,"column":17},"end":{"line":222,"column":18}},"loc":{"start":{"line":223,"column":8},"end":{"line":232,"column":14}},"line":223},"12":{"name":"Alert","decl":{"start":{"line":239,"column":16},"end":{"line":239,"column":21}},"loc":{"start":{"line":239,"column":73},"end":{"line":262,"column":1}},"line":239}},"branchMap":{"0":{"loc":{"start":{"line":9,"column":33},"end":{"line":9,"column":44}},"type":"default-arg","locations":[{"start":{"line":9,"column":40},"end":{"line":9,"column":44}}],"line":9},"1":{"loc":{"start":{"line":24,"column":27},"end":{"line":24,"column":41}},"type":"default-arg","locations":[{"start":{"line":24,"column":39},"end":{"line":24,"column":41}}],"line":24},"2":{"loc":{"start":{"line":31,"column":32},"end":{"line":31,"column":40}},"type":"default-arg","locations":[{"start":{"line":31,"column":39},"end":{"line":31,"column":40}}],"line":31},"3":{"loc":{"start":{"line":31,"column":42},"end":{"line":31,"column":53}},"type":"default-arg","locations":[{"start":{"line":31,"column":52},"end":{"line":31,"column":53}}],"line":31},"4":{"loc":{"start":{"line":46,"column":61},"end":{"line":46,"column":74}},"type":"default-arg","locations":[{"start":{"line":46,"column":70},"end":{"line":46,"column":74}}],"line":46},"5":{"loc":{"start":{"line":54,"column":7},"end":{"line":54,"column":36}},"type":"binary-expr","locations":[{"start":{"line":54,"column":7},"end":{"line":54,"column":13}},{"start":{"line":54,"column":17},"end":{"line":54,"column":36}}],"line":54},"6":{"loc":{"start":{"line":60,"column":53},"end":{"line":60,"column":67}},"type":"default-arg","locations":[{"start":{"line":60,"column":61},"end":{"line":60,"column":67}}],"line":60},"7":{"loc":{"start":{"line":85,"column":58},"end":{"line":85,"column":69}},"type":"default-arg","locations":[{"start":{"line":85,"column":65},"end":{"line":85,"column":69}}],"line":85},"8":{"loc":{"start":{"line":86,"column":2},"end":{"line":86,"column":26}},"type":"if","locations":[{"start":{"line":86,"column":2},"end":{"line":86,"column":26}},{"start":{},"end":{}}],"line":86},"9":{"loc":{"start":{"line":124,"column":24},"end":{"line":124,"column":36}},"type":"default-arg","locations":[{"start":{"line":124,"column":32},"end":{"line":124,"column":36}}],"line":124},"10":{"loc":{"start":{"line":124,"column":38},"end":{"line":124,"column":51}},"type":"default-arg","locations":[{"start":{"line":124,"column":47},"end":{"line":124,"column":51}}],"line":124},"11":{"loc":{"start":{"line":124,"column":53},"end":{"line":124,"column":70}},"type":"default-arg","locations":[{"start":{"line":124,"column":60},"end":{"line":124,"column":70}}],"line":124},"12":{"loc":{"start":{"line":170,"column":2},"end":{"line":181,"column":3}},"type":"if","locations":[{"start":{"line":170,"column":2},"end":{"line":181,"column":3}},{"start":{"line":178,"column":9},"end":{"line":181,"column":3}}],"line":170},"13":{"loc":{"start":{"line":171,"column":4},"end":{"line":177,"column":5}},"type":"if","locations":[{"start":{"line":171,"column":4},"end":{"line":177,"column":5}},{"start":{"line":174,"column":11},"end":{"line":177,"column":5}}],"line":171},"14":{"loc":{"start":{"line":172,"column":19},"end":{"line":172,"column":59}},"type":"binary-expr","locations":[{"start":{"line":172,"column":19},"end":{"line":172,"column":44}},{"start":{"line":172,"column":48},"end":{"line":172,"column":59}}],"line":172},"15":{"loc":{"start":{"line":173,"column":21},"end":{"line":173,"column":54}},"type":"binary-expr","locations":[{"start":{"line":173,"column":21},"end":{"line":173,"column":44}},{"start":{"line":173,"column":48},"end":{"line":173,"column":54}}],"line":173},"16":{"loc":{"start":{"line":175,"column":19},"end":{"line":175,"column":58}},"type":"binary-expr","locations":[{"start":{"line":175,"column":19},"end":{"line":175,"column":43}},{"start":{"line":175,"column":47},"end":{"line":175,"column":58}}],"line":175},"17":{"loc":{"start":{"line":176,"column":21},"end":{"line":176,"column":53}},"type":"binary-expr","locations":[{"start":{"line":176,"column":21},"end":{"line":176,"column":43}},{"start":{"line":176,"column":47},"end":{"line":176,"column":53}}],"line":176},"18":{"loc":{"start":{"line":178,"column":9},"end":{"line":181,"column":3}},"type":"if","locations":[{"start":{"line":178,"column":9},"end":{"line":181,"column":3}},{"start":{},"end":{}}],"line":178},"19":{"loc":{"start":{"line":178,"column":13},"end":{"line":178,"column":60}},"type":"binary-expr","locations":[{"start":{"line":178,"column":13},"end":{"line":178,"column":18}},{"start":{"line":178,"column":22},"end":{"line":178,"column":60}}],"line":178},"20":{"loc":{"start":{"line":180,"column":17},"end":{"line":180,"column":45}},"type":"binary-expr","locations":[{"start":{"line":180,"column":17},"end":{"line":180,"column":30}},{"start":{"line":180,"column":34},"end":{"line":180,"column":45}}],"line":180},"21":{"loc":{"start":{"line":191,"column":35},"end":{"line":191,"column":54}},"type":"default-arg","locations":[{"start":{"line":191,"column":45},"end":{"line":191,"column":54}}],"line":191},"22":{"loc":{"start":{"line":191,"column":56},"end":{"line":191,"column":67}},"type":"default-arg","locations":[{"start":{"line":191,"column":63},"end":{"line":191,"column":67}}],"line":191},"23":{"loc":{"start":{"line":191,"column":69},"end":{"line":191,"column":84}},"type":"default-arg","locations":[{"start":{"line":191,"column":79},"end":{"line":191,"column":84}}],"line":191},"24":{"loc":{"start":{"line":212,"column":7},"end":{"line":212,"column":61}},"type":"binary-expr","locations":[{"start":{"line":212,"column":7},"end":{"line":212,"column":14}},{"start":{"line":212,"column":18},"end":{"line":212,"column":61}}],"line":212},"25":{"loc":{"start":{"line":224,"column":11},"end":{"line":224,"column":64}},"type":"binary-expr","locations":[{"start":{"line":224,"column":11},"end":{"line":224,"column":20}},{"start":{"line":224,"column":24},"end":{"line":224,"column":64}}],"line":224},"26":{"loc":{"start":{"line":225,"column":11},"end":{"line":231,"column":11}},"type":"cond-expr","locations":[{"start":{"line":226,"column":12},"end":{"line":228,"column":16}},{"start":{"line":230,"column":12},"end":{"line":230,"column":63}}],"line":225},"27":{"loc":{"start":{"line":239,"column":24},"end":{"line":239,"column":37}},"type":"default-arg","locations":[{"start":{"line":239,"column":31},"end":{"line":239,"column":37}}],"line":239},"28":{"loc":{"start":{"line":239,"column":55},"end":{"line":239,"column":69}},"type":"default-arg","locations":[{"start":{"line":239,"column":65},"end":{"line":239,"column":69}}],"line":239},"29":{"loc":{"start":{"line":251,"column":11},"end":{"line":251,"column":67}},"type":"binary-expr","locations":[{"start":{"line":251,"column":11},"end":{"line":251,"column":16}},{"start":{"line":251,"column":20},"end":{"line":251,"column":67}}],"line":251},"30":{"loc":{"start":{"line":252,"column":11},"end":{"line":252,"column":58}},"type":"binary-expr","locations":[{"start":{"line":252,"column":11},"end":{"line":252,"column":18}},{"start":{"line":252,"column":22},"end":{"line":252,"column":58}}],"line":252},"31":{"loc":{"start":{"line":254,"column":9},"end":{"line":258,"column":9}},"type":"binary-expr","locations":[{"start":{"line":254,"column":9},"end":{"line":254,"column":16}},{"start":{"line":255,"column":10},"end":{"line":257,"column":19}}],"line":254}},"s":{"0":0,"1":0,"2":0,"3":0,"4":0,"5":0,"6":0,"7":0,"8":0,"9":0,"10":0,"11":0,"12":0,"13":0,"14":0,"15":0,"16":0,"17":0,"18":0,"19":0,"20":0,"21":0,"22":0,"23":0,"24":0,"25":0,"26":0,"27":0,"28":0,"29":0,"30":0,"31":0,"32":0,"33":0,"34":0,"35":0},"f":{"0":0,"1":0,"2":0,"3":0,"4":0,"5":0,"6":0,"7":0,"8":0,"9":0,"10":0,"11":0,"12":0},"b":{"0":[0],"1":[0],"2":[0],"3":[0],"4":[0],"5":[0,0],"6":[0],"7":[0],"8":[0,0],"9":[0],"10":[0],"11":[0],"12":[0,0],"13":[0,0],"14":[0,0],"15":[0,0],"16":[0,0],"17":[0,0],"18":[0,0],"19":[0,0],"20":[0,0],"21":[0],"22":[0],"23":[0],"24":[0,0],"25":[0,0],"26":[0,0],"27":[0],"28":[0],"29":[0,0],"30":[0,0],"31":[0,0]}}
,"C:\\Users\\Dell\\Desktop\\project\\MaritimeFlow\\frontend\\src\\context\\ToastContext.jsx": {"path":"C:\\Users\\Dell\\Desktop\\project\\MaritimeFlow\\frontend\\src\\context\\ToastContext.jsx","statementMap":{"0":{"start":{"line":9,"column":28},"end":{"line":9,"column":43}},"1":{"start":{"line":12,"column":30},"end":{"line":12,"column":42}},"2":{"start":{"line":14,"column":19},"end":{"line":27,"column":8}},"3":{"start":{"line":15,"column":15},"end":{"line":15,"column":25}},"4":{"start":{"line":16,"column":18},"end":{"line":16,"column":39}},"5":{"start":{"line":18,"column":4},"end":{"line":18,"column":41}},"6":{"start":{"line":18,"column":24},"end":{"line":18,"column":40}},"7":{"start":{"line":20,"column":4},"end":{"line":24,"column":5}},"8":{"start":{"line":21,"column":6},"end":{"line":23,"column":18}},"9":{"start":{"line":22,"column":8},"end":{"line":22,"column":60}},"10":{"start":{"line":22,"column":28},"end":{"line":22,"column":59}},"11":{"start":{"line":22,"column":47},"end":{"line":22,"column":58}},"12":{"start":{"line":26,"column":4},"end":{"line":26,"column":13}},"13":{"start":{"line":29,"column":22},"end":{"line":31,"column":8}},"14":{"start":{"line":30,"column":4},"end":{"line":30,"column":56}},"15":{"start":{"line":30,"column":24},"end":{"line":30,"column":55}},"16":{"start":{"line":30,"column":43},"end":{"line":30,"column":54}},"17":{"start":{"line":33,"column":2},"end":{"line":38,"column":3}},"18":{"start":{"line":42,"column":18},"end":{"line":42,"column":48}},"19":{"start":{"line":43,"column":2},"end":{"line":45,"column":3}},"20":{"start":{"line":44,"column":4},"end":{"line":44,"column":65}},"21":{"start":{"line":46,"column":2},"end":{"line":46,"column":16}},"22":{"start":{"line":50,"column":18},"end":{"line":61,"column":3}},"23":{"start":{"line":51,"column":4},"end":{"line":60,"column":5}},"24":{"start":{"line":53,"column":8},"end":{"line":53,"column":50}},"25":{"start":{"line":55,"column":8},"end":{"line":55,"column":46}},"26":{"start":{"line":57,"column":8},"end":{"line":57,"column":50}},"27":{"start":{"line":59,"column":8},"end":{"line":59,"column":43}},"28":{"start":{"line":63,"column":20},"end":{"line":74,"column":3}},"29":{"start":{"line":64,"column":4},"end":{"line":73,"column":5}},"30":{"start":{"line":66,"column":8},"end":{"line":66,"column":67}},"31":{"start":{"line":68,"column":8},"end":{"line":68,"column":61}},"32":{"start":{"line":70,"column":8},"end":{"line":70,"column":70}},"33":{"start":{"line":72,"column":8},"end":{"line":72,"column":64}},"34":{"start":{"line":76,"column":21},"end":{"line":81,"column":3}},"35":{"start":{"line":83,"column":2},"end":{"line":104,"column":3}},"36":{"start":{"line":86,"column":8},"end":{"line":101,"column":14}},"37":{"start":{"line":96,"column":27},"end":{"line":96,"column":48}}},"fnMap":{"0":{"name":"ToastProvider","decl":{"start":{"line":11,"column":16},"end":{"line":11,"column":29}},"loc":{"start":{"line":11,"column":44},"end":{"line":39,"column":1}},"line":11},"1":{"name":"(anonymous_1)","decl":{"start":{"line":14,"column":31},"end":{"line":14,"column":32}},"loc":{"start":{"line":14,"column":76},"end":{"line":27,"column":3}},"line":14},"2":{"name":"(anonymous_2)","decl":{"start":{"line":18,"column":14},"end":{"line":18,"column":15}},"loc":{"start":{"line":18,"column":24},"end":{"line":18,"column":40}},"line":18},"3":{"name":"(anonymous_3)","decl":{"start":{"line":21,"column":17},"end":{"line":21,"column":18}},"loc":{"start":{"line":21,"column":23},"end":{"line":23,"column":7}},"line":21},"4":{"name":"(anonymous_4)","decl":{"start":{"line":22,"column":18},"end":{"line":22,"column":19}},"loc":{"start":{"line":22,"column":28},"end":{"line":22,"column":59}},"line":22},"5":{"name":"(anonymous_5)","decl":{"start":{"line":22,"column":40},"end":{"line":22,"column":41}},"loc":{"start":{"line":22,"column":47},"end":{"line":22,"column":58}},"line":22},"6":{"name":"(anonymous_6)","decl":{"start":{"line":29,"column":34},"end":{"line":29,"column":35}},"loc":{"start":{"line":29,"column":42},"end":{"line":31,"column":3}},"line":29},"7":{"name":"(anonymous_7)","decl":{"start":{"line":30,"column":14},"end":{"line":30,"column":15}},"loc":{"start":{"line":30,"column":24},"end":{"line":30,"column":55}},"line":30},"8":{"name":"(anonymous_8)","decl":{"start":{"line":30,"column":36},"end":{"line":30,"column":37}},"loc":{"start":{"line":30,"column":43},"end":{"line":30,"column":54}},"line":30},"9":{"name":"useToast","decl":{"start":{"line":41,"column":16},"end":{"line":41,"column":24}},"loc":{"start":{"line":41,"column":27},"end":{"line":47,"column":1}},"line":41},"10":{"name":"ToastContainer","decl":{"start":{"line":49,"column":9},"end":{"line":49,"column":23}},"loc":{"start":{"line":49,"column":49},"end":{"line":105,"column":1}},"line":49},"11":{"name":"(anonymous_11)","decl":{"start":{"line":50,"column":18},"end":{"line":50,"column":19}},"loc":{"start":{"line":50,"column":28},"end":{"line":61,"column":3}},"line":50},"12":{"name":"(anonymous_12)","decl":{"start":{"line":63,"column":20},"end":{"line":63,"column":21}},"loc":{"start":{"line":63,"column":30},"end":{"line":74,"column":3}},"line":63},"13":{"name":"(anonymous_13)","decl":{"start":{"line":85,"column":18},"end":{"line":85,"column":19}},"loc":{"start":{"line":86,"column":8},"end":{"line":101,"column":14}},"line":86},"14":{"name":"(anonymous_14)","decl":{"start":{"line":96,"column":21},"end":{"line":96,"column":22}},"loc":{"start":{"line":96,"column":27},"end":{"line":96,"column":48}},"line":96}},"branchMap":{"0":{"loc":{"start":{"line":14,"column":41},"end":{"line":14,"column":54}},"type":"default-arg","locations":[{"start":{"line":14,"column":48},"end":{"line":14,"column":54}}],"line":14},"1":{"loc":{"start":{"line":14,"column":56},"end":{"line":14,"column":71}},"type":"default-arg","locations":[{"start":{"line":14,"column":67},"end":{"line":14,"column":71}}],"line":14},"2":{"loc":{"start":{"line":20,"column":4},"end":{"line":24,"column":5}},"type":"if","locations":[{"start":{"line":20,"column":4},"end":{"line":24,"column":5}},{"start":{},"end":{}}],"line":20},"3":{"loc":{"start":{"line":43,"column":2},"end":{"line":45,"column":3}},"type":"if","locations":[{"start":{"line":43,"column":2},"end":{"line":45,"column":3}},{"start":{},"end":{}}],"line":43},"4":{"loc":{"start":{"line":51,"column":4},"end":{"line":60,"column":5}},"type":"switch","locations":[{"start":{"line":52,"column":6},"end":{"line":53,"column":50}},{"start":{"line":54,"column":6},"end":{"line":55,"column":46}},{"start":{"line":56,"column":6},"end":{"line":57,"column":50}},{"start":{"line":58,"column":6},"end":{"line":59,"column":43}}],"line":51},"5":{"loc":{"start":{"line":64,"column":4},"end":{"line":73,"column":5}},"type":"switch","locations":[{"start":{"line":65,"column":6},"end":{"line":66,"column":67}},{"start":{"line":67,"column":6},"end":{"line":68,"column":61}},{"start":{"line":69,"column":6},"end":{"line":70,"column":70}},{"start":{"line":71,"column":6},"end":{"line":72,"column":64}}],"line":64}},"s":{"0":0,"1":0,"2":0,"3":0,"4":0,"5":0,"6":0,"7":0,"8":0,"9":0,"10":0,"11":0,"12":0,"13":0,"14":0,"15":0,"16":0,"17":0,"18":0,"19":0,"20":0,"21":0,"22":0,"23":0,"24":0,"25":0,"26":0,"27":0,"28":0,"29":0,"30":0,"31":0,"32":0,"33":0,"34":0,"35":0,"36":0,"37":0},"f":{"0":0,"1":0,"2":0,"3":0,"4":0,"5":0,"6":0,"7":0,"8":0,"9":0,"10":0,"11":0,"12":0,"13":0,"14":0},"b":{"0":[0],"1":[0],"2":[0,0],"3":[0,0],"4":[0,0,0,0],"5":[0,0,0,0]}}
,"C:\\Users\\Dell\\Desktop\\project\\MaritimeFlow\\frontend\\src\\pages\\About.jsx": {"path":"C:\\Users\\Dell\\Desktop\\project\\MaritimeFlow\\frontend\\src\\pages\\About.jsx","statementMap":{"0":{"start":{"line":4,"column":18},"end":{"line":10,"column":1}},"1":{"start":{"line":5,"column":2},"end":{"line":9,"column":3}}},"fnMap":{"0":{"name":"(anonymous_0)","decl":{"start":{"line":4,"column":18},"end":{"line":4,"column":19}},"loc":{"start":{"line":4,"column":24},"end":{"line":10,"column":1}},"line":4}},"branchMap":{},"s":{"0":0,"1":0},"f":{"0":0},"b":{}}
,"C:\\Users\\Dell\\Desktop\\project\\MaritimeFlow\\frontend\\src\\pages\\Contact.jsx": {"path":"C:\\Users\\Dell\\Desktop\\project\\MaritimeFlow\\frontend\\src\\pages\\Contact.jsx","statementMap":{"0":{"start":{"line":4,"column":20},"end":{"line":10,"column":1}},"1":{"start":{"line":5,"column":2},"end":{"line":9,"column":3}}},"fnMap":{"0":{"name":"(anonymous_0)","decl":{"start":{"line":4,"column":20},"end":{"line":4,"column":21}},"loc":{"start":{"line":4,"column":26},"end":{"line":10,"column":1}},"line":4}},"branchMap":{},"s":{"0":0,"1":0},"f":{"0":0},"b":{}}
,"C:\\Users\\Dell\\Desktop\\project\\MaritimeFlow\\frontend\\src\\pages\\Dashboard.jsx": {"path":"C:\\Users\\Dell\\Desktop\\project\\MaritimeFlow\\frontend\\src\\pages\\Dashboard.jsx","statementMap":{"0":{"start":{"line":11,"column":17},"end":{"line":17,"column":1}},"1":{"start":{"line":19,"column":18},"end":{"line":22,"column":1}},"2":{"start":{"line":24,"column":21},"end":{"line":28,"column":1}},"3":{"start":{"line":25,"column":2},"end":{"line":25,"column":39}},"4":{"start":{"line":26,"column":2},"end":{"line":26,"column":38}},"5":{"start":{"line":27,"column":2},"end":{"line":27,"column":33}},"6":{"start":{"line":30,"column":18},"end":{"line":173,"column":1}},"7":{"start":{"line":31,"column":38},"end":{"line":31,"column":58}},"8":{"start":{"line":32,"column":40},"end":{"line":32,"column":55}},"9":{"start":{"line":33,"column":15},"end":{"line":33,"column":68}},"10":{"start":{"line":34,"column":18},"end":{"line":34,"column":39}},"11":{"start":{"line":36,"column":14},"end":{"line":36,"column":62}},"12":{"start":{"line":38,"column":16},"end":{"line":46,"column":3}},"13":{"start":{"line":48,"column":23},"end":{"line":48,"column":79}},"14":{"start":{"line":48,"column":37},"end":{"line":48,"column":56}},"15":{"start":{"line":50,"column":2},"end":{"line":172,"column":3}},"16":{"start":{"line":72,"column":12},"end":{"line":83,"column":21}},"17":{"start":{"line":74,"column":31},"end":{"line":74,"column":49}},"18":{"start":{"line":74,"column":50},"end":{"line":74,"column":71}},"19":{"start":{"line":94,"column":16},"end":{"line":105,"column":25}},"20":{"start":{"line":96,"column":35},"end":{"line":96,"column":53}},"21":{"start":{"line":96,"column":54},"end":{"line":96,"column":75}},"22":{"start":{"line":139,"column":25},"end":{"line":139,"column":46}},"23":{"start":{"line":150,"column":29},"end":{"line":150,"column":52}},"24":{"start":{"line":150,"column":49},"end":{"line":150,"column":51}}},"fnMap":{"0":{"name":"(anonymous_0)","decl":{"start":{"line":24,"column":21},"end":{"line":24,"column":22}},"loc":{"start":{"line":24,"column":27},"end":{"line":28,"column":1}},"line":24},"1":{"name":"(anonymous_1)","decl":{"start":{"line":30,"column":18},"end":{"line":30,"column":19}},"loc":{"start":{"line":30,"column":24},"end":{"line":173,"column":1}},"line":30},"2":{"name":"(anonymous_2)","decl":{"start":{"line":48,"column":32},"end":{"line":48,"column":33}},"loc":{"start":{"line":48,"column":37},"end":{"line":48,"column":56}},"line":48},"3":{"name":"(anonymous_3)","decl":{"start":{"line":71,"column":24},"end":{"line":71,"column":25}},"loc":{"start":{"line":72,"column":12},"end":{"line":83,"column":21}},"line":72},"4":{"name":"(anonymous_4)","decl":{"start":{"line":74,"column":23},"end":{"line":74,"column":24}},"loc":{"start":{"line":74,"column":29},"end":{"line":74,"column":73}},"line":74},"5":{"name":"(anonymous_5)","decl":{"start":{"line":93,"column":29},"end":{"line":93,"column":30}},"loc":{"start":{"line":94,"column":16},"end":{"line":105,"column":25}},"line":94},"6":{"name":"(anonymous_6)","decl":{"start":{"line":96,"column":27},"end":{"line":96,"column":28}},"loc":{"start":{"line":96,"column":33},"end":{"line":96,"column":77}},"line":96},"7":{"name":"(anonymous_7)","decl":{"start":{"line":139,"column":19},"end":{"line":139,"column":20}},"loc":{"start":{"line":139,"column":25},"end":{"line":139,"column":46}},"line":139},"8":{"name":"(anonymous_8)","decl":{"start":{"line":150,"column":23},"end":{"line":150,"column":24}},"loc":{"start":{"line":150,"column":29},"end":{"line":150,"column":52}},"line":150},"9":{"name":"(anonymous_9)","decl":{"start":{"line":150,"column":44},"end":{"line":150,"column":45}},"loc":{"start":{"line":150,"column":49},"end":{"line":150,"column":51}},"line":150}},"branchMap":{"0":{"loc":{"start":{"line":33,"column":26},"end":{"line":33,"column":67}},"type":"binary-expr","locations":[{"start":{"line":33,"column":26},"end":{"line":33,"column":59}},{"start":{"line":33,"column":63},"end":{"line":33,"column":67}}],"line":33},"1":{"loc":{"start":{"line":36,"column":14},"end":{"line":36,"column":62}},"type":"cond-expr","locations":[{"start":{"line":36,"column":24},"end":{"line":36,"column":51}},{"start":{"line":36,"column":54},"end":{"line":36,"column":62}}],"line":36},"2":{"loc":{"start":{"line":48,"column":23},"end":{"line":48,"column":79}},"type":"binary-expr","locations":[{"start":{"line":48,"column":23},"end":{"line":48,"column":64}},{"start":{"line":48,"column":68},"end":{"line":48,"column":79}}],"line":48},"3":{"loc":{"start":{"line":57,"column":27},"end":{"line":57,"column":78}},"type":"cond-expr","locations":[{"start":{"line":57,"column":41},"end":{"line":57,"column":56}},{"start":{"line":57,"column":59},"end":{"line":57,"column":78}}],"line":57},"4":{"loc":{"start":{"line":77,"column":28},"end":{"line":79,"column":80}},"type":"cond-expr","locations":[{"start":{"line":78,"column":30},"end":{"line":78,"column":54}},{"start":{"line":79,"column":30},"end":{"line":79,"column":80}}],"line":77},"5":{"loc":{"start":{"line":86,"column":11},"end":{"line":108,"column":11}},"type":"binary-expr","locations":[{"start":{"line":86,"column":11},"end":{"line":86,"column":18}},{"start":{"line":87,"column":12},"end":{"line":107,"column":15}}],"line":86},"6":{"loc":{"start":{"line":99,"column":32},"end":{"line":101,"column":84}},"type":"cond-expr","locations":[{"start":{"line":100,"column":34},"end":{"line":100,"column":58}},{"start":{"line":101,"column":34},"end":{"line":101,"column":84}}],"line":99},"7":{"loc":{"start":{"line":115,"column":15},"end":{"line":115,"column":56}},"type":"binary-expr","locations":[{"start":{"line":115,"column":15},"end":{"line":115,"column":49}},{"start":{"line":115,"column":53},"end":{"line":115,"column":56}}],"line":115},"8":{"loc":{"start":{"line":118,"column":59},"end":{"line":118,"column":78}},"type":"binary-expr","locations":[{"start":{"line":118,"column":59},"end":{"line":118,"column":68}},{"start":{"line":118,"column":72},"end":{"line":118,"column":78}}],"line":118},"9":{"loc":{"start":{"line":120,"column":17},"end":{"line":120,"column":79}},"type":"cond-expr","locations":[{"start":{"line":120,"column":42},"end":{"line":120,"column":53}},{"start":{"line":120,"column":57},"end":{"line":120,"column":78}}],"line":120},"10":{"loc":{"start":{"line":120,"column":57},"end":{"line":120,"column":78}},"type":"binary-expr","locations":[{"start":{"line":120,"column":57},"end":{"line":120,"column":66}},{"start":{"line":120,"column":70},"end":{"line":120,"column":78}}],"line":120},"11":{"loc":{"start":{"line":136,"column":7},"end":{"line":141,"column":7}},"type":"binary-expr","locations":[{"start":{"line":136,"column":7},"end":{"line":136,"column":18}},{"start":{"line":137,"column":8},"end":{"line":140,"column":10}}],"line":136},"12":{"loc":{"start":{"line":152,"column":15},"end":{"line":152,"column":113}},"type":"cond-expr","locations":[{"start":{"line":152,"column":29},"end":{"line":152,"column":68}},{"start":{"line":152,"column":71},"end":{"line":152,"column":113}}],"line":152},"13":{"loc":{"start":{"line":159,"column":17},"end":{"line":161,"column":44}},"type":"cond-expr","locations":[{"start":{"line":159,"column":44},"end":{"line":159,"column":69}},{"start":{"line":160,"column":17},"end":{"line":161,"column":44}}],"line":159},"14":{"loc":{"start":{"line":160,"column":17},"end":{"line":161,"column":44}},"type":"cond-expr","locations":[{"start":{"line":160,"column":44},"end":{"line":160,"column":72}},{"start":{"line":161,"column":17},"end":{"line":161,"column":44}}],"line":160},"15":{"loc":{"start":{"line":162,"column":15},"end":{"line":162,"column":63}},"type":"cond-expr","locations":[{"start":{"line":162,"column":40},"end":{"line":162,"column":51}},{"start":{"line":162,"column":54},"end":{"line":162,"column":63}}],"line":162}},"s":{"0":0,"1":0,"2":0,"3":0,"4":0,"5":0,"6":0,"7":0,"8":0,"9":0,"10":0,"11":0,"12":0,"13":0,"14":0,"15":0,"16":0,"17":0,"18":0,"19":0,"20":0,"21":0,"22":0,"23":0,"24":0},"f":{"0":0,"1":0,"2":0,"3":0,"4":0,"5":0,"6":0,"7":0,"8":0,"9":0},"b":{"0":[0,0],"1":[0,0],"2":[0,0],"3":[0,0],"4":[0,0],"5":[0,0],"6":[0,0],"7":[0,0],"8":[0,0],"9":[0,0],"10":[0,0],"11":[0,0],"12":[0,0],"13":[0,0],"14":[0,0],"15":[0,0]}}
,"C:\\Users\\Dell\\Desktop\\project\\MaritimeFlow\\frontend\\src\\pages\\Features.jsx": {"path":"C:\\Users\\Dell\\Desktop\\project\\MaritimeFlow\\frontend\\src\\pages\\Features.jsx","statementMap":{"0":{"start":{"line":4,"column":21},"end":{"line":10,"column":1}},"1":{"start":{"line":5,"column":2},"end":{"line":9,"column":3}}},"fnMap":{"0":{"name":"(anonymous_0)","decl":{"start":{"line":4,"column":21},"end":{"line":4,"column":22}},"loc":{"start":{"line":4,"column":27},"end":{"line":10,"column":1}},"line":4}},"branchMap":{},"s":{"0":0,"1":0},"f":{"0":0},"b":{}}
,"C:\\Users\\Dell\\Desktop\\project\\MaritimeFlow\\frontend\\src\\pages\\ForgotPassword.jsx": {"path":"C:\\Users\\Dell\\Desktop\\project\\MaritimeFlow\\frontend\\src\\pages\\ForgotPassword.jsx","statementMap":{"0":{"start":{"line":6,"column":17},"end":{"line":6,"column":23}},"1":{"start":{"line":8,"column":23},"end":{"line":128,"column":1}},"2":{"start":{"line":9,"column":32},"end":{"line":9,"column":44}},"3":{"start":{"line":10,"column":32},"end":{"line":10,"column":47}},"4":{"start":{"line":11,"column":32},"end":{"line":11,"column":44}},"5":{"start":{"line":12,"column":32},"end":{"line":12,"column":47}},"6":{"start":{"line":14,"column":23},"end":{"line":33,"column":3}},"7":{"start":{"line":15,"column":4},"end":{"line":15,"column":22}},"8":{"start":{"line":16,"column":4},"end":{"line":16,"column":79}},"9":{"start":{"line":16,"column":25},"end":{"line":16,"column":70}},"10":{"start":{"line":16,"column":71},"end":{"line":16,"column":77}},"11":{"start":{"line":17,"column":4},"end":{"line":17,"column":20}},"12":{"start":{"line":18,"column":4},"end":{"line":18,"column":16}},"13":{"start":{"line":19,"column":4},"end":{"line":32,"column":5}},"14":{"start":{"line":20,"column":19},"end":{"line":24,"column":8}},"15":{"start":{"line":25,"column":19},"end":{"line":25,"column":35}},"16":{"start":{"line":26,"column":6},"end":{"line":26,"column":74}},"17":{"start":{"line":26,"column":21},"end":{"line":26,"column":65}},"18":{"start":{"line":26,"column":66},"end":{"line":26,"column":72}},"19":{"start":{"line":27,"column":6},"end":{"line":27,"column":19}},"20":{"start":{"line":29,"column":6},"end":{"line":29,"column":75}},"21":{"start":{"line":31,"column":6},"end":{"line":31,"column":23}},"22":{"start":{"line":35,"column":2},"end":{"line":127,"column":3}},"23":{"start":{"line":84,"column":37},"end":{"line":84,"column":62}},"24":{"start":{"line":84,"column":63},"end":{"line":84,"column":75}}},"fnMap":{"0":{"name":"(anonymous_0)","decl":{"start":{"line":8,"column":23},"end":{"line":8,"column":24}},"loc":{"start":{"line":8,"column":29},"end":{"line":128,"column":1}},"line":8},"1":{"name":"(anonymous_1)","decl":{"start":{"line":14,"column":23},"end":{"line":14,"column":24}},"loc":{"start":{"line":14,"column":36},"end":{"line":33,"column":3}},"line":14},"2":{"name":"(anonymous_2)","decl":{"start":{"line":84,"column":30},"end":{"line":84,"column":31}},"loc":{"start":{"line":84,"column":35},"end":{"line":84,"column":77}},"line":84}},"branchMap":{"0":{"loc":{"start":{"line":16,"column":4},"end":{"line":16,"column":79}},"type":"if","locations":[{"start":{"line":16,"column":4},"end":{"line":16,"column":79}},{"start":{},"end":{}}],"line":16},"1":{"loc":{"start":{"line":26,"column":6},"end":{"line":26,"column":74}},"type":"if","locations":[{"start":{"line":26,"column":6},"end":{"line":26,"column":74}},{"start":{},"end":{}}],"line":26},"2":{"loc":{"start":{"line":26,"column":30},"end":{"line":26,"column":63}},"type":"binary-expr","locations":[{"start":{"line":26,"column":30},"end":{"line":26,"column":42}},{"start":{"line":26,"column":46},"end":{"line":26,"column":63}}],"line":26},"3":{"loc":{"start":{"line":56,"column":11},"end":{"line":61,"column":11}},"type":"binary-expr","locations":[{"start":{"line":56,"column":11},"end":{"line":56,"column":16}},{"start":{"line":57,"column":12},"end":{"line":60,"column":18}}],"line":56},"4":{"loc":{"start":{"line":63,"column":11},"end":{"line":110,"column":11}},"type":"cond-expr","locations":[{"start":{"line":64,"column":12},"end":{"line":72,"column":18}},{"start":{"line":74,"column":12},"end":{"line":109,"column":19}}],"line":63},"5":{"loc":{"start":{"line":100,"column":17},"end":{"line":107,"column":17}},"type":"cond-expr","locations":[{"start":{"line":101,"column":18},"end":{"line":101,"column":112}},{"start":{"line":103,"column":18},"end":{"line":106,"column":21}}],"line":100}},"s":{"0":0,"1":0,"2":0,"3":0,"4":0,"5":0,"6":0,"7":0,"8":0,"9":0,"10":0,"11":0,"12":0,"13":0,"14":0,"15":0,"16":0,"17":0,"18":0,"19":0,"20":0,"21":0,"22":0,"23":0,"24":0},"f":{"0":0,"1":0,"2":0},"b":{"0":[0,0],"1":[0,0],"2":[0,0],"3":[0,0],"4":[0,0],"5":[0,0]}}
,"C:\\Users\\Dell\\Desktop\\project\\MaritimeFlow\\frontend\\src\\pages\\FutureFeatures.jsx": {"path":"C:\\Users\\Dell\\Desktop\\project\\MaritimeFlow\\frontend\\src\\pages\\FutureFeatures.jsx","statementMap":{"0":{"start":{"line":4,"column":23},"end":{"line":10,"column":1}},"1":{"start":{"line":5,"column":2},"end":{"line":9,"column":3}}},"fnMap":{"0":{"name":"(anonymous_0)","decl":{"start":{"line":4,"column":23},"end":{"line":4,"column":24}},"loc":{"start":{"line":4,"column":29},"end":{"line":10,"column":1}},"line":4}},"branchMap":{},"s":{"0":0,"1":0},"f":{"0":0},"b":{}}
,"C:\\Users\\Dell\\Desktop\\project\\MaritimeFlow\\frontend\\src\\pages\\LandingPage.jsx": {"path":"C:\\Users\\Dell\\Desktop\\project\\MaritimeFlow\\frontend\\src\\pages\\LandingPage.jsx","statementMap":{"0":{"start":{"line":16,"column":20},"end":{"line":30,"column":1}},"1":{"start":{"line":17,"column":2},"end":{"line":29,"column":3}}},"fnMap":{"0":{"name":"(anonymous_0)","decl":{"start":{"line":16,"column":20},"end":{"line":16,"column":21}},"loc":{"start":{"line":16,"column":26},"end":{"line":30,"column":1}},"line":16}},"branchMap":{},"s":{"0":0,"1":0},"f":{"0":0},"b":{}}
,"C:\\Users\\Dell\\Desktop\\project\\MaritimeFlow\\frontend\\src\\pages\\Login.jsx": {"path":"C:\\Users\\Dell\\Desktop\\project\\MaritimeFlow\\frontend\\src\\pages\\Login.jsx","statementMap":{"0":{"start":{"line":6,"column":17},"end":{"line":6,"column":23}},"1":{"start":{"line":8,"column":14},"end":{"line":174,"column":1}},"2":{"start":{"line":9,"column":19},"end":{"line":9,"column":32}},"3":{"start":{"line":10,"column":19},"end":{"line":10,"column":32}},"4":{"start":{"line":11,"column":15},"end":{"line":11,"column":61}},"5":{"start":{"line":13,"column":26},"end":{"line":13,"column":63}},"6":{"start":{"line":14,"column":42},"end":{"line":14,"column":57}},"7":{"start":{"line":15,"column":28},"end":{"line":15,"column":40}},"8":{"start":{"line":16,"column":32},"end":{"line":16,"column":47}},"9":{"start":{"line":18,"column":23},"end":{"line":21,"column":3}},"10":{"start":{"line":19,"column":4},"end":{"line":19,"column":69}},"11":{"start":{"line":19,"column":23},"end":{"line":19,"column":67}},"12":{"start":{"line":20,"column":4},"end":{"line":20,"column":16}},"13":{"start":{"line":23,"column":23},"end":{"line":49,"column":3}},"14":{"start":{"line":24,"column":4},"end":{"line":24,"column":22}},"15":{"start":{"line":25,"column":4},"end":{"line":28,"column":5}},"16":{"start":{"line":26,"column":6},"end":{"line":26,"column":44}},"17":{"start":{"line":27,"column":6},"end":{"line":27,"column":12}},"18":{"start":{"line":29,"column":4},"end":{"line":29,"column":20}},"19":{"start":{"line":30,"column":4},"end":{"line":48,"column":5}},"20":{"start":{"line":31,"column":18},"end":{"line":35,"column":8}},"21":{"start":{"line":36,"column":19},"end":{"line":36,"column":35}},"22":{"start":{"line":37,"column":6},"end":{"line":40,"column":7}},"23":{"start":{"line":38,"column":8},"end":{"line":38,"column":67}},"24":{"start":{"line":39,"column":8},"end":{"line":39,"column":14}},"25":{"start":{"line":41,"column":6},"end":{"line":41,"column":52}},"26":{"start":{"line":42,"column":6},"end":{"line":42,"column":66}},"27":{"start":{"line":43,"column":6},"end":{"line":43,"column":39}},"28":{"start":{"line":45,"column":6},"end":{"line":45,"column":75}},"29":{"start":{"line":47,"column":6},"end":{"line":47,"column":23}},"30":{"start":{"line":51,"column":2},"end":{"line":173,"column":3}},"31":{"start":{"line":120,"column":33},"end":{"line":120,"column":63}}},"fnMap":{"0":{"name":"(anonymous_0)","decl":{"start":{"line":8,"column":14},"end":{"line":8,"column":15}},"loc":{"start":{"line":8,"column":20},"end":{"line":174,"column":1}},"line":8},"1":{"name":"(anonymous_1)","decl":{"start":{"line":18,"column":23},"end":{"line":18,"column":24}},"loc":{"start":{"line":18,"column":30},"end":{"line":21,"column":3}},"line":18},"2":{"name":"(anonymous_2)","decl":{"start":{"line":19,"column":12},"end":{"line":19,"column":13}},"loc":{"start":{"line":19,"column":23},"end":{"line":19,"column":67}},"line":19},"3":{"name":"(anonymous_3)","decl":{"start":{"line":23,"column":23},"end":{"line":23,"column":24}},"loc":{"start":{"line":23,"column":36},"end":{"line":49,"column":3}},"line":23},"4":{"name":"(anonymous_4)","decl":{"start":{"line":120,"column":27},"end":{"line":120,"column":28}},"loc":{"start":{"line":120,"column":33},"end":{"line":120,"column":63}},"line":120}},"branchMap":{"0":{"loc":{"start":{"line":11,"column":15},"end":{"line":11,"column":61}},"type":"binary-expr","locations":[{"start":{"line":11,"column":15},"end":{"line":11,"column":45}},{"start":{"line":11,"column":49},"end":{"line":11,"column":61}}],"line":11},"1":{"loc":{"start":{"line":25,"column":4},"end":{"line":28,"column":5}},"type":"if","locations":[{"start":{"line":25,"column":4},"end":{"line":28,"column":5}},{"start":{},"end":{}}],"line":25},"2":{"loc":{"start":{"line":25,"column":8},"end":{"line":25,"column":37}},"type":"binary-expr","locations":[{"start":{"line":25,"column":8},"end":{"line":25,"column":19}},{"start":{"line":25,"column":23},"end":{"line":25,"column":37}}],"line":25},"3":{"loc":{"start":{"line":37,"column":6},"end":{"line":40,"column":7}},"type":"if","locations":[{"start":{"line":37,"column":6},"end":{"line":40,"column":7}},{"start":{},"end":{}}],"line":37},"4":{"loc":{"start":{"line":38,"column":17},"end":{"line":38,"column":66}},"type":"binary-expr","locations":[{"start":{"line":38,"column":17},"end":{"line":38,"column":29}},{"start":{"line":38,"column":33},"end":{"line":38,"column":66}}],"line":38},"5":{"loc":{"start":{"line":72,"column":11},"end":{"line":77,"column":11}},"type":"binary-expr","locations":[{"start":{"line":72,"column":11},"end":{"line":72,"column":16}},{"start":{"line":73,"column":12},"end":{"line":76,"column":18}}],"line":72},"6":{"loc":{"start":{"line":109,"column":24},"end":{"line":109,"column":58}},"type":"cond-expr","locations":[{"start":{"line":109,"column":39},"end":{"line":109,"column":45}},{"start":{"line":109,"column":48},"end":{"line":109,"column":58}}],"line":109},"7":{"loc":{"start":{"line":124,"column":19},"end":{"line":124,"column":94}},"type":"cond-expr","locations":[{"start":{"line":124,"column":34},"end":{"line":124,"column":64}},{"start":{"line":124,"column":67},"end":{"line":124,"column":94}}],"line":124},"8":{"loc":{"start":{"line":144,"column":15},"end":{"line":152,"column":15}},"type":"cond-expr","locations":[{"start":{"line":145,"column":16},"end":{"line":146,"column":62}},{"start":{"line":148,"column":16},"end":{"line":151,"column":19}}],"line":144}},"s":{"0":0,"1":0,"2":0,"3":0,"4":0,"5":0,"6":0,"7":0,"8":0,"9":0,"10":0,"11":0,"12":0,"13":0,"14":0,"15":0,"16":0,"17":0,"18":0,"19":0,"20":0,"21":0,"22":0,"23":0,"24":0,"25":0,"26":0,"27":0,"28":0,"29":0,"30":0,"31":0},"f":{"0":0,"1":0,"2":0,"3":0,"4":0},"b":{"0":[0,0],"1":[0,0],"2":[0,0],"3":[0,0],"4":[0,0],"5":[0,0],"6":[0,0],"7":[0,0],"8":[0,0]}}
,"C:\\Users\\Dell\\Desktop\\project\\MaritimeFlow\\frontend\\src\\pages\\Register.jsx": {"path":"C:\\Users\\Dell\\Desktop\\project\\MaritimeFlow\\frontend\\src\\pages\\Register.jsx","statementMap":{"0":{"start":{"line":6,"column":17},"end":{"line":6,"column":23}},"1":{"start":{"line":8,"column":14},"end":{"line":11,"column":1}},"2":{"start":{"line":13,"column":17},"end":{"line":243,"column":1}},"3":{"start":{"line":14,"column":19},"end":{"line":14,"column":32}},"4":{"start":{"line":16,"column":26},"end":{"line":22,"column":4}},"5":{"start":{"line":23,"column":42},"end":{"line":23,"column":57}},"6":{"start":{"line":24,"column":32},"end":{"line":24,"column":44}},"7":{"start":{"line":25,"column":32},"end":{"line":25,"column":44}},"8":{"start":{"line":26,"column":32},"end":{"line":26,"column":47}},"9":{"start":{"line":28,"column":23},"end":{"line":32,"column":3}},"10":{"start":{"line":29,"column":4},"end":{"line":29,"column":69}},"11":{"start":{"line":29,"column":23},"end":{"line":29,"column":67}},"12":{"start":{"line":30,"column":4},"end":{"line":30,"column":16}},"13":{"start":{"line":31,"column":4},"end":{"line":31,"column":18}},"14":{"start":{"line":34,"column":23},"end":{"line":65,"column":3}},"15":{"start":{"line":35,"column":4},"end":{"line":35,"column":22}},"16":{"start":{"line":37,"column":4},"end":{"line":40,"column":5}},"17":{"start":{"line":38,"column":6},"end":{"line":38,"column":42}},"18":{"start":{"line":39,"column":6},"end":{"line":39,"column":12}},"19":{"start":{"line":41,"column":4},"end":{"line":44,"column":5}},"20":{"start":{"line":42,"column":6},"end":{"line":42,"column":57}},"21":{"start":{"line":43,"column":6},"end":{"line":43,"column":12}},"22":{"start":{"line":46,"column":4},"end":{"line":46,"column":20}},"23":{"start":{"line":47,"column":4},"end":{"line":64,"column":5}},"24":{"start":{"line":48,"column":18},"end":{"line":52,"column":8}},"25":{"start":{"line":53,"column":19},"end":{"line":53,"column":35}},"26":{"start":{"line":54,"column":6},"end":{"line":57,"column":7}},"27":{"start":{"line":55,"column":8},"end":{"line":55,"column":74}},"28":{"start":{"line":56,"column":8},"end":{"line":56,"column":14}},"29":{"start":{"line":58,"column":6},"end":{"line":58,"column":71}},"30":{"start":{"line":59,"column":6},"end":{"line":59,"column":48}},"31":{"start":{"line":59,"column":23},"end":{"line":59,"column":41}},"32":{"start":{"line":61,"column":6},"end":{"line":61,"column":75}},"33":{"start":{"line":63,"column":6},"end":{"line":63,"column":23}},"34":{"start":{"line":67,"column":2},"end":{"line":242,"column":3}},"35":{"start":{"line":184,"column":33},"end":{"line":184,"column":63}},"36":{"start":{"line":207,"column":18},"end":{"line":207,"column":74}}},"fnMap":{"0":{"name":"(anonymous_0)","decl":{"start":{"line":13,"column":17},"end":{"line":13,"column":18}},"loc":{"start":{"line":13,"column":23},"end":{"line":243,"column":1}},"line":13},"1":{"name":"(anonymous_1)","decl":{"start":{"line":28,"column":23},"end":{"line":28,"column":24}},"loc":{"start":{"line":28,"column":30},"end":{"line":32,"column":3}},"line":28},"2":{"name":"(anonymous_2)","decl":{"start":{"line":29,"column":12},"end":{"line":29,"column":13}},"loc":{"start":{"line":29,"column":23},"end":{"line":29,"column":67}},"line":29},"3":{"name":"(anonymous_3)","decl":{"start":{"line":34,"column":23},"end":{"line":34,"column":24}},"loc":{"start":{"line":34,"column":36},"end":{"line":65,"column":3}},"line":34},"4":{"name":"(anonymous_4)","decl":{"start":{"line":59,"column":17},"end":{"line":59,"column":18}},"loc":{"start":{"line":59,"column":23},"end":{"line":59,"column":41}},"line":59},"5":{"name":"(anonymous_5)","decl":{"start":{"line":184,"column":27},"end":{"line":184,"column":28}},"loc":{"start":{"line":184,"column":33},"end":{"line":184,"column":63}},"line":184},"6":{"name":"(anonymous_6)","decl":{"start":{"line":206,"column":27},"end":{"line":206,"column":28}},"loc":{"start":{"line":207,"column":18},"end":{"line":207,"column":74}},"line":207}},"branchMap":{"0":{"loc":{"start":{"line":37,"column":4},"end":{"line":40,"column":5}},"type":"if","locations":[{"start":{"line":37,"column":4},"end":{"line":40,"column":5}},{"start":{},"end":{}}],"line":37},"1":{"loc":{"start":{"line":37,"column":8},"end":{"line":37,"column":69}},"type":"binary-expr","locations":[{"start":{"line":37,"column":8},"end":{"line":37,"column":18}},{"start":{"line":37,"column":22},"end":{"line":37,"column":33}},{"start":{"line":37,"column":37},"end":{"line":37,"column":51}},{"start":{"line":37,"column":55},"end":{"line":37,"column":69}}],"line":37},"2":{"loc":{"start":{"line":41,"column":4},"end":{"line":44,"column":5}},"type":"if","locations":[{"start":{"line":41,"column":4},"end":{"line":44,"column":5}},{"start":{},"end":{}}],"line":41},"3":{"loc":{"start":{"line":54,"column":6},"end":{"line":57,"column":7}},"type":"if","locations":[{"start":{"line":54,"column":6},"end":{"line":57,"column":7}},{"start":{},"end":{}}],"line":54},"4":{"loc":{"start":{"line":55,"column":17},"end":{"line":55,"column":73}},"type":"binary-expr","locations":[{"start":{"line":55,"column":17},"end":{"line":55,"column":29}},{"start":{"line":55,"column":33},"end":{"line":55,"column":73}}],"line":55},"5":{"loc":{"start":{"line":88,"column":11},"end":{"line":93,"column":11}},"type":"binary-expr","locations":[{"start":{"line":88,"column":11},"end":{"line":88,"column":16}},{"start":{"line":89,"column":12},"end":{"line":92,"column":18}}],"line":88},"6":{"loc":{"start":{"line":96,"column":11},"end":{"line":101,"column":11}},"type":"binary-expr","locations":[{"start":{"line":96,"column":11},"end":{"line":96,"column":18}},{"start":{"line":97,"column":12},"end":{"line":100,"column":18}}],"line":96},"7":{"loc":{"start":{"line":173,"column":24},"end":{"line":173,"column":58}},"type":"cond-expr","locations":[{"start":{"line":173,"column":39},"end":{"line":173,"column":45}},{"start":{"line":173,"column":48},"end":{"line":173,"column":58}}],"line":173},"8":{"loc":{"start":{"line":188,"column":19},"end":{"line":188,"column":94}},"type":"cond-expr","locations":[{"start":{"line":188,"column":34},"end":{"line":188,"column":64}},{"start":{"line":188,"column":67},"end":{"line":188,"column":94}}],"line":188},"9":{"loc":{"start":{"line":220,"column":15},"end":{"line":228,"column":15}},"type":"cond-expr","locations":[{"start":{"line":221,"column":16},"end":{"line":222,"column":62}},{"start":{"line":224,"column":16},"end":{"line":227,"column":19}}],"line":220}},"s":{"0":0,"1":0,"2":0,"3":0,"4":0,"5":0,"6":0,"7":0,"8":0,"9":0,"10":0,"11":0,"12":0,"13":0,"14":0,"15":0,"16":0,"17":0,"18":0,"19":0,"20":0,"21":0,"22":0,"23":0,"24":0,"25":0,"26":0,"27":0,"28":0,"29":0,"30":0,"31":0,"32":0,"33":0,"34":0,"35":0,"36":0},"f":{"0":0,"1":0,"2":0,"3":0,"4":0,"5":0,"6":0},"b":{"0":[0,0],"1":[0,0,0,0],"2":[0,0],"3":[0,0],"4":[0,0],"5":[0,0],"6":[0,0],"7":[0,0],"8":[0,0],"9":[0,0]}}
,"C:\\Users\\Dell\\Desktop\\project\\MaritimeFlow\\frontend\\src\\pages\\ResetPassword.jsx": {"path":"C:\\Users\\Dell\\Desktop\\project\\MaritimeFlow\\frontend\\src\\pages\\ResetPassword.jsx","statementMap":{"0":{"start":{"line":6,"column":17},"end":{"line":6,"column":23}},"1":{"start":{"line":8,"column":22},"end":{"line":176,"column":1}},"2":{"start":{"line":9,"column":19},"end":{"line":9,"column":32}},"3":{"start":{"line":10,"column":25},"end":{"line":10,"column":42}},"4":{"start":{"line":12,"column":42},"end":{"line":12,"column":83}},"5":{"start":{"line":13,"column":42},"end":{"line":13,"column":54}},"6":{"start":{"line":14,"column":42},"end":{"line":14,"column":54}},"7":{"start":{"line":15,"column":42},"end":{"line":15,"column":57}},"8":{"start":{"line":16,"column":42},"end":{"line":16,"column":57}},"9":{"start":{"line":17,"column":42},"end":{"line":17,"column":54}},"10":{"start":{"line":18,"column":42},"end":{"line":18,"column":57}},"11":{"start":{"line":20,"column":23},"end":{"line":44,"column":3}},"12":{"start":{"line":21,"column":4},"end":{"line":21,"column":22}},"13":{"start":{"line":22,"column":4},"end":{"line":22,"column":71}},"14":{"start":{"line":22,"column":25},"end":{"line":22,"column":62}},"15":{"start":{"line":22,"column":63},"end":{"line":22,"column":69}},"16":{"start":{"line":23,"column":4},"end":{"line":23,"column":75}},"17":{"start":{"line":23,"column":25},"end":{"line":23,"column":66}},"18":{"start":{"line":23,"column":67},"end":{"line":23,"column":73}},"19":{"start":{"line":24,"column":4},"end":{"line":24,"column":92}},"20":{"start":{"line":24,"column":31},"end":{"line":24,"column":83}},"21":{"start":{"line":24,"column":84},"end":{"line":24,"column":90}},"22":{"start":{"line":25,"column":4},"end":{"line":25,"column":77}},"23":{"start":{"line":25,"column":32},"end":{"line":25,"column":68}},"24":{"start":{"line":25,"column":69},"end":{"line":25,"column":75}},"25":{"start":{"line":27,"column":4},"end":{"line":27,"column":20}},"26":{"start":{"line":28,"column":4},"end":{"line":28,"column":16}},"27":{"start":{"line":29,"column":4},"end":{"line":43,"column":5}},"28":{"start":{"line":30,"column":19},"end":{"line":34,"column":8}},"29":{"start":{"line":35,"column":19},"end":{"line":35,"column":35}},"30":{"start":{"line":36,"column":6},"end":{"line":36,"column":72}},"31":{"start":{"line":36,"column":21},"end":{"line":36,"column":63}},"32":{"start":{"line":36,"column":64},"end":{"line":36,"column":70}},"33":{"start":{"line":37,"column":6},"end":{"line":37,"column":22}},"34":{"start":{"line":38,"column":6},"end":{"line":38,"column":48}},"35":{"start":{"line":38,"column":23},"end"
[...]
:24},"end":{"line":94,"column":65}},"45":{"start":{"line":99,"column":16},"end":{"line":99,"column":39}},"46":{"start":{"line":100,"column":17},"end":{"line":100,"column":46}},"47":{"start":{"line":101,"column":22},"end":{"line":101,"column":52}},"48":{"start":{"line":102,"column":26},"end":{"line":102,"column":61}},"49":{"start":{"line":103,"column":20},"end":{"line":103,"column":52}},"50":{"start":{"line":108,"column":16},"end":{"line":108,"column":41}},"51":{"start":{"line":109,"column":22},"end":{"line":109,"column":54}},"52":{"start":{"line":110,"column":20},"end":{"line":110,"column":54}}},"fnMap":{"0":{"name":"(anonymous_0)","decl":{"start":{"line":17,"column":35},"end":{"line":17,"column":36}},"loc":{"start":{"line":17,"column":47},"end":{"line":23,"column":1}},"line":17},"1":{"name":"(anonymous_1)","decl":{"start":{"line":27,"column":2},"end":{"line":27,"column":3}},"loc":{"start":{"line":27,"column":16},"end":{"line":27,"column":24}},"line":27},"2":{"name":"(anonymous_2)","decl":{"start":{"line":28,"column":2},"end":{"line":28,"column":3}},"loc":{"start":{"line":28,"column":13},"end":{"line":35,"column":3}},"line":28},"3":{"name":"(anonymous_3)","decl":{"start":{"line":42,"column":11},"end":{"line":42,"column":12}},"loc":{"start":{"line":42,"column":28},"end":{"line":42,"column":70}},"line":42},"4":{"name":"(anonymous_4)","decl":{"start":{"line":43,"column":14},"end":{"line":43,"column":15}},"loc":{"start":{"line":43,"column":24},"end":{"line":43,"column":62}},"line":43},"5":{"name":"(anonymous_5)","decl":{"start":{"line":44,"column":20},"end":{"line":44,"column":21}},"loc":{"start":{"line":44,"column":31},"end":{"line":44,"column":81}},"line":44},"6":{"name":"(anonymous_6)","decl":{"start":{"line":45,"column":19},"end":{"line":45,"column":20}},"loc":{"start":{"line":45,"column":40},"end":{"line":45,"column":99}},"line":45},"7":{"name":"(anonymous_7)","decl":{"start":{"line":46,"column":20},"end":{"line":46,"column":21}},"loc":{"start":{"line":46,"column":30},"end":{"line":46,"column":75}},"line":46},"8":{"name":"(anonymous_8)","decl":{"start":{"line":51,"column":10},"end":{"line":51,"column":11}},"loc":{"start":{"line":51,"column":22},"end":{"line":51,"column":61}},"line":51},"9":{"name":"(anonymous_9)","decl":{"start":{"line":52,"column":9},"end":{"line":52,"column":10}},"loc":{"start":{"line":52,"column":17},"end":{"line":52,"column":50}},"line":52},"10":{"name":"(anonymous_10)","decl":{"start":{"line":53,"column":12},"end":{"line":53,"column":13}},"loc":{"start":{"line":53,"column":22},"end":{"line":53,"column":56}},"line":53},"11":{"name":"(anonymous_11)","decl":{"start":{"line":54,"column":12},"end":{"line":54,"column":13}},"loc":{"start":{"line":54,"column":26},"end":{"line":54,"column":65}},"line":54},"12":{"name":"(anonymous_12)","decl":{"start":{"line":55,"column":12},"end":{"line":55,"column":13}},"loc":{"start":{"line":55,"column":20},"end":{"line":55,"column":56}},"line":55},"13":{"name":"(anonymous_13)","decl":{"start":{"line":60,"column":10},"end":{"line":60,"column":11}},"loc":{"start":{"line":60,"column":22},"end":{"line":60,"column":62}},"line":60},"14":{"name":"(anonymous_14)","decl":{"start":{"line":61,"column":9},"end":{"line":61,"column":10}},"loc":{"start":{"line":61,"column":17},"end":{"line":61,"column":51}},"line":61},"15":{"name":"(anonymous_15)","decl":{"start":{"line":62,"column":12},"end":{"line":62,"column":13}},"loc":{"start":{"line":62,"column":22},"end":{"line":62,"column":57}},"line":62},"16":{"name":"(anonymous_16)","decl":{"start":{"line":63,"column":12},"end":{"line":63,"column":13}},"loc":{"start":{"line":63,"column":26},"end":{"line":63,"column":66}},"line":63},"17":{"name":"(anonymous_17)","decl":{"start":{"line":64,"column":12},"end":{"line":64,"column":13}},"loc":{"start":{"line":64,"column":20},"end":{"line":64,"column":57}},"line":64},"18":{"name":"(anonymous_18)","decl":{"start":{"line":65,"column":16},"end":{"line":65,"column":17}},"loc":{"start":{"line":65,"column":24},"end":{"line":65,"column":66}},"line":65},"19":{"name":"(anonymous_19)","decl":{"start":{"line":70,"column":10},"end":{"line":70,"column":11}},"loc":{"start":{"line":70,"column":16},"end":{"line":70,"column":43}},"line":70},"20":{"name":"(anonymous_20)","decl":{"start":{"line":71,"column":9},"end":{"line":71,"column":10}},"loc":{"start":{"line":71,"column":17},"end":{"line":71,"column":50}},"line":71},"21":{"name":"(anonymous_21)","decl":{"start":{"line":72,"column":12},"end":{"line":72,"column":13}},"loc":{"start":{"line":72,"column":22},"end":{"line":72,"column":56}},"line":72},"22":{"name":"(anonymous_22)","decl":{"start":{"line":73,"column":12},"end":{"line":73,"column":13}},"loc":{"start":{"line":74,"column":6},"end":{"line":76,"column":8}},"line":74},"23":{"name":"(anonymous_23)","decl":{"start":{"line":77,"column":12},"end":{"line":77,"column":13}},"loc":{"start":{"line":77,"column":26},"end":{"line":77,"column":65}},"line":77},"24":{"name":"(anonymous_24)","decl":{"start":{"line":78,"column":12},"end":{"line":78,"column":13}},"loc":{"start":{"line":78,"column":20},"end":{"line":78,"column":56}},"line":78},"25":{"name":"(anonymous_25)","decl":{"start":{"line":83,"column":10},"end":{"line":83,"column":11}},"loc":{"start":{"line":83,"column":22},"end":{"line":83,"column":59}},"line":83},"26":{"name":"(anonymous_26)","decl":{"start":{"line":84,"column":9},"end":{"line":84,"column":10}},"loc":{"start":{"line":84,"column":17},"end":{"line":84,"column":48}},"line":84},"27":{"name":"(anonymous_27)","decl":{"start":{"line":85,"column":12},"end":{"line":85,"column":13}},"loc":{"start":{"line":85,"column":22},"end":{"line":85,"column":54}},"line":85},"28":{"name":"(anonymous_28)","decl":{"start":{"line":86,"column":12},"end":{"line":86,"column":13}},"loc":{"start":{"line":86,"column":20},"end":{"line":86,"column":54}},"line":86},"29":{"name":"(anonymous_29)","decl":{"start":{"line":91,"column":11},"end":{"line":91,"column":12}},"loc":{"start":{"line":91,"column":17},"end":{"line":91,"column":50}},"line":91},"30":{"name":"(anonymous_30)","decl":{"start":{"line":92,"column":12},"end":{"line":92,"column":13}},"loc":{"start":{"line":92,"column":18},"end":{"line":92,"column":61}},"line":92},"31":{"name":"(anonymous_31)","decl":{"start":{"line":93,"column":20},"end":{"line":93,"column":21}},"loc":{"start":{"line":93,"column":26},"end":{"line":93,"column":69}},"line":93},"32":{"name":"(anonymous_32)","decl":{"start":{"line":94,"column":18},"end":{"line":94,"column":19}},"loc":{"start":{"line":94,"column":24},"end":{"line":94,"column":65}},"line":94},"33":{"name":"(anonymous_33)","decl":{"start":{"line":99,"column":10},"end":{"line":99,"column":11}},"loc":{"start":{"line":99,"column":16},"end":{"line":99,"column":39}},"line":99},"34":{"name":"(anonymous_34)","decl":{"start":{"line":100,"column":9},"end":{"line":100,"column":10}},"loc":{"start":{"line":100,"column":17},"end":{"line":100,"column":46}},"line":100},"35":{"name":"(anonymous_35)","decl":{"start":{"line":101,"column":12},"end":{"line":101,"column":13}},"loc":{"start":{"line":101,"column":22},"end":{"line":101,"column":52}},"line":101},"36":{"name":"(anonymous_36)","decl":{"start":{"line":102,"column":12},"end":{"line":102,"column":13}},"loc":{"start":{"line":102,"column":26},"end":{"line":102,"column":61}},"line":102},"37":{"name":"(anonymous_37)","decl":{"start":{"line":103,"column":12},"end":{"line":103,"column":13}},"loc":{"start":{"line":103,"column":20},"end":{"line":103,"column":52}},"line":103},"38":{"name":"(anonymous_38)","decl":{"start":{"line":108,"column":10},"end":{"line":108,"column":11}},"loc":{"start":{"line":108,"column":16},"end":{"line":108,"column":41}},"line":108},"39":{"name":"(anonymous_39)","decl":{"start":{"line":109,"column":12},"end":{"line":109,"column":13}},"loc":{"start":{"line":109,"column":22},"end":{"line":109,"column":54}},"line":109},"40":{"name":"(anonymous_40)","decl":{"start":{"line":110,"column":12},"end":{"line":110,"column":13}},"loc":{"start":{"line":110,"column":20},"end":{"line":110,"column":54}},"line":110}},"branchMap":{"0":{"loc":{"start":{"line":19,"column":2},"end":{"line":21,"column":3}},"type":"if","locations":[{"start":{"line":19,"column":2},"end":{"line":21,"column":3}},{"start":{},"end":{}}],"line":19},"1":{"loc":{"start":{"line":29,"column":4},"end":{"line":33,"column":5}},"type":"if","locations":[{"start":{"line":29,"column":4},"end":{"line":33,"column":5}},{"start":{},"end":{}}],"line":29}},"s":{"0":0,"1":0,"2":0,"3":0,"4":0,"5":0,"6":0,"7":0,"8":0,"9":0,"10":0,"11":0,"12":0,"13":0,"14":0,"15":0,"16":0,"17":0,"18":0,"19":0,"20":0,"21":0,"22":0,"23":0,"24":0,"25":0,"26":0,"27":0,"28":0,"29":0,"30":0,"31":0,"32":0,"33":0,"34":0,"35":0,"36":0,"37":0,"38":0,"39":0,"40":0,"41":0,"42":0,"43":0,"44":0,"45":0,"46":0,"47":0,"48":0,"49":0,"50":0,"51":0,"52":0},"f":{"0":0,"1":0,"2":0,"3":0,"4":0,"5":0,"6":0,"7":0,"8":0,"9":0,"10":0,"11":0,"12":0,"13":0,"14":0,"15":0,"16":0,"17":0,"18":0,"19":0,"20":0,"21":0,"22":0,"23":0,"24":0,"25":0,"26":0,"27":0,"28":0,"29":0,"30":0,"31":0,"32":0,"33":0,"34":0,"35":0,"36":0,"37":0,"38":0,"39":0,"40":0},"b":{"0":[0,0],"1":[0,0]}}
,"C:\\Users\\Dell\\Desktop\\project\\MaritimeFlow\\frontend\\src\\utils\\helpers.js": {"path":"C:\\Users\\Dell\\Desktop\\project\\MaritimeFlow\\frontend\\src\\utils\\helpers.js","statementMap":{"0":{"start":{"line":5,"column":26},"end":{"line":8,"column":1}},"1":{"start":{"line":6,"column":2},"end":{"line":6,"column":31}},"2":{"start":{"line":6,"column":19},"end":{"line":6,"column":31}},"3":{"start":{"line":7,"column":2},"end":{"line":7,"column":50}},"4":{"start":{"line":10,"column":30},"end":{"line":13,"column":1}},"5":{"start":{"line":11,"column":2},"end":{"line":11,"column":31}},"6":{"start":{"line":11,"column":19},"end":{"line":11,"column":31}},"7":{"start":{"line":12,"column":2},"end":{"line":12,"column":46}},"8":{"start":{"line":15,"column":30},"end":{"line":39,"column":1}},"9":{"start":{"line":16,"column":2},"end":{"line":25,"column":3}},"10":{"start":{"line":17,"column":19},"end":{"line":23,"column":5}},"11":{"start":{"line":24,"column":4},"end":{"line":24,"column":56}},"12":{"start":{"line":27,"column":2},"end":{"line":36,"column":3}},"13":{"start":{"line":28,"column":19},"end":{"line":34,"column":5}},"14":{"start":{"line":35,"column":4},"end":{"line":35,"column":56}},"15":{"start":{"line":38,"column":2},"end":{"line":38,"column":36}},"16":{"start":{"line":41,"column":30},"end":{"line":58,"column":1}},"17":{"start":{"line":42,"column":17},"end":{"line":56,"column":3}},"18":{"start":{"line":57,"column":2},"end":{"line":57,"column":113}},"19":{"start":{"line":60,"column":27},"end":{"line":89,"column":1}},"20":{"start":{"line":61,"column":2},"end":{"line":64,"column":3}},"21":{"start":{"line":62,"column":4},"end":{"line":62,"column":38}},"22":{"start":{"line":63,"column":4},"end":{"line":63,"column":10}},"23":{"start":{"line":66,"column":18},"end":{"line":66,"column":38}},"24":{"start":{"line":67,"column":21},"end":{"line":80,"column":14}},"25":{"start":{"line":70,"column":6},"end":{"line":78,"column":18}},"26":{"start":{"line":72,"column":24},"end":{"line":72,"column":35}},"27":{"start":{"line":73,"column":10},"end":{"line":75,"column":11}},"28":{"start":{"line":74,"column":12},"end":{"line":74,"column":31}},"29":{"start":{"line":76,"column":10},"end":{"line":76,"column":28}},"30":{"start":{"line":82,"column":15},"end":{"line":82,"column":59}},"31":{"start":{"line":83,"column":14},"end":{"line":83,"column":46}},"32":{"start":{"line":84,"column":12},"end":{"line":84,"column":39}},"33":{"start":{"line":85,"column":2},"end":{"line":85,"column":14}},"34":{"start":{"line":86,"column":2},"end":{"line":86,"column":23}},"35":{"start":{"line":87,"column":2},"end":{"line":87,"column":11}},"36":{"start":{"line":88,"column":2},"end":{"line":88,"column":33}},"37":{"start":{"line":91,"column":30},"end":{"line":97,"column":1}},"38":{"start":{"line":92,"column":2},"end":{"line":92,"column":35}},"39":{"start":{"line":92,"column":19},"end":{"line":92,"column":35}},"40":{"start":{"line":93,"column":12},"end":{"line":93,"column":16}},"41":{"start":{"line":94,"column":16},"end":{"line":94,"column":43}},"42":{"start":{"line":95,"column":12},"end":{"line":95,"column":53}},"43":{"start":{"line":96,"column":2},"end":{"line":96,"column":74}},"44":{"start":{"line":99,"column":27},"end":{"line":106,"column":1}},"45":{"start":{"line":100,"column":2},"end":{"line":105,"column":16}},"46":{"start":{"line":102,"column":16},"end":{"line":102,"column":20}},"47":{"start":{"line":108,"column":24},"end":{"line":110,"column":1}},"48":{"start":{"line":109,"column":2},"end":{"line":109,"column":68}},"49":{"start":{"line":112,"column":29},"end":{"line":114,"column":1}},"50":{"start":{"line":113,"column":2},"end":{"line":113,"column":49}},"51":{"start":{"line":116,"column":27},"end":{"line":123,"column":1}},"52":{"start":{"line":117,"column":2},"end":{"line":122,"column":3}},"53":{"start":{"line":118,"column":4},"end":{"line":118,"column":16}},"54":{"start":{"line":119,"column":4},"end":{"line":119,"column":15}},"55":{"start":{"line":121,"column":4},"end":{"line":121,"column":16}}},"fnMap":{"0":{"name":"(anonymous_0)","decl":{"start":{"line":5,"column":26},"end":{"line":5,"column":27}},"loc":{"start":{"line":5,"column":42},"end":{"line":8,"column":1}},"line":5},"1":{"name":"(anonymous_1)","decl":{"start":{"line":10,"column":30},"end":{"line":10,"column":31}},"loc":{"start":{"line":10,"column":46},"end":{"line":13,"column":1}},"line":10},"2":{"name":"(anonymous_2)","decl":{"start":{"line":15,"column":30},"end":{"line":15,"column":31}},"loc":{"start":{"line":15,"column":61},"end":{"line":39,"column":1}},"line":15},"3":{"name":"(anonymous_3)","decl":{"start":{"line":41,"column":30},"end":{"line":41,"column":31}},"loc":{"start":{"line":41,"column":42},"end":{"line":58,"column":1}},"line":41},"4":{"name":"(anonymous_4)","decl":{"start":{"line":60,"column":27},"end":{"line":60,"column":28}},"loc":{"start":{"line":60,"column":62},"end":{"line":89,"column":1}},"line":60},"5":{"name":"(anonymous_5)","decl":{"start":{"line":69,"column":16},"end":{"line":69,"column":17}},"loc":{"start":{"line":70,"column":6},"end":{"line":78,"column":18}},"line":70},"6":{"name":"(anonymous_6)","decl":{"start":{"line":71,"column":13},"end":{"line":71,"column":14}},"loc":{"start":{"line":71,"column":25},"end":{"line":77,"column":9}},"line":71},"7":{"name":"(anonymous_7)","decl":{"start":{"line":91,"column":30},"end":{"line":91,"column":31}},"loc":{"start":{"line":91,"column":41},"end":{"line":97,"column":1}},"line":91},"8":{"name":"(anonymous_8)","decl":{"start":{"line":99,"column":27},"end":{"line":99,"column":28}},"loc":{"start":{"line":99,"column":37},"end":{"line":106,"column":1}},"line":99},"9":{"name":"(anonymous_9)","decl":{"start":{"line":102,"column":9},"end":{"line":102,"column":10}},"loc":{"start":{"line":102,"column":16},"end":{"line":102,"column":20}},"line":102},"10":{"name":"(anonymous_10)","decl":{"start":{"line":108,"column":24},"end":{"line":108,"column":25}},"loc":{"start":{"line":108,"column":47},"end":{"line":110,"column":1}},"line":108},"11":{"name":"(anonymous_11)","decl":{"start":{"line":112,"column":29},"end":{"line":112,"column":30}},"loc":{"start":{"line":112,"column":40},"end":{"line":114,"column":1}},"line":112},"12":{"name":"(anonymous_12)","decl":{"start":{"line":116,"column":27},"end":{"line":116,"column":28}},"loc":{"start":{"line":116,"column":36},"end":{"line":123,"column":1}},"line":116}},"branchMap":{"0":{"loc":{"start":{"line":6,"column":2},"end":{"line":6,"column":31}},"type":"if","locations":[{"start":{"line":6,"column":2},"end":{"line":6,"column":31}},{"start":{},"end":{}}],"line":6},"1":{"loc":{"start":{"line":11,"column":2},"end":{"line":11,"column":31}},"type":"if","locations":[{"start":{"line":11,"column":2},"end":{"line":11,"column":31}},{"start":{},"end":{}}],"line":11},"2":{"loc":{"start":{"line":15,"column":39},"end":{"line":15,"column":56}},"type":"default-arg","locations":[{"start":{"line":15,"column":46},"end":{"line":15,"column":56}}],"line":15},"3":{"loc":{"start":{"line":16,"column":2},"end":{"line":25,"column":3}},"type":"if","locations":[{"start":{"line":16,"column":2},"end":{"line":25,"column":3}},{"start":{},"end":{}}],"line":16},"4":{"loc":{"start":{"line":24,"column":11},"end":{"line":24,"column":56}},"type":"binary-expr","locations":[{"start":{"line":24,"column":11},"end":{"line":24,"column":25}},{"start":{"line":24,"column":29},"end":{"line":24,"column":56}}],"line":24},"5":{"loc":{"start":{"line":27,"column":2},"end":{"line":36,"column":3}},"type":"if","locations":[{"start":{"line":27,"column":2},"end":{"line":36,"column":3}},{"start":{},"end":{}}],"line":27},"6":{"loc":{"start":{"line":35,"column":11},"end":{"line":35,"column":56}},"type":"binary-expr","locations":[{"start":{"line":35,"column":11},"end":{"line":35,"column":25}},{"start":{"line":35,"column":29},"end":{"line":35,"column":56}}],"line":35},"7":{"loc":{"start":{"line":57,"column":9},"end":{"line":57,"column":113}},"type":"binary-expr","locations":[{"start":{"line":57,"column":9},"end":{"line":57,"column":23}},{"start":{"line":57,"column":27},"end":{"line":57,"column":113}}],"line":57},"8":{"loc":{"start":{"line":60,"column":34},"end":{"line":60,"column":57}},"type":"default-arg","locations":[{"start":{"line":60,"column":45},"end":{"line":60,"column":57}}],"line":60},"9":{"loc":{"start":{"line":61,"column":2},"end":{"line":64,"column":3}},"type":"if","locations":[{"start":{"line":61,"column":2},"end":{"line":64,"column":3}},{"start":{},"end":{}}],"line":61},"10":{"loc":{"start":{"line":61,"column":6},"end":{"line":61,"column":32}},"type":"binary-expr","locations":[{"start":{"line":61,"column":6},"end":{"line":61,"column":11}},{"start":{"line":61,"column":15},"end":{"line":61,"column":32}}],"line":61},"11":{"loc":{"start":{"line":73,"column":10},"end":{"line":75,"column":11}},"type":"if","locations":[{"start":{"line":73,"column":10},"end":{"line":75,"column":11}},{"start":{},"end":{}}],"line":73},"12":{"loc":{"start":{"line":73,"column":14},"end":{"line":73,"column":62}},"type":"binary-expr","locations":[{"start":{"line":73,"column":14},"end":{"line":73,"column":39}},{"start":{"line":73,"column":43},"end":{"line":73,"column":62}}],"line":73},"13":{"loc":{"start":{"line":76,"column":17},"end":{"line":76,"column":28}},"type":"binary-expr","locations":[{"start":{"line":76,"column":17},"end":{"line":76,"column":22}},{"start":{"line":76,"column":26},"end":{"line":76,"column":28}}],"line":76},"14":{"loc":{"start":{"line":92,"column":2},"end":{"line":92,"column":35}},"type":"if","locations":[{"start":{"line":92,"column":2},"end":{"line":92,"column":35}},{"start":{},"end":{}}],"line":92},"15":{"loc":{"start":{"line":108,"column":31},"end":{"line":108,"column":42}},"type":"default-arg","locations":[{"start":{"line":108,"column":40},"end":{"line":108,"column":42}}],"line":108},"16":{"loc":{"start":{"line":109,"column":9},"end":{"line":109,"column":68}},"type":"cond-expr","locations":[{"start":{"line":109,"column":32},"end":{"line":109,"column":61}},{"start":{"line":109,"column":64},"end":{"line":109,"column":68}}],"line":109}},"s":{"0":1,"1":4,"2":0,"3":4,"4":1,"5":0,"6":0,"7":0,"8":1,"9":5,"10":5,"11":5,"12":0,"13":0,"14":0,"15":0,"16":1,"17":0,"18":0,"19":1,"20":4,"21":1,"22":1,"23":3,"24":3,"25":4,"26":12,"27":12,"28":1,"29":11,"30":3,"31":3,"32":0,"33":0,"34":0,"35":0,"36":0,"37":1,"38":6,"39":1,"40":5,"41":5,"42":5,"43":5,"44":1,"45":7,"46":10,"47":1,"48":4,"49":1,"50":8,"51":1,"52":0,"53":0,"54":0,"55":0},"f":{"0":4,"1":0,"2":5,"3":0,"4":4,"5":4,"6":12,"7":6,"8":7,"9":10,"10":4,"11":8,"12":0},"b":{"0":[0,4],"1":[0,0],"2":[5],"3":[5,0],"4":[5,1],"5":[0,0],"6":[0,0],"7":[0,0],"8":[4],"9":[1,3],"10":[4,4],"11":[1,11],"12":[12,7],"13":[11,0],"14":[1,5],"15":[0],"16":[2,1]},"_coverageSchema":"1a1c01bbd47fc00a2c39e90264f33305004495a9","hash":"12035def6fb46f74161fa378df4175559a22bfef"}
}
