{"C:\\Users\\Dell\\Desktop\\project\\MaritimeFlow\\backend\\config\\db.js": {"path":"C:\\Users\\Dell\\Desktop\\project\\MaritimeFlow\\backend\\config\\db.js","statementMap":{"0":{"start":{"line":1,"column":14},"end":{"line":1,"column":39}},"1":{"start":{"line":2,"column":0},"end":{"line":2,"column":26}},"2":{"start":{"line":14,"column":13},"end":{"line":23,"column":2}},"3":{"start":{"line":29,"column":2},"end":{"line":38,"column":3}},"4":{"start":{"line":30,"column":23},"end":{"line":30,"column":49}},"5":{"start":{"line":31,"column":4},"end":{"line":33,"column":5}},"6":{"start":{"line":34,"column":4},"end":{"line":34,"column":24}},"7":{"start":{"line":36,"column":4},"end":{"line":36,"column":66}},"8":{"start":{"line":37,"column":4},"end":{"line":37,"column":19}},"9":{"start":{"line":41,"column":0},"end":{"line":41,"column":16}},"10":{"start":{"line":43,"column":0},"end":{"line":43,"column":21}}},"fnMap":{"0":{"name":"testConnection","decl":{"start":{"line":28,"column":15},"end":{"line":28,"column":29}},"loc":{"start":{"line":28,"column":32},"end":{"line":39,"column":1}},"line":28}},"branchMap":{"0":{"loc":{"start":{"line":15,"column":8},"end":{"line":15,"column":42}},"type":"binary-expr","locations":[{"start":{"line":15,"column":8},"end":{"line":15,"column":27}},{"start":{"line":15,"column":31},"end":{"line":15,"column":42}}],"line":15},"1":{"loc":{"start":{"line":16,"column":8},"end":{"line":16,"column":37}},"type":"binary-expr","locations":[{"start":{"line":16,"column":8},"end":{"line":16,"column":27}},{"start":{"line":16,"column":31},"end":{"line":16,"column":37}}],"line":16},"2":{"loc":{"start":{"line":17,"column":12},"end":{"line":17,"column":41}},"type":"binary-expr","locations":[{"start":{"line":17,"column":12},"end":{"line":17,"column":35}},{"start":{"line":17,"column":39},"end":{"line":17,"column":41}}],"line":17},"3":{"loc":{"start":{"line":18,"column":12},"end":{"line":18,"column":51}},"type":"binary-expr","locations":[{"start":{"line":18,"column":12},"end":{"line":18,"column":31}},{"start":{"line":18,"column":35},"end":{"line":18,"column":51}}],"line":18},"4":{"loc":{"start":{"line":19,"column":8},"end":{"line":19,"column":45}},"type":"binary-expr","locations":[{"start":{"line":19,"column":8},"end":{"line":19,"column":37}},{"start":{"line":19,"column":41},"end":{"line":19,"column":45}}],"line":19},"5":{"loc":{"start":{"line":32,"column":46},"end":{"line":32,"column":85}},"type":"binary-expr","locations":[{"start":{"line":32,"column":46},"end":{"line":32,"column":65}},{"start":{"line":32,"column":69},"end":{"line":32,"column":85}}],"line":32},"6":{"loc":{"start":{"line":32,"column":92},"end":{"line":32,"column":126}},"type":"binary-expr","locations":[{"start":{"line":32,"column":92},"end":{"line":32,"column":111}},{"start":{"line":32,"column":115},"end":{"line":32,"column":126}}],"line":32},"7":{"loc":{"start":{"line":32,"column":130},"end":{"line":32,"column":157}},"type":"binary-expr","locations":[{"start":{"line":32,"column":130},"end":{"line":32,"column":149}},{"start":{"line":32,"column":153},"end":{"line":32,"column":157}}],"line":32}},"s":{"0":2,"1":2,"2":2,"3":2,"4":2,"5":2,"6":2,"7":0,"8":0,"9":2,"10":2},"f":{"0":2},"b":{"0":[2,0],"1":[2,0],"2":[2,2],"3":[2,0],"4":[2,0],"5":[2,0],"6":[2,0],"7":[2,0]},"_coverageSchema":"1a1c01bbd47fc00a2c39e90264f33305004495a9","hash":"af883f72fa068f6e21513f2f4d350c0a344ce9f7"}
,"C:\\Users\\Dell\\Desktop\\project\\MaritimeFlow\\backend\\middleware\\auth.js": {"path":"C:\\Users\\Dell\\Desktop\\project\\MaritimeFlow\\backend\\middleware\\auth.js","statementMap":{"0":{"start":{"line":1,"column":12},"end":{"line":1,"column":35}},"1":{"start":{"line":8,"column":2},"end":{"line":27,"column":3}},"2":{"start":{"line":9,"column":23},"end":{"line":9,"column":51}},"3":{"start":{"line":10,"column":23},"end":{"line":10,"column":61}},"4":{"start":{"line":12,"column":4},"end":{"line":13,"column":83}},"5":{"start":{"line":13,"column":6},"end":{"line":13,"column":83}},"6":{"start":{"line":15,"column":4},"end":{"line":26,"column":5}},"7":{"start":{"line":16,"column":22},"end":{"line":16,"column":63}},"8":{"start":{"line":17,"column":6},"end":{"line":17,"column":24}},"9":{"start":{"line":19,"column":6},"end":{"line":21,"column":7}},"10":{"start":{"line":20,"column":8},"end":{"line":20,"column":92}},"11":{"start":{"line":23,"column":6},"end":{"line":23,"column":12}},"12":{"start":{"line":25,"column":6},"end":{"line":25,"column":75}},"13":{"start":{"line":30,"column":0},"end":{"line":30,"column":21}}},"fnMap":{"0":{"name":"auth","decl":{"start":{"line":7,"column":9},"end":{"line":7,"column":13}},"loc":{"start":{"line":7,"column":26},"end":{"line":28,"column":1}},"line":7},"1":{"name":"(anonymous_1)","decl":{"start":{"line":8,"column":9},"end":{"line":8,"column":10}},"loc":{"start":{"line":8,"column":29},"end":{"line":27,"column":3}},"line":8}},"branchMap":{"0":{"loc":{"start":{"line":7,"column":14},"end":{"line":7,"column":24}},"type":"default-arg","locations":[{"start":{"line":7,"column":22},"end":{"line":7,"column":24}}],"line":7},"1":{"loc":{"start":{"line":10,"column":23},"end":{"line":10,"column":61}},"type":"binary-expr","locations":[{"start":{"line":10,"column":23},"end":{"line":10,"column":33}},{"start":{"line":10,"column":37},"end":{"line":10,"column":61}}],"line":10},"2":{"loc":{"start":{"line":12,"column":4},"end":{"line":13,"column":83}},"type":"if","locations":[{"start":{"line":12,"column":4},"end":{"line":13,"column":83}},{"start":{},"end":{}}],"line":12},"3":{"loc":{"start":{"line":19,"column":6},"end":{"line":21,"column":7}},"type":"if","locations":[{"start":{"line":19,"column":6},"end":{"line":21,"column":7}},{"start":{},"end":{}}],"line":19},"4":{"loc":{"start":{"line":19,"column":10},"end":{"line":19,"column":59}},"type":"binary-expr","locations":[{"start":{"line":19,"column":10},"end":{"line":19,"column":26}},{"start":{"line":19,"column":30},"end":{"line":19,"column":59}}],"line":19}},"s":{"0":2,"1":10,"2":17,"3":17,"4":17,"5":6,"6":11,"7":11,"8":7,"9":7,"10":3,"11":4,"12":4,"13":2},"f":{"0":10,"1":17},"b":{"0":[5],"1":[17,11],"2":[6,11],"3":[3,4],"4":[7,5]},"_coverageSchema":"1a1c01bbd47fc00a2c39e90264f33305004495a9","hash":"0eb753d5624d1374117b0ac4ac8232d20e171239"}
,"C:\\Users\\Dell\\Desktop\\project\\MaritimeFlow\\backend\\routes\\auth.js": {"path":"C:\\Users\\Dell\\Desktop\\project\\MaritimeFlow\\backend\\routes\\auth.js","statementMap":{"0":{"start":{"line":1,"column":19},"end":{"line":1,"column":46}},"1":{"start":{"line":2,"column":19},"end":{"line":2,"column":38}},"2":{"start":{"line":3,"column":19},"end":{"line":3,"column":42}},"3":{"start":{"line":4,"column":19},"end":{"line":4,"column":40}},"4":{"start":{"line":5,"column":19},"end":{"line":5,"column":42}},"5":{"start":{"line":8,"column":20},"end":{"line":16,"column":2}},"6":{"start":{"line":19,"column":0},"end":{"line":50,"column":2}},"7":{"start":{"line":20,"column":52},"end":{"line":20,"column":60}},"8":{"start":{"line":22,"column":2},"end":{"line":23,"column":97}},"9":{"start":{"line":23,"column":4},"end":{"line":23,"column":97}},"10":{"start":{"line":25,"column":2},"end":{"line":26,"column":87}},"11":{"start":{"line":26,"column":4},"end":{"line":26,"column":87}},"12":{"start":{"line":28,"column":2},"end":{"line":49,"column":3}},"13":{"start":{"line":30,"column":22},"end":{"line":30,"column":85}},"14":{"start":{"line":31,"column":4},"end":{"line":32,"column":75}},"15":{"start":{"line":32,"column":6},"end":{"line":32,"column":75}},"16":{"start":{"line":35,"column":25},"end":{"line":35,"column":94}},"17":{"start":{"line":36,"column":4},"end":{"line":37,"column":73}},"18":{"start":{"line":37,"column":6},"end":{"line":37,"column":73}},"19":{"start":{"line":39,"column":17},"end":{"line":39,"column":48}},"20":{"start":{"line":40,"column":25},"end":{"line":40,"column":47}},"21":{"start":{"line":41,"column":25},"end":{"line":41,"column":70}},"22":{"start":{"line":42,"column":21},"end":{"line":45,"column":5}},"23":{"start":{"line":46,"column":4},"end":{"line":46,"column":95}},"24":{"start":{"line":48,"column":4},"end":{"line":48,"column":50}},"25":{"start":{"line":53,"column":0},"end":{"line":80,"column":2}},"26":{"start":{"line":54,"column":30},"end":{"line":54,"column":38}},"27":{"start":{"line":55,"column":2},"end":{"line":56,"column":80}},"28":{"start":{"line":56,"column":4},"end":{"line":56,"column":80}},"29":{"start":{"line":58,"column":2},"end":{"line":79,"column":3}},"30":{"start":{"line":59,"column":19},"end":{"line":59,"column":81}},"31":{"start":{"line":60,"column":4},"end":{"line":61,"column":91}},"32":{"start":{"line":61,"column":6},"end":{"line":61,"column":91}},"33":{"start":{"line":63,"column":18},"end":{"line":63,"column":25}},"34":{"start":{"line":64,"column":18},"end":{"line":64,"column":63}},"35":{"start":{"line":65,"column":4},"end":{"line":66,"column":87}},"36":{"start":{"line":66,"column":6},"end":{"line":66,"column":87}},"37":{"start":{"line":68,"column":18},"end":{"line":72,"column":5}},"38":{"start":{"line":73,"column":4},"end":{"line":76,"column":6}},"39":{"start":{"line":78,"column":4},"end":{"line":78,"column":50}},"40":{"start":{"line":85,"column":0},"end":{"line":131,"column":2}},"41":{"start":{"line":86,"column":20},"end":{"line":86,"column":28}},"42":{"start":{"line":87,"column":2},"end":{"line":88,"column":66}},"43":{"start":{"line":88,"column":4},"end":{"line":88,"column":66}},"44":{"start":{"line":90,"column":2},"end":{"line":130,"column":3}},"45":{"start":{"line":91,"column":19},"end":{"line":91,"column":92}},"46":{"start":{"line":92,"column":4},"end":{"line":93,"column":91}},"47":{"start":{"line":93,"column":6},"end":{"line":93,"column":91}},"48":{"start":{"line":95,"column":17},"end":{"line":95,"column":24}},"49":{"start":{"line":97,"column":16},"end":{"line":97,"column":39}},"50":{"start":{"line":98,"column":23},"end":{"line":102,"column":5}},"51":{"start":{"line":104,"column":24},"end":{"line":104,"column":75}},"52":{"start":{"line":105,"column":24},"end":{"line":105,"column":95}},"53":{"start":{"line":107,"column":4},"end":{"line":125,"column":6}},"54":{"start":{"line":127,"column":4},"end":{"line":127,"column":87}},"55":{"start":{"line":129,"column":4},"end":{"line":129,"column":50}},"56":{"start":{"line":134,"column":0},"end":{"line":168,"column":2}},"57":{"start":{"line":135,"column":30},"end":{"line":135,"column":38}},"58":{"start":{"line":136,"column":2},"end":{"line":137,"column":84}},"59":{"start":{"line":137,"column":4},"end":{"line":137,"column":84}},"60":{"start":{"line":139,"column":2},"end":{"line":140,"column":87}},"61":{"start":{"line":140,"column":4},"end":{"line":140,"column":87}},"62":{"start":{"line":142,"column":2},"end":{"line":167,"column":3}},"63":{"start":{"line":144,"column":4},"end":{"line":148,"column":5}},"64":{"start":{"line":145,"column":6},"end":{"line":145,"column":57}},"65":{"start":{"line":147,"column":6},"end":{"line":147,"column":113}},"66":{"start":{"line":150,"column":4},"end":{"line":151,"column":70}},"67":{"start":{"line":151,"column":6},"end":{"line":151,"column":70}},"68":{"start":{"line":153,"column":19},"end":{"line":153,"column":94}},"69":{"start":{"line":154,"column":4},"end":{"line":155,"column":65}},"70":{"start":{"line":155,"column":6},"end":{"line":155,"column":65}},"71":{"start":{"line":158,"column":4},"end":{"line":159,"column":114}},"72":{"start":{"line":159,"column":6},"end":{"line":159,"column":114}},"73":{"start":{"line":161,"column":17},"end":{"line":161,"column":48}},"74":{"start":{"line":162,"column":4},"end":{"line":162,"column":84}},"75":{"start":{"line":164,"column":4},"end":{"line":164,"column":102}},"76":{"start":{"line":166,"column":4},"end":{"line":166,"column":50}},"77":{"start":{"line":170,"column":0},"end":{"line":170,"column":23}}},"fnMap":{"0":{"name":"(anonymous_0)","decl":{"start":{"line":19,"column":25},"end":{"line":19,"column":26}},"loc":{"start":{"line":19,"column":45},"end":{"line":50,"column":1}},"line":19},"1":{"name":"(anonymous_1)","decl":{"start":{"line":53,"column":22},"end":{"line":53,"column":23}},"loc":{"start":{"line":53,"column":42},"end":{"line":80,"column":1}},"line":53},"2":{"name":"(anonymous_2)","decl":{"start":{"line":85,"column":32},"end":{"line":85,"column":33}},"loc":{"start":{"line":85,"column":52},"end":{"line":131,"column":1}},"line":85},"3":{"name":"(anonymous_3)","decl":{"start":{"line":134,"column":31},"end":{"line":134,"column":32}},"loc":{"start":{"line":134,"column":51},"end":{"line":168,"column":1}},"line":134}},"branchMap":{"0":{"loc":{"start":{"line":9,"column":10},"end":{"line":9,"column":54}},"type":"binary-expr","locations":[{"start":{"line":9,"column":10},"end":{"line":9,"column":32}},{"start":{"line":9,"column":38},"end":{"line":9,"column":54}}],"line":9},"1":{"loc":{"start":{"line":10,"column":10},"end":{"line":10,"column":49}},"type":"binary-expr","locations":[{"start":{"line":10,"column":10},"end":{"line":10,"column":40}},{"start":{"line":10,"column":46},"end":{"line":10,"column":49}}],"line":10},"2":{"loc":{"start":{"line":22,"column":2},"end":{"line":23,"column":97}},"type":"if","locations":[{"start":{"line":22,"column":2},"end":{"line":23,"column":97}},{"start":{},"end":{}}],"line":22},"3":{"loc":{"start":{"line":22,"column":6},"end":{"line":22,"column":47}},"type":"binary-expr","locations":[{"start":{"line":22,"column":6},"end":{"line":22,"column":11}},{"start":{"line":22,"column":15},"end":{"line":22,"column":21}},{"start":{"line":22,"column":25},"end":{"line":22,"column":34}},{"start":{"line":22,"column":38},"end":{"line":22,"column":47}}],"line":22},"4":{"loc":{"start":{"line":25,"column":2},"end":{"line":26,"column":87}},"type":"if","locations":[{"start":{"line":25,"column":2},"end":{"line":26,"column":87}},{"start":{},"end":{}}],"line":25},"5":{"loc":{"start":{"line":31,"column":4},"end":{"line":32,"column":75}},"type":"if","locations":[{"start":{"line":31,"column":4},"end":{"line":32,"column":75}},{"start":{},"end":{}}],"line":31},"6":{"loc":{"start":{"line":36,"column":4},"end":{"line":37,"column":73}},"type":"if","locations":[{"start":{"line":36,"column":4},"end":{"line":37,"column":73}},{"start":{},"end":{}}],"line":36},"7":{"loc":{"start":{"line":41,"column":25},"end":{"line":41,"column":70}},"type":"cond-expr","locations":[{"start":{"line":41,"column":55},"end":{"line":41,"column":59}},{"start":{"line":41,"column":62},"end":{"line":41,"column":70}}],"line":41},"8":{"loc":{"start":{"line":55,"column":2},"end":{"line":56,"column":80}},"type":"if","locations":[{"start":{"line":55,"column":2},"end":{"line":56,"column":80}},{"start":{},"end":{}}],"line":55},"9":{"loc":{"start":{"line":55,"column":6},"end":{"line":55,"column":25}},"type":"binary-expr","locations":[{"start":{"line":55,"column":6},"end":{"line":55,"column":12}},{"start":{"line":55,"column":16},"end":{"line":55,"column":25}}],"line":55},"10":{"loc":{"start":{"line":60,"column":4},"end":{"line":61,"column":91}},"type":"if","locations":[{"start":{"line":60,"column":4},"end":{"line":61,"column":91}},{"start":{},"end":{}}],"line":60},"11":{"loc":{"start":{"line":65,"column":4},"end":{"line":66,"column":87}},"type":"if","locations":[{"start":{"line":65,"column":4},"end":{"line":66,"column":87}},{"start":{},"end":{}}],"line":65},"12":{"loc":{"start":{"line":71,"column":19},"end":{"line":71,"column":53}},"type":"binary-expr","locations":[{"start":{"line":71,"column":19},"end":{"line":71,"column":45}},{"start":{"line":71,"column":49},"end":{"line":71,"column":53}}],"line":71},"13":{"loc":{"start":{"line":87,"column":2},"end":{"line":88,"column":66}},"type":"if","locations":[{"start":{"line":87,"column":2},"end":{"line":88,"column":66}},{"start":{},"end":{}}],"line":87},"14":{"loc":{"start":{"line":92,"column":4},"end":{"line":93,"column":91}},"type":"if","locations":[{"start":{"line":92,"column":4},"end":{"line":93,"column":91}},{"start":{},"end":{}}],"line":92},"15":{"loc":{"start":{"line":104,"column":24},"end":{"line":104,"column":75}},"type":"binary-expr","locations":[{"start":{"line":104,"column":24},"end":{"line":104,"column":48}},{"start":{"line":104,"column":52},"end":{"line":104,"column":75}}],"line":104},"16":{"loc":{"start":{"line":108,"column":15},"end":{"line":108,"column":63}},"type":"binary-expr","locations":[{"start":{"line":108,"column":15},"end":{"line":108,"column":37}},{"start":{"line":108,"column":41},"end":{"line":108,"column":63}}],"line":108},"17":{"loc":{"start":{"line":136,"column":2},"end":{"line":137,"column":84}},"type":"if","locations":[{"start":{"line":136,"column":2},"end":{"line":137,"column":84}},{"start":{},"end":{}}],"line":136},"18":{"loc":{"start":{"line":136,"column":6},"end":{"line":136,"column":25}},"type":"binary-expr","locations":[{"start":{"line":136,"column":6},"end":{"line":136,"column":12}},{"start":{"line":136,"column":16},"end":{"line":136,"column":25}}],"line":136},"19":{"loc":{"start":{"line":139,"column":2},"end":{"line":140,"column":87}},"type":"if","locations":[{"start":{"line":139,"column":2},"end":{"line":140,"column":87}},{"start":{},"end":{}}],"line":139},"20":{"loc":{"start":{"line":150,"column":4},"end":{"line":151,"column":70}},"type":"if","locations":[{"start":{"line":150,"column":4},"end":{"line":151,"column":70}},{"start":{},"end":{}}],"line":150},"21":{"loc":{"start":{"line":154,"column":4},"end":{"line":155,"column":65}},"type":"if","locations":[{"start":{"line":154,"column":4},"end":{"line":155,"column":65}},{"start":{},"end":{}}],"line":154},"22":{"loc":{"start":{"line":158,"column":4},"end":{"line":159,"column":114}},"type":"if","locations":[{"start":{"line":158,"column":4},"end":{"line":159,"column":114}},{"start":{},"end":{}}],"line":158}},"s":{"0":1,"1":1,"2":1,"3":1,"4":1,"5":1,"6":1,"7":3,"8":3,"9":1,"10":2,"11":1,"12":1,"13":1,"14":1,"15":0,"16":1,"17":1,"18":0,"19":1,"20":1,"21":1,"22":1,"23":1,"24":0,"25":1,"26":2,"27":2,"28":1,"29":1,"30":1,"31":1,"32":1,"33":0,"34":0,"35":0,"36":0,"37":0,"38":0,"39":0,"40":1,"41":2,"42":2,"43":1,"44":1,"45":1,"46":1,"47":1,"48":0,"49":0,"50":0,"51":0,"52":0,"53":0,"54":0,"55":0,"56":1,"57":0,"58":0,"59":0,"60":0,"61":0,"62":0,"63":0,"64":0,"65":0,"66":0,"67":0,"68":0,"69":0,"70":0,"71":0,"72":0,"73":0,"74":0,"75":0,"76":0,"77":1},"f":{"0":3,"1":2,"2":2,"3":0},"b":{"0":[1,0],"1":[1,0],"2":[1,2],"3":[3,3,3,2],"4":[1,1],"5":[0,1],"6":[0,1],"7":[0,1],"8":[1,1],"9":[2,2],"10":[1,0],"11":[0,0],"12":[0,0],"13":[1,1],"14":[1,0],"15":[0,0],"16":[0,0],"17":[0,0],"18":[0,0],"19":[0,0],"20":[0,0],"21":[0,0],"22":[0,0]},"_coverageSchema":"1a1c01bbd47fc00a2c39e90264f33305004495a9","hash":"16a6881255484219504cd1320788bc955f282247"}
,"C:\\Users\\Dell\\Desktop\\project\\MaritimeFlow\\backend\\routes\\contact.js": {"path":"C:\\Users\\Dell\\Desktop\\project\\MaritimeFlow\\backend\\routes\\contact.js","statementMap":{"0":{"start":{"line":1,"column":15},"end":{"line":1,"column":42}},"1":{"start":{"line":2,"column":15},"end":{"line":2,"column":38}},"2":{"start":{"line":3,"column":15},"end":{"line":3,"column":44}},"3":{"start":{"line":6,"column":21},"end":{"line":6,"column":72}},"4":{"start":{"line":6,"column":32},"end":{"line":6,"column":72}},"5":{"start":{"line":9,"column":0},"end":{"line":18,"column":2}},"6":{"start":{"line":10,"column":2},"end":{"line":17,"column":3}},"7":{"start":{"line":11,"column":19},"end":{"line":13,"column":5}},"8":{"start":{"line":14,"column":4},"end":{"line":14,"column":18}},"9":{"start":{"line":16,"column":4},"end":{"line":16,"column":50}},"10":{"start":{"line":21,"column":0},"end":{"line":28,"column":2}},"11":{"start":{"line":22,"column":2},"end":{"line":27,"column":3}},"12":{"start":{"line":23,"column":4},"end":{"line":23,"column":88}},"13":{"start":{"line":24,"column":4},"end":{"line":24,"column":45}},"14":{"start":{"line":26,"column":4},"end":{"line":26,"column":50}},"15":{"start":{"line":31,"column":0},"end":{"line":69,"column":2}},"16":{"start":{"line":32,"column":44},"end":{"line":32,"column":52}},"17":{"start":{"line":35,"column":2},"end":{"line":36,"column":104}},"18":{"start":{"line":36,"column":4},"end":{"line":36,"column":104}},"19":{"start":{"line":38,"column":2},"end":{"line":39,"column":73}},"20":{"start":{"line":39,"column":4},"end":{"line":39,"column":73}},"21":{"start":{"line":41,"column":2},"end":{"line":42,"column":85}},"22":{"start":{"line":42,"column":4},"end":{"line":42,"column":85}},"23":{"start":{"line":45,"column":2},"end":{"line":46,"column":85}},"24":{"start":{"line":46,"column":4},"end":{"line":46,"column":85}},"25":{"start":{"line":48,"column":2},"end":{"line":49,"column":86}},"26":{"start":{"line":49,"column":4},"end":{"line":49,"column":86}},"27":{"start":{"line":51,"column":2},"end":{"line":52,"column":88}},"28":{"start":{"line":52,"column":4},"end":{"line":52,"column":88}},"29":{"start":{"line":54,"column":2},"end":{"line":68,"column":3}},"30":{"start":{"line":55,"column":21},"end":{"line":59,"column":5}},"31":{"start":{"line":61,"column":4},"end":{"line":64,"column":6}},"32":{"start":{"line":66,"column":4},"end":{"line":66,"column":45}},"33":{"start":{"line":67,"column":4},"end":{"line":67,"column":95}},"34":{"start":{"line":71,"column":0},"end":{"line":71,"column":23}}},"fnMap":{"0":{"name":"(anonymous_0)","decl":{"start":{"line":6,"column":21},"end":{"line":6,"column":22}},"loc":{"start":{"line":6,"column":32},"end":{"line":6,"column":72}},"line":6},"1":{"name":"(anonymous_1)","decl":{"start":{"line":9,"column":33},"end":{"line":9,"column":34}},"loc":{"start":{"line":9,"column":53},"end":{"line":18,"column":1}},"line":9},"2":{"name":"(anonymous_2)","decl":{"start":{"line":21,"column":39},"end":{"line":21,"column":40}},"loc":{"start":{"line":21,"column":59},"end":{"line":28,"column":1}},"line":21},"3":{"name":"(anonymous_3)","decl":{"start":{"line":31,"column":17},"end":{"line":31,"column":18}},"loc":{"start":{"line":31,"column":37},"end":{"line":69,"column":1}},"line":31}},"branchMap":{"0":{"loc":{"start":{"line":35,"column":2},"end":{"line":36,"column":104}},"type":"if","locations":[{"start":{"line":35,"column":2},"end":{"line":36,"column":104}},{"start":{},"end":{}}],"line":35},"1":{"loc":{"start":{"line":35,"column":6},"end":{"line":35,"column":45}},"type":"binary-expr","locations":[{"start":{"line":35,"column":6},"end":{"line":35,"column":11}},{"start":{"line":35,"column":15},"end":{"line":35,"column":21}},{"start":{"line":35,"column":25},"end":{"line":35,"column":33}},{"start":{"line":35,"column":37},"end":{"line":35,"column":45}}],"line":35},"2":{"loc":{"start":{"line":38,"column":2},"end":{"line":39,"column":73}},"type":"if","locations":[{"start":{"line":38,"column":2},"end":{"line":39,"column":73}},{"start":{},"end":{}}],"line":38},"3":{"loc":{"start":{"line":38,"column":6},"end":{"line":38,"column":92}},"type":"binary-expr","locations":[{"start":{"line":38,"column":6},"end":{"line":38,"column":30}},{"start":{"line":38,"column":34},"end":{"line":38,"column":61}},{"start":{"line":38,"column":65},"end":{"line":38,"column":92}}],"line":38},"4":{"loc":{"start":{"line":41,"column":2},"end":{"line":42,"column":85}},"type":"if","locations":[{"start":{"line":41,"column":2},"end":{"line":42,"column":85}},{"start":{},"end":{}}],"line":41},"5":{"loc":{"start":{"line":45,"column":2},"end":{"line":46,"column":85}},"type":"if","locations":[{"start":{"line":45,"column":2},"end":{"line":46,"column":85}},{"start":{},"end":{}}],"line":45},"6":{"loc":{"start":{"line":48,"column":2},"end":{"line":49,"column":86}},"type":"if","locations":[{"start":{"line":48,"column":2},"end":{"line":49,"column":86}},{"start":{},"end":{}}],"line":48},"7":{"loc":{"start":{"line":51,"column":2},"end":{"line":52,"column":88}},"type":"if","locations":[{"start":{"line":51,"column":2},"end":{"line":52,"column":88}},{"start":{},"end":{}}],"line":51}},"s":{"0":0,"1":0,"2":0,"3":0,"4":0,"5":0,"6":0,"7":0,"8":0,"9":0,"10":0,"11":0,"12":0,"13":0,"14":0,"15":0,"16":0,"17":0,"18":0,"19":0,"20":0,"21":0,"22":0,"23":0,"24":0,"25":0,"26":0,"27":0,"28":0,"29":0,"30":0,"31":0,"32":0,"33":0,"34":0},"f":{"0":0,"1":0,"2":0,"3":0},"b":{"0":[0,0],"1":[0,0,0,0],"2":[0,0],"3":[0,0,0],"4":[0,0],"5":[0,0],"6":[0,0],"7":[0,0]}}
,"C:\\Users\\Dell\\Desktop\\project\\MaritimeFlow\\backend\\routes\\containers.js": {"path":"C:\\Users\\Dell\\Desktop\\project\\MaritimeFlow\\backend\\routes\\containers.js","statementMap":{"0":{"start":{"line":1,"column":15},"end":{"line":1,"column":42}},"1":{"start":{"line":2,"column":15},"end":{"line":2,"column":38}},"2":{"start":{"line":3,"column":15},"end":{"line":3,"column":44}},"3":{"start":{"line":6,"column":0},"end":{"line":18,"column":2}},"4":{"start":{"line":7,"column":2},"end":{"line":17,"column":3}},"5":{"start":{"line":8,"column":19},"end":{"line":13,"column":5}},"6":{"start":{"line":14,"column":4},"end":{"line":14,"column":18}},"7":{"start":{"line":16,"column":4},"end":{"line":16,"column":50}},"8":{"start":{"line":21,"column":0},"end":{"line":35,"column":2}},"9":{"start":{"line":22,"column":2},"end":{"line":34,"column":3}},"10":{"start":{"line":23,"column":19},"end":{"line":29,"column":5}},"11":{"start":{"line":30,"column":4},"end":{"line":30,"column":86}},"12":{"start":{"line":30,"column":22},"end":{"line":30,"column":86}},"13":{"start":{"line":31,"column":4},"end":{"line":31,"column":21}},"14":{"start":{"line":33,"column":4},"end":{"line":33,"column":50}},"15":{"start":{"line":38,"column":0},"end":{"line":53,"column":2}},"16":{"start":{"line":39,"column":69},"end":{"line":39,"column":77}},"17":{"start":{"line":40,"column":2},"end":{"line":41,"column":77}},"18":{"start":{"line":41,"column":4},"end":{"line":41,"column":77}},"19":{"start":{"line":43,"column":2},"end":{"line":52,"column":3}},"20":{"start":{"line":44,"column":21},"end":{"line":48,"column":5}},"21":{"start":{"line":49,"column":4},"end":{"line":49,"column":89}},"22":{"start":{"line":51,"column":4},"end":{"line":51,"column":50}},"23":{"start":{"line":56,"column":0},"end":{"line":67,"column":2}},"24":{"start":{"line":57,"column":51},"end":{"line":57,"column":59}},"25":{"start":{"line":58,"column":2},"end":{"line":66,"column":3}},"26":{"start":{"line":59,"column":4},"end":{"line":62,"column":5}},"27":{"start":{"line":63,"column":4},"end":{"line":63,"column":47}},"28":{"start":{"line":65,"column":4},"end":{"line":65,"column":50}},"29":{"start":{"line":70,"column":0},"end":{"line":77,"column":2}},"30":{"start":{"line":71,"column":2},"end":{"line":76,"column":3}},"31":{"start":{"line":72,"column":4},"end":{"line":72,"column":74}},"32":{"start":{"line":73,"column":4},"end":{"line":73,"column":47}},"33":{"start":{"line":75,"column":4},"end":{"line":75,"column":50}},"34":{"start":{"line":79,"column":0},"end":{"line":79,"column":23}}},"fnMap":{"0":{"name":"(anonymous_0)","decl":{"start":{"line":6,"column":24},"end":{"line":6,"column":25}},"loc":{"start":{"line":6,"column":44},"end":{"line":18,"column":1}},"line":6},"1":{"name":"(anonymous_1)","decl":{"start":{"line":21,"column":27},"end":{"line":21,"column":28}},"loc":{"start":{"line":21,"column":47},"end":{"line":35,"column":1}},"line":21},"2":{"name":"(anonymous_2)","decl":{"start":{"line":38,"column":46},"end":{"line":38,"column":47}},"loc":{"start":{"line":38,"column":66},"end":{"line":53,"column":1}},"line":38},"3":{"name":"(anonymous_3)","decl":{"start":{"line":56,"column":48},"end":{"line":56,"column":49}},"loc":{"start":{"line":56,"column":68},"end":{"line":67,"column":1}},"line":56},"4":{"name":"(anonymous_4)","decl":{"start":{"line":70,"column":39},"end":{"line":70,"column":40}},"loc":{"start":{"line":70,"column":59},"end":{"line":77,"column":1}},"line":70}},"branchMap":{"0":{"loc":{"start":{"line":30,"column":4},"end":{"line":30,"column":86}},"type":"if","locations":[{"start":{"line":30,"column":4},"end":{"line":30,"column":86}},{"start":{},"end":{}}],"line":30},"1":{"loc":{"start":{"line":40,"column":2},"end":{"line":41,"column":77}},"type":"if","locations":[{"start":{"line":40,"column":2},"end":{"line":41,"column":77}},{"start":{},"end":{}}],"line":40},"2":{"loc":{"start":{"line":47,"column":25},"end":{"line":47,"column":44}},"type":"binary-expr","locations":[{"start":{"line":47,"column":25},"end":{"line":47,"column":36}},{"start":{"line":47,"column":40},"end":{"line":47,"column":44}}],"line":47},"3":{"loc":{"start":{"line":47,"column":46},"end":{"line":47,"column":60}},"type":"binary-expr","locations":[{"start":{"line":47,"column":46},"end":{"line":47,"column":50}},{"start":{"line":47,"column":54},"end":{"line":47,"column":60}}],"line":47},"4":{"loc":{"start":{"line":47,"column":62},"end":{"line":47,"column":79}},"type":"binary-expr","locations":[{"start":{"line":47,"column":62},"end":{"line":47,"column":71}},{"start":{"line":47,"column":75},"end":{"line":47,"column":79}}],"line":47},"5":{"loc":{"start":{"line":47,"column":81},"end":{"line":47,"column":98}},"type":"binary-expr","locations":[{"start":{"line":47,"column":81},"end":{"line":47,"column":87}},{"start":{"line":47,"column":91},"end":{"line":47,"column":98}}],"line":47},"6":{"loc":{"start":{"line":61,"column":7},"end":{"line":61,"column":26}},"type":"binary-expr","locations":[{"start":{"line":61,"column":7},"end":{"line":61,"column":18}},{"start":{"line":61,"column":22},"end":{"line":61,"column":26}}],"line":61},"7":{"loc":{"start":{"line":61,"column":34},"end":{"line":61,"column":51}},"type":"binary-expr","locations":[{"start":{"line":61,"column":34},"end":{"line":61,"column":43}},{"start":{"line":61,"column":47},"end":{"line":61,"column":51}}],"line":61}},"s":{"0":0,"1":0,"2":0,"3":0,"4":0,"5":0,"6":0,"7":0,"8":0,"9":0,"10":0,"11":0,"12":0,"13":0,"14":0,"15":0,"16":0,"17":0,"18":0,"19":0,"20":0,"21":0,"22":0,"23":0,"24":0,"25":0,"26":0,"27":0,"28":0,"29":0,"30":0,"31":0,"32":0,"33":0,"34":0},"f":{"0":0,"1":0,"2":0,"3":0,"4":0},"b":{"0":[0,0],"1":[0,0],"2":[0,0],"3":[0,0],"4":[0,0],"5":[0,0],"6":[0,0],"7":[0,0]}}
,"C:\\Users\\Dell\\Desktop\\project\\MaritimeFlow\\backend\\routes\\documents.js": {"path":"C:\\Users\\Dell\\Desktop\\project\\MaritimeFlow\\backend\\routes\\documents.js","statementMap":{"0":{"start":{"line":1,"column":15},"end":{"line":1,"column":42}},"1":{"start":{"line":2,"column":15},"end":{"line":2,"column":30}},"2":{"start":{"line":3,"column":15},"end":{"line":3,"column":32}},"3":{"start":{"line":4,"column":15},"end":{"line":4,"column":38}},"4":{"start":{"line":5,"column":15},"end":{"line":5,"column":44}},"5":{"start":{"line":8,"column":16},"end":{"line":14,"column":2}},"6":{"start":{"line":11,"column":21},"end":{"line":11,"column":71}},"7":{"start":{"line":12,"column":4},"end":{"line":12,"column":41}},"8":{"start":{"line":15,"column":21},"end":{"line":23,"column":1}},"9":{"start":{"line":24,"column":15},"end":{"line":31,"column":2}},"10":{"start":{"line":28,"column":4},"end":{"line":29,"column":48}},"11":{"start":{"line":28,"column":46},"end":{"line":28,"column":60}},"12":{"start":{"line":29,"column":9},"end":{"line":29,"column":48}},"13":{"start":{"line":34,"column":0},"end":{"line":47,"column":2}},"14":{"start":{"line":35,"column":2},"end":{"line":46,"column":3}},"15":{"start":{"line":36,"column":19},"end":{"line":42,"column":5}},"16":{"start":{"line":43,"column":4},"end":{"line":43,"column":18}},"17":{"start":{"line":45,"column":4},"end":{"line":45,"column":50}},"18":{"start":{"line":50,"column":0},"end":{"line":65,"column":2}},"19":{"start":{"line":51,"column":2},"end":{"line":64,"column":3}},"20":{"start":{"line":52,"column":19},"end":{"line":59,"column":5}},"21":{"start":{"line":60,"column":4},"end":{"line":60,"column":85}},"22":{"start":{"line":60,"column":22},"end":{"line":60,"column":85}},"23":{"start":{"line":61,"column":4},"end":{"line":61,"column":21}},"24":{"start":{"line":63,"column":4},"end":{"line":63,"column":50}},"25":{"start":{"line":68,"column":0},"end":{"line":86,"column":2}},"26":{"start":{"line":69,"column":58},"end":{"line":69,"column":66}},"27":{"start":{"line":70,"column":2},"end":{"line":71,"column":84}},"28":{"start":{"line":71,"column":4},"end":{"line":71,"column":84}},"29":{"start":{"line":74,"column":23},"end":{"line":74,"column":85}},"30":{"start":{"line":76,"column":2},"end":{"line":85,"column":3}},"31":{"start":{"line":77,"column":21},"end":{"line":81,"column":5}},"32":{"start":{"line":82,"column":4},"end":{"line":82,"column":85}},"33":{"start":{"line":84,"column":4},"end":{"line":84,"column":50}},"34":{"start":{"line":89,"column":0},"end":{"line":110,"column":2}},"35":{"start":{"line":90,"column":47},"end":{"line":90,"column":55}},"36":{"start":{"line":91,"column":2},"end":{"line":92,"column":85}},"37":{"start":{"line":92,"column":4},"end":{"line":92,"column":85}},"38":{"start":{"line":94,"column":2},"end":{"line":109,"column":3}},"39":{"start":{"line":95,"column":19},"end":{"line":95,"column":91}},"40":{"start":{"line":96,"column":4},"end":{"line":96,"column":85}},"41":{"start":{"line":96,"column":22},"end":{"line":96,"column":85}},"42":{"start":{"line":98,"column":19},"end":{"line":98,"column":21}},"43":{"start":{"line":99,"column":19},"end":{"line":99,"column":21}},"44":{"start":{"line":100,"column":4},"end":{"line":100,"column":87}},"45":{"start":{"line":100,"column":32},"end":{"line":100,"column":60}},"46":{"start":{"line":100,"column":64},"end":{"line":100,"column":85}},"47":{"start":{"line":101,"column":4},"end":{"line":101,"column":88}},"48":{"start":{"line":101,"column":32},"end":{"line":101,"column":61}},"49":{"start":{"line":101,"column":64},"end":{"line":101,"column":86}},"50":{"start":{"line":102,"column":4},"end":{"line":102,"column":103}},"51":{"start":{"line":102,"column":37},"end":{"line":102,"column":68}},"52":{"start":{"line":102,"column":69},"end":{"line":102,"column":101}},"53":{"start":{"line":104,"column":4},"end":{"line":104,"column":30}},"54":{"start":{"line":105,"column":4},"end":{"line":105,"column":84}},"55":{"start":{"line":106,"column":4},"end":{"line":106,"column":46}},"56":{"start":{"line":108,"column":4},"end":{"line":108,"column":50}},"57":{"start":{"line":113,"column":0},"end":{"line":120,"column":2}},"58":{"start":{"line":114,"column":2},"end":{"line":119,"column":3}},"59":{"start":{"line":115,"column":4},"end":{"line":115,"column":73}},"60":{"start":{"line":116,"column":4},"end":{"line":116,"column":46}},"61":{"start":{"line":118,"column":4},"end":{"line":118,"column":50}},"62":{"start":{"line":122,"column":0},"end":{"line":122,"column":23}}},"fnMap":{"0":{"name":"(anonymous_0)","decl":{"start":{"line":10,"column":12},"end":{"line":10,"column":13}},"loc":{"start":{"line":10,"column":31},"end":{"line":13,"column":3}},"line":10},"1":{"name":"(anonymous_1)","decl":{"start":{"line":27,"column":14},"end":{"line":27,"column":15}},"loc":{"start":{"line":27,"column":33},"end":{"line":30,"column":3}},"line":27},"2":{"name":"(anonymous_2)","decl":{"start":{"line":34,"column":24},"end":{"line":34,"column":25}},"loc":{"start":{"line":34,"column":44},"end":{"line":47,"column":1}},"line":34},"3":{"name":"(anonymous_3)","decl":{"start":{"line":50,"column":27},"end":{"line":50,"column":28}},"loc":{"start":{"line":50,"column":47},"end":{"line":65,"column":1}},"line":50},"4":{"name":"(anonymous_4)","decl":{"start":{"line":68,"column":69},"end":{"line":68,"column":70}},"loc":{"start":{"line":68,"column":89},"end":{"line":86,"column":1}},"line":68},"5":{"name":"(anonymous_5)","decl":{"start":{"line":89,"column":48},"end":{"line":89,"column":49}},"loc":{"start":{"line":89,"column":68},"end":{"line":110,"column":1}},"line":89},"6":{"name":"(anonymous_6)","decl":{"start":{"line":113,"column":39},"end":{"line":113,"column":40}},"loc":{"start":{"line":113,"column":59},"end":{"line":120,"column":1}},"line":113}},"branchMap":{"0":{"loc":{"start":{"line":28,"column":4},"end":{"line":29,"column":48}},"type":"if","locations":[{"start":{"line":28,"column":4},"end":{"line":29,"column":48}},{"start":{"line":29,"column":9},"end":{"line":29,"column":48}}],"line":28},"1":{"loc":{"start":{"line":60,"column":4},"end":{"line":60,"column":85}},"type":"if","locations":[{"start":{"line":60,"column":4},"end":{"line":60,"column":85}},{"start":{},"end":{}}],"line":60},"2":{"loc":{"start":{"line":70,"column":2},"end":{"line":71,"column":84}},"type":"if","locations":[{"start":{"line":70,"column":2},"end":{"line":71,"column":84}},{"start":{},"end":{}}],"line":70},"3":{"loc":{"start":{"line":70,"column":6},"end":{"line":70,"column":29}},"type":"binary-expr","locations":[{"start":{"line":70,"column":6},"end":{"line":70,"column":15}},{"start":{"line":70,"column":19},"end":{"line":70,"column":29}}],"line":70},"4":{"loc":{"start":{"line":74,"column":23},"end":{"line":74,"column":85}},"type":"cond-expr","locations":[{"start":{"line":74,"column":34},"end":{"line":74,"column":65}},{"start":{"line":74,"column":69},"end":{"line":74,"column":84}}],"line":74},"5":{"loc":{"start":{"line":74,"column":69},"end":{"line":74,"column":84}},"type":"binary-expr","locations":[{"start":{"line":74,"column":69},"end":{"line":74,"column":78}},{"start":{"line":74,"column":82},"end":{"line":74,"column":84}}],"line":74},"6":{"loc":{"start":{"line":80,"column":7},"end":{"line":80,"column":26}},"type":"binary-expr","locations":[{"start":{"line":80,"column":7},"end":{"line":80,"column":18}},{"start":{"line":80,"column":22},"end":{"line":80,"column":26}}],"line":80},"7":{"loc":{"start":{"line":91,"column":2},"end":{"line":92,"column":85}},"type":"if","locations":[{"start":{"line":91,"column":2},"end":{"line":92,"column":85}},{"start":{},"end":{}}],"line":91},"8":{"loc":{"start":{"line":91,"column":6},"end":{"line":91,"column":58}},"type":"binary-expr","locations":[{"start":{"line":91,"column":6},"end":{"line":91,"column":15}},{"start":{"line":91,"column":19},"end":{"line":91,"column":29}},{"start":{"line":91,"column":33},"end":{"line":91,"column":58}}],"line":91},"9":{"loc":{"start":{"line":96,"column":4},"end":{"line":96,"column":85}},"type":"if","locations":[{"start":{"line":96,"column":4},"end":{"line":96,"column":85}},{"start":{},"end":{}}],"line":96},"10":{"loc":{"start":{"line":100,"column":4},"end":{"line":100,"column":87}},"type":"if","locations":[{"start":{"line":100,"column":4},"end":{"line":100,"column":87}},{"start":{},"end":{}}],"line":100},"11":{"loc":{"start":{"line":101,"column":4},"end":{"line":101,"column":88}},"type":"if","locations":[{"start":{"line":101,"column":4},"end":{"line":101,"column":88}},{"start":{},"end":{}}],"line":101},"12":{"loc":{"start":{"line":102,"column":4},"end":{"line":102,"column":103}},"type":"if","locations":[{"start":{"line":102,"column":4},"end":{"line":102,"column":103}},{"start":{},"end":{}}],"line":102},"13":{"loc":{"start":{"line":102,"column":81},"end":{"line":102,"column":100}},"type":"binary-expr","locations":[{"start":{"line":102,"column":81},"end":{"line":102,"column":92}},{"start":{"line":102,"column":96},"end":{"line":102,"column":100}}],"line":102}},"s":{"0":0,"1":0,"2":0,"3":0,"4":0,"5":0,"6":0,"7":0,"8":0,"9":0,"10":0,"11":0,"12":0,"13":0,"14":0,"15":0,"16":0,"17":0,"18":0,"19":0,"20":0,"21":0,"22":0,"23":0,"24":0,"25":0,"26":0,"27":0,"28":0,"29":0,"30":0,"31":0,"32":0,"33":0,"34":0,"35":0,"36":0,"37":0,"38":0,"39":0,"40":0,"41":0,"42":0,"43":0,"44":0,"45":0,"46":0,"47":0,"48":0,"49":0,"50":0,"51":0,"52":0,"53":0,"54":0,"55":0,"56":0,"57":0,"58":0,"59":0,"60":0,"61":0,"62":0},"f":{"0":0,"1":0,"2":0,"3":0,"4":0,"5":0,"6":0},"b":{"0":[0,0],"1":[0,0],"2":[0,0],"3":[0,0],"4":[0,0],"5":[0,0],"6":[0,0],"7":[0,0],"8":[0,0,0],"9":[0,0],"10":[0,0],"11":[0,0],"12":[0,0],"13":[0,0]}}
,"C:\\Users\\Dell\\Desktop\\project\\MaritimeFlow\\backend\\routes\\reports.js": {"path":"C:\\Users\\Dell\\Desktop\\project\\MaritimeFlow\\backend\\routes\\reports.js","statementMap":{"0":{"start":{"line":1,"column":15},"end":{"line":1,"column":42}},"1":{"start":{"line":2,"column":15},"end":{"line":2,"column":38}},"2":{"start":{"line":3,"column":15},"end":{"line":3,"column":44}},"3":{"start":{"line":6,"column":0},"end":{"line":18,"column":2}},"4":{"start":{"line":7,"column":2},"end":{"line":17,"column":3}},"5":{"start":{"line":8,"column":19},"end":{"line":13,"column":5}},"6":{"start":{"line":14,"column":4},"end":{"line":14,"column":18}},"7":{"start":{"line":16,"column":4},"end":{"line":16,"column":50}},"8":{"start":{"line":21,"column":0},"end":{"line":35,"column":2}},"9":{"start":{"line":22,"column":2},"end":{"line":34,"column":3}},"10":{"start":{"line":23,"column":19},"end":{"line":29,"column":5}},"11":{"start":{"line":30,"column":4},"end":{"line":30,"column":83}},"12":{"start":{"line":30,"column":22},"end":{"line":30,"column":83}},"13":{"start":{"line":31,"column":4},"end":{"line":31,"column":21}},"14":{"start":{"line":33,"column":4},"end":{"line":33,"column":50}},"15":{"start":{"line":38,"column":0},"end":{"line":52,"column":2}},"16":{"start":{"line":39,"column":44},"end":{"line":39,"column":52}},"17":{"start":{"line":40,"column":2},"end":{"line":41,"column":83}},"18":{"start":{"line":41,"column":4},"end":{"line":41,"column":83}},"19":{"start":{"line":43,"column":2},"end":{"line":51,"column":3}},"20":{"start":{"line":44,"column":21},"end":{"line":47,"column":5}},"21":{"start":{"line":48,"column":4},"end":{"line":48,"column":83}},"22":{"start":{"line":50,"column":4},"end":{"line":50,"column":50}},"23":{"start":{"line":55,"column":0},"end":{"line":62,"column":2}},"24":{"start":{"line":56,"column":2},"end":{"line":61,"column":3}},"25":{"start":{"line":57,"column":4},"end":{"line":57,"column":71}},"26":{"start":{"line":58,"column":4},"end":{"line":58,"column":44}},"27":{"start":{"line":60,"column":4},"end":{"line":60,"column":50}},"28":{"start":{"line":64,"column":0},"end":{"line":64,"column":23}}},"fnMap":{"0":{"name":"(anonymous_0)","decl":{"start":{"line":6,"column":24},"end":{"line":6,"column":25}},"loc":{"start":{"line":6,"column":44},"end":{"line":18,"column":1}},"line":6},"1":{"name":"(anonymous_1)","decl":{"start":{"line":21,"column":27},"end":{"line":21,"column":28}},"loc":{"start":{"line":21,"column":47},"end":{"line":35,"column":1}},"line":21},"2":{"name":"(anonymous_2)","decl":{"start":{"line":38,"column":46},"end":{"line":38,"column":47}},"loc":{"start":{"line":38,"column":66},"end":{"line":52,"column":1}},"line":38},"3":{"name":"(anonymous_3)","decl":{"start":{"line":55,"column":39},"end":{"line":55,"column":40}},"loc":{"start":{"line":55,"column":59},"end":{"line":62,"column":1}},"line":55}},"branchMap":{"0":{"loc":{"start":{"line":30,"column":4},"end":{"line":30,"column":83}},"type":"if","locations":[{"start":{"line":30,"column":4},"end":{"line":30,"column":83}},{"start":{},"end":{}}],"line":30},"1":{"loc":{"start":{"line":40,"column":2},"end":{"line":41,"column":83}},"type":"if","locations":[{"start":{"line":40,"column":2},"end":{"line":41,"column":83}},{"start":{},"end":{}}],"line":40},"2":{"loc":{"start":{"line":40,"column":6},"end":{"line":40,"column":28}},"type":"binary-expr","locations":[{"start":{"line":40,"column":6},"end":{"line":40,"column":12}},{"start":{"line":40,"column":16},"end":{"line":40,"column":28}}],"line":40},"3":{"loc":{"start":{"line":46,"column":40},"end":{"line":46,"column":57}},"type":"binary-expr","locations":[{"start":{"line":46,"column":40},"end":{"line":46,"column":49}},{"start":{"line":46,"column":53},"end":{"line":46,"column":57}}],"line":46}},"s":{"0":0,"1":0,"2":0,"3":0,"4":0,"5":0,"6":0,"7":0,"8":0,"9":0,"10":0,"11":0,"12":0,"13":0,"14":0,"15":0,"16":0,"17":0,"18":0,"19":0,"20":0,"21":0,"22":0,"23":0,"24":0,"25":0,"26":0,"27":0,"28":0},"f":{"0":0,"1":0,"2":0,"3":0},"b":{"0":[0,0],"1":[0,0],"2":[0,0],"3":[0,0]}}
,"C:\\Users\\Dell\\Desktop\\project\\MaritimeFlow\\backend\\routes\\shipments.js": {"path":"C:\\Users\\Dell\\Desktop\\project\\MaritimeFlow\\backend\\routes\\shipments.js","statementMap":{"0":{"start":{"line":1,"column":15},"end":{"line":1,"column":42}},"1":{"start":{"line":2,"column":15},"end":{"line":2,"column":38}},"2":{"start":{"line":3,"column":15},"end":{"line":3,"column":44}},"3":{"start":{"line":6,"column":0},"end":{"line":18,"column":2}},"4":{"start":{"line":7,"column":2},"end":{"line":17,"column":3}},"5":{"start":{"line":8,"column":19},"end":{"line":13,"column":5}},"6":{"start":{"line":14,"column":4},"end":{"line":14,"column":18}},"7":{"start":{"line":16,"column":4},"end":{"line":16,"column":50}},"8":{"start":{"line":21,"column":0},"end":{"line":35,"column":2}},"9":{"start":{"line":22,"column":2},"end":{"line":34,"column":3}},"10":{"start":{"line":23,"column":19},"end":{"line":29,"column":5}},"11":{"start":{"line":30,"column":4},"end":{"line":30,"column":85}},"12":{"start":{"line":30,"column":22},"end":{"line":30,"column":85}},"13":{"start":{"line":31,"column":4},"end":{"line":31,"column":21}},"14":{"start":{"line":33,"column":4},"end":{"line":33,"column":50}},"15":{"start":{"line":38,"column":0},"end":{"line":53,"column":2}},"16":{"start":{"line":39,"column":91},"end":{"line":39,"column":99}},"17":{"start":{"line":40,"column":2},"end":{"line":41,"column":101}},"18":{"start":{"line":41,"column":4},"end":{"line":41,"column":101}},"19":{"start":{"line":43,"column":2},"end":{"line":52,"column":3}},"20":{"start":{"line":44,"column":21},"end":{"line":48,"column":5}},"21":{"start":{"line":49,"column":4},"end":{"line":49,"column":87}},"22":{"start":{"line":51,"column":4},"end":{"line":51,"column":50}},"23":{"start":{"line":56,"column":0},"end":{"line":69,"column":2}},"24":{"start":{"line":57,"column":90},"end":{"line":57,"column":98}},"25":{"start":{"line":58,"column":2},"end":{"line":68,"column":3}},"26":{"start":{"line":59,"column":4},"end":{"line":64,"column":5}},"27":{"start":{"line":65,"column":4},"end":{"line":65,"column":46}},"28":{"start":{"line":67,"column":4},"end":{"line":67,"column":50}},"29":{"start":{"line":72,"column":0},"end":{"line":79,"column":2}},"30":{"start":{"line":73,"column":2},"end":{"line":78,"column":3}},"31":{"start":{"line":74,"column":4},"end":{"line":74,"column":73}},"32":{"start":{"line":75,"column":4},"end":{"line":75,"column":46}},"33":{"start":{"line":77,"column":4},"end":{"line":77,"column":50}},"34":{"start":{"line":81,"column":0},"end":{"line":81,"column":23}}},"fnMap":{"0":{"name":"(anonymous_0)","decl":{"start":{"line":6,"column":24},"end":{"line":6,"column":25}},"loc":{"start":{"line":6,"column":44},"end":{"line":18,"column":1}},"line":6},"1":{"name":"(anonymous_1)","decl":{"start":{"line":21,"column":27},"end":{"line":21,"column":28}},"loc":{"start":{"line":21,"column":47},"end":{"line":35,"column":1}},"line":21},"2":{"name":"(anonymous_2)","decl":{"start":{"line":38,"column":46},"end":{"line":38,"column":47}},"loc":{"start":{"line":38,"column":66},"end":{"line":53,"column":1}},"line":38},"3":{"name":"(anonymous_3)","decl":{"start":{"line":56,"column":48},"end":{"line":56,"column":49}},"loc":{"start":{"line":56,"column":68},"end":{"line":69,"column":1}},"line":56},"4":{"name":"(anonymous_4)","decl":{"start":{"line":72,"column":39},"end":{"line":72,"column":40}},"loc":{"start":{"line":72,"column":59},"end":{"line":79,"column":1}},"line":72}},"branchMap":{"0":{"loc":{"start":{"line":30,"column":4},"end":{"line":30,"column":85}},"type":"if","locations":[{"start":{"line":30,"column":4},"end":{"line":30,"column":85}},{"start":{},"end":{}}],"line":30},"1":{"loc":{"start":{"line":40,"column":2},"end":{"line":41,"column":101}},"type":"if","locations":[{"start":{"line":40,"column":2},"end":{"line":41,"column":101}},{"start":{},"end":{}}],"line":40},"2":{"loc":{"start":{"line":40,"column":6},"end":{"line":40,"column":49}},"type":"binary-expr","locations":[{"start":{"line":40,"column":6},"end":{"line":40,"column":22}},{"start":{"line":40,"column":26},"end":{"line":40,"column":33}},{"start":{"line":40,"column":37},"end":{"line":40,"column":49}}],"line":40},"3":{"loc":{"start":{"line":47,"column":24},"end":{"line":47,"column":43}},"type":"binary-expr","locations":[{"start":{"line":47,"column":24},"end":{"line":47,"column":35}},{"start":{"line":47,"column":39},"end":{"line":47,"column":43}}],"line":47},"4":{"loc":{"start":{"line":47,"column":66},"end":{"line":47,"column":85}},"type":"binary-expr","locations":[{"start":{"line":47,"column":66},"end":{"line":47,"column":72}},{"start":{"line":47,"column":76},"end":{"line":47,"column":85}}],"line":47},"5":{"loc":{"start":{"line":47,"column":87},"end":{"line":47,"column":112}},"type":"binary-expr","locations":[{"start":{"line":47,"column":87},"end":{"line":47,"column":104}},{"start":{"line":47,"column":108},"end":{"line":47,"column":112}}],"line":47},"6":{"loc":{"start":{"line":63,"column":7},"end":{"line":63,"column":26}},"type":"binary-expr","locations":[{"start":{"line":63,"column":7},"end":{"line":63,"column":18}},{"start":{"line":63,"column":22},"end":{"line":63,"column":26}}],"line":63},"7":{"loc":{"start":{"line":63,"column":57},"end":{"line":63,"column":82}},"type":"binary-expr","locations":[{"start":{"line":63,"column":57},"end":{"line":63,"column":74}},{"start":{"line":63,"column":78},"end":{"line":63,"column":82}}],"line":63},"8":{"loc":{"start":{"line":63,"column":84},"end":{"line":63,"column":106}},"type":"binary-expr","locations":[{"start":{"line":63,"column":84},"end":{"line":63,"column":98}},{"start":{"line":63,"column":102},"end":{"line":63,"column":106}}],"line":63}},"s":{"0":1,"1":1,"2":1,"3":1,"4":1,"5":1,"6":1,"7":0,"8":1,"9":1,"10":1,"11":1,"12":1,"13":0,"14":0,"15":1,"16":2,"17":2,"18":1,"19":1,"20":1,"21":0,"22":1,"23":1,"24":0,"25":0,"26":0,"27":0,"28":0,"29":1,"30":0,"31":0,"32":0,"33":0,"34":1},"f":{"0":1,"1":1,"2":2,"3":0,"4":0},"b":{"0":[1,0],"1":[1,1],"2":[2,2,1],"3":[1,0],"4":[1,0],"5":[1,0],"6":[0,0],"7":[0,0],"8":[0,0]},"_coverageSchema":"1a1c01bbd47fc00a2c39e90264f33305004495a9","hash":"fab7164575198e4f6ee6e5b0b2d0c2d0fae3a719"}
,"C:\\Users\\Dell\\Desktop\\project\\MaritimeFlow\\backend\\routes\\users.js": {"path":"C:\\Users\\Dell\\Desktop\\project\\MaritimeFlow\\backend\\routes\\users.js","statementMap":{"0":{"start":{"line":1,"column":15},"end":{"line":1,"column":42}},"1":{"start":{"line":2,"column":15},"end":{"line":2,"column":34}},"2":{"start":{"line":3,"column":15},"end":{"line":3,"column":38}},"3":{"start":{"line":4,"column":15},"end":{"line":4,"column":44}},"4":{"start":{"line":6,"column":20},"end":{"line":6,"column":51}},"5":{"start":{"line":9,"column":0},"end":{"line":18,"column":2}},"6":{"start":{"line":10,"column":2},"end":{"line":17,"column":3}},"7":{"start":{"line":11,"column":19},"end":{"line":13,"column":5}},"8":{"start":{"line":14,"column":4},"end":{"line":14,"column":18}},"9":{"start":{"line":16,"column":4},"end":{"line":16,"column":50}},"10":{"start":{"line":21,"column":0},"end":{"line":32,"column":2}},"11":{"start":{"line":22,"column":2},"end":{"line":31,"column":3}},"12":{"start":{"line":23,"column":19},"end":{"line":26,"column":5}},"13":{"start":{"line":27,"column":4},"end":{"line":27,"column":81}},"14":{"start":{"line":27,"column":22},"end":{"line":27,"column":81}},"15":{"start":{"line":28,"column":4},"end":{"line":28,"column":21}},"16":{"start":{"line":30,"column":4},"end":{"line":30,"column":50}},"17":{"start":{"line":35,"column":0},"end":{"line":59,"column":2}},"18":{"start":{"line":36,"column":52},"end":{"line":36,"column":60}},"19":{"start":{"line":37,"column":2},"end":{"line":38,"column":97}},"20":{"start":{"line":38,"column":4},"end":{"line":38,"column":97}},"21":{"start":{"line":39,"column":2},"end":{"line":40,"column":87}},"22":{"start":{"line":40,"column":4},"end":{"line":40,"column":87}},"23":{"start":{"line":41,"column":2},"end":{"line":42,"column":61}},"24":{"start":{"line":42,"column":4},"end":{"line":42,"column":61}},"25":{"start":{"line":44,"column":2},"end":{"line":58,"column":3}},"26":{"start":{"line":45,"column":22},"end":{"line":45,"column":85}},"27":{"start":{"line":46,"column":4},"end":{"line":46,"column":93}},"28":{"start":{"line":46,"column":24},"end":{"line":46,"column":93}},"29":{"start":{"line":47,"column":25},"end":{"line":47,"column":94}},"30":{"start":{"line":48,"column":4},"end":{"line":48,"column":94}},"31":{"start":{"line":48,"column":27},"end":{"line":48,"column":94}},"32":{"start":{"line":50,"column":17},"end":{"line":50,"column":48}},"33":{"start":{"line":51,"column":21},"end":{"line":54,"column":5}},"34":{"start":{"line":55,"column":4},"end":{"line":55,"column":79}},"35":{"start":{"line":57,"column":4},"end":{"line":57,"column":50}},"36":{"start":{"line":62,"column":0},"end":{"line":83,"column":2}},"37":{"start":{"line":63,"column":32},"end":{"line":63,"column":40}},"38":{"start":{"line":64,"column":2},"end":{"line":65,"column":83}},"39":{"start":{"line":65,"column":4},"end":{"line":65,"column":83}},"40":{"start":{"line":66,"column":2},"end":{"line":67,"column":61}},"41":{"start":{"line":67,"column":4},"end":{"line":67,"column":61}},"42":{"start":{"line":69,"column":2},"end":{"line":82,"column":3}},"43":{"start":{"line":70,"column":20},"end":{"line":72,"column":5}},"44":{"start":{"line":73,"column":4},"end":{"line":73,"column":106}},"45":{"start":{"line":73,"column":22},"end":{"line":73,"column":106}},"46":{"start":{"line":75,"column":4},"end":{"line":78,"column":5}},"47":{"start":{"line":79,"column":4},"end":{"line":79,"column":42}},"48":{"start":{"line":81,"column":4},"end":{"line":81,"column":50}},"49":{"start":{"line":86,"column":0},"end":{"line":97,"column":2}},"50":{"start":{"line":88,"column":2},"end":{"line":89,"column":83}},"51":{"start":{"line":89,"column":4},"end":{"line":89,"column":83}},"52":{"start":{"line":91,"column":2},"end":{"line":96,"column":3}},"53":{"start":{"line":92,"column":4},"end":{"line":92,"column":69}},"54":{"start":{"line":93,"column":4},"end":{"line":93,"column":42}},"55":{"start":{"line":95,"column":4},"end":{"line":95,"column":50}},"56":{"start":{"line":99,"column":0},"end":{"line":99,"column":23}}},"fnMap":{"0":{"name":"(anonymous_0)","decl":{"start":{"line":9,"column":33},"end":{"line":9,"column":34}},"loc":{"start":{"line":9,"column":53},"end":{"line":18,"column":1}},"line":9},"1":{"name":"(anonymous_1)","decl":{"start":{"line":21,"column":27},"end":{"line":21,"column":28}},"loc":{"start":{"line":21,"column":47},"end":{"line":32,"column":1}},"line":21},"2":{"name":"(anonymous_2)","decl":{"start":{"line":35,"column":34},"end":{"line":35,"column":35}},"loc":{"start":{"line":35,"column":54},"end":{"line":59,"column":1}},"line":35},"3":{"name":"(anonymous_3)","decl":{"start":{"line":62,"column":36},"end":{"line":62,"column":37}},"loc":{"start":{"line":62,"column":56},"end":{"line":83,"column":1}},"line":62},"4":{"name":"(anonymous_4)","decl":{"start":{"line":86,"column":39},"end":{"line":86,"column":40}},"loc":{"start":{"line":86,"column":59},"end":{"line":97,"column":1}},"line":86}},"branchMap":{"0":{"loc":{"start":{"line":27,"column":4},"end":{"line":27,"column":81}},"type":"if","locations":[{"start":{"line":27,"column":4},"end":{"line":27,"column":81}},{"start":{},"end":{}}],"line":27},"1":{"loc":{"start":{"line":37,"column":2},"end":{"line":38,"column":97}},"type":"if","locations":[{"start":{"line":37,"column":2},"end":{"line":38,"column":97}},{"start":{},"end":{}}],"line":37},"2":{"loc":{"start":{"line":37,"column":6},"end":{"line":37,"column":47}},"type":"binary-expr","locations":[{"start":{"line":37,"column":6},"end":{"line":37,"column":11}},{"start":{"line":37,"column":15},"end":{"line":37,"column":21}},{"start":{"line":37,"column":25},"end":{"line":37,"column":34}},{"start":{"line":37,"column":38},"end":{"line":37,"column":47}}],"line":37},"3":{"loc":{"start":{"line":39,"column":2},"end":{"line":40,"column":87}},"type":"if","locations":[{"start":{"line":39,"column":2},"end":{"line":40,"column":87}},{"start":{},"end":{}}],"line":39},"4":{"loc":{"start":{"line":41,"column":2},"end":{"line":42,"column":61}},"type":"if","locations":[{"start":{"line":41,"column":2},"end":{"line":42,"column":61}},{"start":{},"end":{}}],"line":41},"5":{"loc":{"start":{"line":41,"column":6},"end":{"line":41,"column":41}},"type":"binary-expr","locations":[{"start":{"line":41,"column":6},"end":{"line":41,"column":10}},{"start":{"line":41,"column":14},"end":{"line":41,"column":41}}],"line":41},"6":{"loc":{"start":{"line":46,"column":4},"end":{"line":46,"column":93}},"type":"if","locations":[{"start":{"line":46,"column":4},"end":{"line":46,"column":93}},{"start":{},"end":{}}],"line":46},"7":{"loc":{"start":{"line":48,"column":4},"end":{"line":48,"column":94}},"type":"if","locations":[{"start":{"line":48,"column":4},"end":{"line":48,"column":94}},{"start":{},"end":{}}],"line":48},"8":{"loc":{"start":{"line":53,"column":36},"end":{"line":53,"column":52}},"type":"binary-expr","locations":[{"start":{"line":53,"column":36},"end":{"line":53,"column":40}},{"start":{"line":53,"column":44},"end":{"line":53,"column":52}}],"line":53},"9":{"loc":{"start":{"line":64,"column":2},"end":{"line":65,"column":83}},"type":"if","locations":[{"start":{"line":64,"column":2},"end":{"line":65,"column":83}},{"start":{},"end":{}}],"line":64},"10":{"loc":{"start":{"line":64,"column":6},"end":{"line":64,"column":30}},"type":"binary-expr","locations":[{"start":{"line":64,"column":6},"end":{"line":64,"column":11}},{"start":{"line":64,"column":15},"end":{"line":64,"column":21}},{"start":{"line":64,"column":25},"end":{"line":64,"column":30}}],"line":64},"11":{"loc":{"start":{"line":66,"column":2},"end":{"line":67,"column":61}},"type":"if","locations":[{"start":{"line":66,"column":2},"end":{"line":67,"column":61}},{"start":{},"end":{}}],"line":66},"12":{"loc":{"start":{"line":73,"column":4},"end":{"line":73,"column":106}},"type":"if","locations":[{"start":{"line":73,"column":4},"end":{"line":73,"column":106}},{"start":{},"end":{}}],"line":73},"13":{"loc":{"start":{"line":88,"column":2},"end":{"line":89,"column":83}},"type":"if","locations":[{"start":{"line":88,"column":2},"end":{"line":89,"column":83}},{"start":{},"end":{}}],"line":88}},"s":{"0":0,"1":0,"2":0,"3":0,"4":0,"5":0,"6":0,"7":0,"8":0,"9":0,"10":0,"11":0,"12":0,"13":0,"14":0,"15":0,"16":0,"17":0,"18":0,"19":0,"20":0,"21":0,"22":0,"23":0,"24":0,"25":0,"26":0,"27":0,"28":0,"29":0,"30":0,"31":0,"32":0,"33":0,"34":0,"35":0,"36":0,"37":0,"38":0,"39":0,"40":0,"41":0,"42":0,"43":0,"44":0,"45":0,"46":0,"47":0,"48":0,"49":0,"50":0,"51":0,"52":0,"53":0,"54":0,"55":0,"56":0},"f":{"0":0,"1":0,"2":0,"3":0,"4":0},"b":{"0":[0,0],"1":[0,0],"2":[0,0,0,0],"3":[0,0],"4":[0,0],"5":[0,0],"6":[0,0],"7":[0,0],"8":[0,0],"9":[0,0],"10":[0,0,0],"11":[0,0],"12":[0,0],"13":[0,0]}}
}
