{"C:\\Users\\Dell\\Desktop\\project\\MaritimeFlow\\backend\\config\\db.js": {"path":"C:\\Users\\Dell\\Desktop\\project\\MaritimeFlow\\backend\\config\\db.js","statementMap":{"0":{"start":{"line":1,"column":14},"end":{"line":1,"column":39}},"1":{"start":{"line":2,"column":0},"end":{"line":2,"column":26}},"2":{"start":{"line":14,"column":13},"end":{"line":23,"column":2}},"3":{"start":{"line":29,"column":2},"end":{"line":38,"column":3}},"4":{"start":{"line":30,"column":23},"end":{"line":30,"column":49}},"5":{"start":{"line":31,"column":4},"end":{"line":33,"column":5}},"6":{"start":{"line":34,"column":4},"end":{"line":34,"column":24}},"7":{"start":{"line":36,"column":4},"end":{"line":36,"column":66}},"8":{"start":{"line":37,"column":4},"end":{"line":37,"column":19}},"9":{"start":{"line":41,"column":0},"end":{"line":41,"column":16}},"10":{"start":{"line":43,"column":0},"end":{"line":43,"column":21}}},"fnMap":{"0":{"name":"testConnection","decl":{"start":{"line":28,"column":15},"end":{"line":28,"column":29}},"loc":{"start":{"line":28,"column":32},"end":{"line":39,"column":1}},"line":28}},"branchMap":{"0":{"loc":{"start":{"line":15,"column":8},"end":{"line":15,"column":42}},"type":"binary-expr","locations":[{"start":{"line":15,"column":8},"end":{"line":15,"column":27}},{"start":{"line":15,"column":31},"end":{"line":15,"column":42}}],"line":15},"1":{"loc":{"start":{"line":16,"column":8},"end":{"line":16,"column":37}},"type":"binary-expr","locations":[{"start":{"line":16,"column":8},"end":{"line":16,"column":27}},{"start":{"line":16,"column":31},"end":{"line":16,"column":37}}],"line":16},"2":{"loc":{"start":{"line":17,"column":12},"end":{"line":17,"column":41}},"type":"binary-expr","locations":[{"start":{"line":17,"column":12},"end":{"line":17,"column":35}},{"start":{"line":17,"column":39},"end":{"line":17,"column":41}}],"line":17},"3":{"loc":{"start":{"line":18,"column":12},"end":{"line":18,"column":51}},"type":"binary-expr","locations":[{"start":{"line":18,"column":12},"end":{"line":18,"column":31}},{"start":{"line":18,"column":35},"end":{"line":18,"column":51}}],"line":18},"4":{"loc":{"start":{"line":19,"column":8},"end":{"line":19,"column":45}},"type":"binary-expr","locations":[{"start":{"line":19,"column":8},"end":{"line":19,"column":37}},{"start":{"line":19,"column":41},"end":{"line":19,"column":45}}],"line":19},"5":{"loc":{"start":{"line":32,"column":46},"end":{"line":32,"column":85}},"type":"binary-expr","locations":[{"start":{"line":32,"column":46},"end":{"line":32,"column":65}},{"start":{"line":32,"column":69},"end":{"line":32,"column":85}}],"line":32},"6":{"loc":{"start":{"line":32,"column":92},"end":{"line":32,"column":126}},"type":"binary-expr","locations":[{"start":{"line":32,"column":92},"end":{"line":32,"column":111}},{"start":{"line":32,"column":115},"end":{"line":32,"column":126}}],"line":32},"7":{"loc":{"start":{"line":32,"column":130},"end":{"line":32,"column":157}},"type":"binary-expr","locations":[{"start":{"line":32,"column":130},"end":{"line":32,"column":149}},{"start":{"line":32,"column":153},"end":{"line":32,"column":157}}],"line":32}},"s":{"0":2,"1":2,"2":2,"3":2,"4":2,"5":2,"6":2,"7":0,"8":0,"9":2,"10":2},"f":{"0":2},"b":{"0":[2,0],"1":[2,0],"2":[2,2],"3":[2,0],"4":[2,0],"5":[2,0],"6":[2,0],"7":[2,0]},"_coverageSchema":"1a1c01bbd47fc00a2c39e90264f33305004495a9","hash":"af883f72fa068f6e21513f2f4d350c0a344ce9f7"}
,"C:\\Users\\Dell\\Desktop\\project\\MaritimeFlow\\backend\\middleware\\auth.js": {"path":"C:\\Users\\Dell\\Desktop\\project\\MaritimeFlow\\backend\\middleware\\auth.js","statementMap":{"0":{"start":{"line":1,"column":12},"end":{"line":1,"column":35}},"1":{"start":{"line":2,"column":18},"end":{"line":2,"column":86}},"2":{"start":{"line":9,"column":2},"end":{"line":28,"column":3}},"3":{"start":{"line":10,"column":23},"end":{"line":10,"column":51}},"4":{"start":{"line":11,"column":23},"end":{"line":11,"column":61}},"5":{"start":{"line":13,"column":4},"end":{"line":14,"column":83}},"6":{"start":{"line":14,"column":6},"end":{"line":14,"column":83}},"7":{"start":{"line":16,"column":4},"end":{"line":27,"column":5}},"8":{"start":{"line":17,"column":22},"end":{"line":17,"column":50}},"9":{"start":{"line":18,"column":6},"end":{"line":18,"column":24}},"10":{"start":{"line":20,"column":6},"end":{"line":22,"column":7}},"11":{"start":{"line":21,"column":8},"end":{"line":21,"column":92}},"12":{"start":{"line":24,"column":6},"end":{"line":24,"column":12}},"13":{"start":{"line":26,"column":6},"end":{"line":26,"column":75}},"14":{"start":{"line":31,"column":0},"end":{"line":31,"column":21}}},"fnMap":{"0":{"name":"auth","decl":{"start":{"line":8,"column":9},"end":{"line":8,"column":13}},"loc":{"start":{"line":8,"column":26},"end":{"line":29,"column":1}},"line":8},"1":{"name":"(anonymous_1)","decl":{"start":{"line":9,"column":9},"end":{"line":9,"column":10}},"loc":{"start":{"line":9,"column":29},"end":{"line":28,"column":3}},"line":9}},"branchMap":{"0":{"loc":{"start":{"line":2,"column":18},"end":{"line":2,"column":86}},"type":"binary-expr","locations":[{"start":{"line":2,"column":18},"end":{"line":2,"column":40}},{"start":{"line":2,"column":44},"end":{"line":2,"column":86}}],"line":2},"1":{"loc":{"start":{"line":8,"column":14},"end":{"line":8,"column":24}},"type":"default-arg","locations":[{"start":{"line":8,"column":22},"end":{"line":8,"column":24}}],"line":8},"2":{"loc":{"start":{"line":11,"column":23},"end":{"line":11,"column":61}},"type":"binary-expr","locations":[{"start":{"line":11,"column":23},"end":{"line":11,"column":33}},{"start":{"line":11,"column":37},"end":{"line":11,"column":61}}],"line":11},"3":{"loc":{"start":{"line":13,"column":4},"end":{"line":14,"column":83}},"type":"if","locations":[{"start":{"line":13,"column":4},"end":{"line":14,"column":83}},{"start":{},"end":{}}],"line":13},"4":{"loc":{"start":{"line":20,"column":6},"end":{"line":22,"column":7}},"type":"if","locations":[{"start":{"line":20,"column":6},"end":{"line":22,"column":7}},{"start":{},"end":{}}],"line":20},"5":{"loc":{"start":{"line":20,"column":10},"end":{"line":20,"column":59}},"type":"binary-expr","locations":[{"start":{"line":20,"column":10},"end":{"line":20,"column":26}},{"start":{"line":20,"column":30},"end":{"line":20,"column":59}}],"line":20}},"s":{"0":2,"1":2,"2":10,"3":17,"4":17,"5":17,"6":6,"7":11,"8":11,"9":10,"10":10,"11":4,"12":6,"13":1,"14":2},"f":{"0":10,"1":17},"b":{"0":[2,1],"1":[5],"2":[17,11],"3":[6,11],"4":[4,6],"5":[10,7]},"_coverageSchema":"1a1c01bbd47fc00a2c39e90264f33305004495a9","hash":"b439661dc4033dbae886e42baed9c560e15808fb"}
,"C:\\Users\\Dell\\Desktop\\project\\MaritimeFlow\\backend\\middleware\\logger.js": {"path":"C:\\Users\\Dell\\Desktop\\project\\MaritimeFlow\\backend\\middleware\\logger.js","statementMap":{"0":{"start":{"line":5,"column":22},"end":{"line":23,"column":1}},"1":{"start":{"line":6,"column":20},"end":{"line":6,"column":30}},"2":{"start":{"line":9,"column":2},"end":{"line":20,"column":5}},"3":{"start":{"line":10,"column":21},"end":{"line":10,"column":43}},"4":{"start":{"line":11,"column":16},"end":{"line":18,"column":5}},"5":{"start":{"line":19,"column":4},"end":{"line":19,"column":50}},"6":{"start":{"line":22,"column":2},"end":{"line":22,"column":9}},"7":{"start":{"line":25,"column":0},"end":{"line":25,"column":31}}},"fnMap":{"0":{"name":"(anonymous_0)","decl":{"start":{"line":5,"column":22},"end":{"line":5,"column":23}},"loc":{"start":{"line":5,"column":42},"end":{"line":23,"column":1}},"line":5},"1":{"name":"(anonymous_1)","decl":{"start":{"line":9,"column":19},"end":{"line":9,"column":20}},"loc":{"start":{"line":9,"column":25},"end":{"line":20,"column":3}},"line":9}},"branchMap":{"0":{"loc":{"start":{"line":17,"column":12},"end":{"line":17,"column":48}},"type":"cond-expr","locations":[{"start":{"line":17,"column":23},"end":{"line":17,"column":34}},{"start":{"line":17,"column":37},"end":{"line":17,"column":48}}],"line":17}},"s":{"0":0,"1":0,"2":0,"3":0,"4":0,"5":0,"6":0,"7":0},"f":{"0":0,"1":0},"b":{"0":[0,0]}}
,"C:\\Users\\Dell\\Desktop\\project\\MaritimeFlow\\backend\\routes\\auth.js": {"path":"C:\\Users\\Dell\\Desktop\\project\\MaritimeFlow\\backend\\routes\\auth.js","statementMap":{"0":{"start":{"line":1,"column":19},"end":{"line":1,"column":46}},"1":{"start":{"line":2,"column":19},"end":{"line":2,"column":38}},"2":{"start":{"line":3,"column":19},"end":{"line":3,"column":42}},"3":{"start":{"line":4,"column":19},"end":{"line":4,"column":40}},"4":{"start":{"line":5,"column":19},"end":{"line":5,"column":42}},"5":{"start":{"line":8,"column":20},"end":{"line":16,"column":2}},"6":{"start":{"line":19,"column":0},"end":{"line":50,"column":2}},"7":{"start":{"line":20,"column":52},"end":{"line":20,"column":60}},"8":{"start":{"line":22,"column":2},"end":{"line":23,"column":97}},"9":{"start":{"line":23,"column":4},"end":{"line":23,"column":97}},"10":{"start":{"line":25,"column":2},"end":{"line":26,"column":87}},"11":{"start":{"line":26,"column":4},"end":{"line":26,"column":87}},"12":{"start":{"line":28,"column":2},"end":{"line":49,"column":3}},"13":{"start":{"line":30,"column":22},"end":{"line":30,"column":85}},"14":{"start":{"line":31,"column":4},"end":{"line":32,"column":75}},"15":{"start":{"line":32,"column":6},"end":{"line":32,"column":75}},"16":{"start":{"line":35,"column":25},"end":{"line":35,"column":94}},"17":{"start":{"line":36,"column":4},"end":{"line":37,"column":73}},"18":{"start":{"line":37,"column":6},"end":{"line":37,"column":73}},"19":{"start":{"line":39,"column":17},"end":{"line":39,"column":48}},"20":{"start":{"line":40,"column":25},"end":{"line":40,"column":47}},"21":{"start":{"line":41,"column":25},"end":{"line":41,"column":70}},"22":{"start":{"line":42,"column":21},"end":{"line":45,"column":5}},"23":{"start":{"line":46,"column":4},"end":{"line":46,"column":95}},"24":{"start":{"line":48,"column":4},"end":{"line":48,"column":50}},"25":{"start":{"line":53,"column":0},"end":{"line":80,"column":2}},"26":{"start":{"line":54,"column":30},"end":{"line":54,"column":38}},"27":{"start":{"line":55,"column":2},"end":{"line":56,"column":80}},"28":{"start":{"line":56,"column":4},"end":{"line":56,"column":80}},"29":{"start":{"line":58,"column":2},"end":{"line":79,"column":3}},"30":{"start":{"line":59,"column":19},"end":{"line":59,"column":81}},"31":{"start":{"line":60,"column":4},"end":{"line":61,"column":91}},"32":{"start":{"line":61,"column":6},"end":{"line":61,"column":91}},"33":{"start":{"line":63,"column":18},"end":{"line":63,"column":25}},"34":{"start":{"line":64,"column":18},"end":{"line":64,"column":63}},"35":{"start":{"line":65,"column":4},"end":{"line":66,"column":87}},"36":{"start":{"line":66,"column":6},"end":{"line":66,"column":87}},"37":{"start":{"line":68,"column":18},"end":{"line":72,"column":5}},"38":{"start":{"line":73,"column":4},"end":{"line":76,"column":6}},"39":{"start":{"line":78,"column":4},"end":{"line":78,"column":50}},"40":{"start":{"line":85,"column":0},"end":{"line":131,"column":2}},"41":{"start":{"line":86,"column":20},"end":{"line":86,"column":28}},"42":{"start":{"line":87,"column":2},"end":{"line":88,"column":66}},"43":{"start":{"line":88,"column":4},"end":{"line":88,"column":66}},"44":{"start":{"line":90,"column":2},"end":{"line":130,"column":3}},"45":{"start":{"line":91,"column":19},"end":{"line":91,"column":92}},"46":{"start":{"line":92,"column":4},"end":{"line":93,"column":91}},"47":{"start":{"line":93,"column":6},"end":{"line":93,"column":91}},"48":{"start":{"line":95,"column":17},"end":{"line":95,"column":24}},"49":{"start":{"line":97,"column":16},"end":{"line":97,"column":39}},"50":{"start":{"line":98,"column":23},"end":{"line":102,"column":5}},"51":{"start":{"line":104,"column":24},"end":{"line":104,"column":75}},"52":{"start":{"line":105,"column":24},"end":{"line":105,"column":95}},"53":{"start":{"line":107,"column":4},"end":{"line":125,"column":6}},"54":{"start":{"line":127,"column":4},"end":{"line":127,"column":87}},"55":{"start":{"line":129,"column":4},"end":{"line":129,"column":50}},"56":{"start":{"line":134,"column":0},"end":{"line":168,"column":2}},"57":{"start":{"line":135,"column":30},"end":{"line":135,"column":38}},"58":{"start":{"line":136,"column":2},"end":{"line":137,"column":84}},"59":{"start":{"line":137,"column":4},"end":{"line":137,"column":84}},"60":{"start":{"line":139,"column":2},"end":{"line":140,"column":87}},"61":{"start":{"line":140,"column":4},"end":{"line":140,"column":87}},"62":{"start":{"line":142,"column":2},"end":{"line":167,"column":3}},"63":{"start":{"line":144,"column":4},"end":{"line":148,"column":5}},"64":{"start":{"line":145,"column":6},"end":{"line":145,"column":57}},"65":{"start":{"line":147,"column":6},"end":{"line":147,"column":113}},"66":{"start":{"line":150,"column":4},"end":{"line":151,"column":70}},"67":{"start":{"line":151,"column":6},"end":{"line":151,"column":70}},"68":{"start":{"line":153,"column":19},"end":{"line":153,"column":94}},"69":{"start":{"line":154,"column":4},"end":{"line":155,"column":65}},"70":{"start":{"line":155,"column":6},"end":{"line":155,"column":65}},"71":{"start":{"line":158,"column":4},"end":{"line":159,"column":114}},"72":{"start":{"line":159,"column":6},"end":{"line":159,"column":114}},"73":{"start":{"line":161,"column":17},"end":{"line":161,"column":48}},"74":{"start":{"line":162,"column":4},"end":{"line":162,"column":84}},"75":{"start":{"line":164,"column":4},"end":{"line":164,"column":102}},"76":{"start":{"line":166,"column":4},"end":{"line":166,"column":50}},"77":{"start":{"line":171,"column":0},"end":{"line":225,"column":2}},"78":{"start":{"line":172,"column":15},"end":{"line":172,"column":44}},"79":{"start":{"line":173,"column":25},"end":{"line":173,"column":31}},"80":{"start":{"line":176,"column":21},"end":{"line":176,"column":49}},"81":{"start":{"line":177,"column":16},"end":{"line":177,"column":54}},"82":{"start":{"line":179,"column":2},"end":{"line":181,"column":3}},"83":{"start":{"line":180,"column":4},"end":{"line":180,"column":81}},"84":{"start":{"line":183,"column":2},"end":{"line":188,"column":3}},"85":{"start":{"line":184,"column":20},"end":{"line":184,"column":61}},"86":{"start":{"line":185,"column":4},"end":{"line":185,"column":22}},"87":{"start":{"line":187,"column":4},"end":{"line":187,"column":73}},"88":{"start":{"line":190,"column":45},"end":{"line":190,"column":53}},"89":{"start":{"line":192,"column":2},"end":{"line":194,"column":3}},"90":{"start":{"line":193,"column":4},"end":{"line":193,"column":95}},"91":{"start":{"line":196,"column":2},"end":{"line":198,"column":3}},"92":{"start":{"line":197,"column":4},"end":{"line":197,"column":91}},"93":{"start":{"line":200,"column":2},"end":{"line":202,"column":3}},"94":{"start":{"line":201,"column":4},"end":{"line":201,"column":101}},"95":{"start":{"line":204,"column":2},"end":{"line":224,"column":3}},"96":{"start":{"line":205,"column":19},"end":{"line":205,"column":95}},"97":{"start":{"line":207,"column":4},"end":{"line":209,"column":5}},"98":{"start":{"line":208,"column":6},"end":{"line":208,"column":65}},"99":{"start":{"line":211,"column":17},"end":{"line":211,"column":24}},"100":{"start":{"line":212,"column":18},"end":{"line":212,"column":71}},"101":{"start":{"line":214,"column":4},"end":{"line":216,"column":5}},"102":{"start":{"line":215,"column":6},"end":{"line":215,"column":80}},"103":{"start":{"line":218,"column":17},"end":{"line":218,"column":52}},"104":{"start":{"line":219,"column":4},"end":{"line":219,"column":85}},"105":{"start":{"line":221,"column":4},"end":{"line":221,"column":59}},"106":{"start":{"line":223,"column":4},"end":{"line":223,"column":50}},"107":{"start":{"line":227,"column":0},"end":{"line":227,"column":23}}},"fnMap":{"0":{"name":"(anonymous_0)","decl":{"start":{"line":19,"column":25},"end":{"line":19,"column":26}},"loc":{"start":{"line":19,"column":45},"end":{"line":50,"column":1}},"line":19},"1":{"name":"(anonymous_1)","decl":{"start":{"line":53,"column":22},"end":{"line":53,"column":23}},"loc":{"start":{"line":53,"column":42},"end":{"line":80,"column":1}},"line":53},"2":{"name":"(anonymous_2)","decl":{"start":{"line":85,"column":32},"end":{"line":85,"column":33}},"loc":{"start":{"line":85,"column":52},"end":{"line":131,"column":1}},"line":85},"3":{"name":"(anonymous_3)","decl":{"start":{"line":134,"column":31},"end":{"line":134,"column":32}},"loc":{"start":{"line":134,"column":51},"end":{"line":168,"column":1}},"line":134},"4":{"name":"(anonymous_4)","decl":{"start":{"line":171,"column":32},"end":{"line":171,"column":33}},"loc":{"start":{"line":171,"column":52},"end":{"line":225,"column":1}},"line":171}},"branchMap":{"0":{"loc":{"start":{"line":9,"column":10},"end":{"line":9,"column":54}},"type":"binary-expr","locations":[{"start":{"line":9,"column":10},"end":{"line":9,"column":32}},{"start":{"line":9,"column":38},"end":{"line":9,"column":54}}],"line":9},"1":{"loc":{"start":{"line":10,"column":10},"end":{"line":10,"column":49}},"type":"binary-expr","locations":[{"start":{"line":10,"column":10},"end":{"line":10,"column":40}},{"start":{"line":10,"column":46},"end":{"line":10,"column":49}}],"line":10},"2":{"loc":{"start":{"line":22,"column":2},"end":{"line":23,"column":97}},"type":"if","locations":[{"start":{"line":22,"column":2},"end":{"line":23,"column":97}},{"start":{},"end":{}}],"line":22},"3":{"loc":{"start":{"line":22,"column":6},"end":{"line":22,"column":47}},"type":"binary-expr","locations":[{"start":{"line":22,"column":6},"end":{"line":22,"column":11}},{"start":{"line":22,"column":15},"end":{"line":22,"column":21}},{"start":{"line":22,"column":25},"end":{"line":22,"column":34}},{"start":{"line":22,"column":38},"end":{"line":22,"column":47}}],"line":22},"4":{"loc":{"start":{"line":25,"column":2},"end":{"line":26,"column":87}},"type":"if","locations":[{"start":{"line":25,"column":2},"end":{"line":26,"column":87}},{"start":{},"end":{}}],"line":25},"5":{"loc":{"start":{"line":31,"column":4},"end":{"line":32,"column":75}},"type":"if","locations":[{"start":{"line":31,"column":4},"end":{"line":32,"column":75}},{"start":{},"end":{}}],"line":31},"6":{"loc":{"start":{"line":36,"column":4},"end":{"line":37,"column":73}},"type":"if","locations":[{"start":{"line":36,"column":4},"end":{"line":37,"column":73}},{"start":{},"end":{}}],"line":36},"7":{"loc":{"start":{"line":41,"column":25},"end":{"line":41,"column":70}},"type":"cond-expr","locations":[{"start":{"line":41,"column":55},"end":{"line":41,"column":59}},{"start":{"line":41,"column":62},"end":{"line":41,"column":70}}],"line":41},"8":{"loc":{"start":{"line":55,"column":2},"end":{"line":56,"column":80}},"type":"if","locations":[{"start":{"line":55,"column":2},"end":{"line":56,"column":80}},{"start":{},"end":{}}],"line":55},"9":{"loc":{"start":{"line":55,"column":6},"end":{"line":55,"column":25}},"type":"binary-expr","locations":[{"start":{"line":55,"column":6},"end":{"line":55,"column":12}},{"start":{"line":55,"column":16},"end":{"line":55,"column":25}}],"line":55},"10":{"loc":{"start":{"line":60,"column":4},"end":{"line":61,"column":91}},"type":"if","locations":[{"start":{"line":60,"column":4},"end":{"line":61,"column":91}},{"start":{},"end":{}}],"line":60},"11":{"loc":{"start":{"line":65,"column":4},"end":{"line":66,"column":87}},"type":"if","locations":[{"start":{"line":65,"column":4},"end":{"line":66,"column":87}},{"start":{},"end":{}}],"line":65},"12":{"loc":{"start":{"line":71,"column":19},"end":{"line":71,"column":53}},"type":"binary-expr","locations":[{"start":{"line":71,"column":19},"end":{"line":71,"column":45}},{"start":{"line":71,"column":49},"end":{"line":71,"column":53}}],"line":71},"13":{"loc":{"start":{"line":87,"column":2},"end":{"line":88,"column":66}},"type":"if","locations":[{"start":{"line":87,"column":2},"end":{"line":88,"column":66}},{"start":{},"end":{}}],"line":87},"14":{"loc":{"start":{"line":92,"column":4},"end":{"line":93,"column":91}},"type":"if","locations":[{"start":{"line":92,"column":4},"end":{"line":93,"column":91}},{"start":{},"end":{}}],"line":92},"15":{"loc":{"start":{"line":104,"column":24},"end":{"line":104,"column":75}},"type":"binary-expr","locations":[{"start":{"line":104,"column":24},"end":{"line":104,"column":48}},{"start":{"line":104,"column":52},"end":{"line":104,"column":75}}],"line":104},"16":{"loc":{"start":{"line":108,"column":15},"end":{"line":108,"column":63}},"type":"binary-expr","locations":[{"start":{"line":108,"column":15},"end":{"line":108,"column":37}},{"start":{"line":108,"column":41},"end":{"line":108,"column":63}}],"line":108},"17":{"loc":{"start":{"line":136,"column":2},"end":{"line":137,"column":84}},"type":"if","locations":[{"start":{"line":136,"column":2},"end":{"line":137,"column":84}},{"start":{},"end":{}}],"line":136},"18":{"loc":{"start":{"line":136,"column":6},"end":{"line":136,"column":25}},"type":"binary-expr","locations":[{"start":{"line":136,"column":6},"end":{"line":136,"column":12}},{"start":{"line":136,"column":16},"end":{"line":136,"column":25}}],"line":136},"19":{"loc":{"start":{"line":139,"column":2},"end":{"line":140,"column":87}},"type":"if","locations":[{"start":{"line":139,"column":2},"end":{"line":140,"column":87}},{"start":{},"end":{}}],"line":139},"20":{"loc":{"start":{"line":150,"column":4},"end":{"line":151,"column":70}},"type":"if","locations":[{"start":{"line":150,"column":4},"end":{"line":151,"column":70}},{"start":{},"end":{}}],"line":150},"21":{"loc":{"start":{"line":154,"column":4},"end":{"line":155,"column":65}},"type":"if","locations":[{"start":{"line":154,"column":4},"end":{"line":155,"column":65}},{"start":{},"end":{}}],"line":154},"22":{"loc":{"start":{"line":158,"column":4},"end":{"line":159,"column":114}},"type":"if","locations":[{"start":{"line":158,"column":4},"end":{"line":159,"column":114}},{"start":{},"end":{}}],"line":158},"23":{"loc":{"start":{"line":177,"column":16},"end":{"line":177,"column":54}},"type":"binary-expr","locations":[{"start":{"line":177,"column":16},"end":{"line":177,"column":26}},{"start":{"line":177,"column":30},"end":{"line":177,"column":54}}],"line":177},"24":{"loc":{"start":{"line":179,"column":2},"end":{"line":181,"column":3}},"type":"if","locations":[{"start":{"line":179,"column":2},"end":{"line":181,"column":3}},{"start":{},"end":{}}],"line":179},"25":{"loc":{"start":{"line":192,"column":2},"end":{"line":194,"column":3}},"type":"if","locations":[{"start":{"line":192,"column":2},"end":{"line":194,"column":3}},{"start":{},"end":{}}],"line":192},"26":{"loc":{"start":{"line":192,"column":6},"end":{"line":192,"column":40}},"type":"binary-expr","locations":[{"start":{"line":192,"column":6},"end":{"line":192,"column":23}},{"start":{"line":192,"column":27},"end":{"line":192,"column":40}}],"line":192},"27":{"loc":{"start":{"line":196,"column":2},"end":{"line":198,"column":3}},"type":"if","locations":[{"start":{"line":196,"column":2},"end":{"line":198,"column":3}},{"start":{},"end":{}}],"line":196},"28":{"loc":{"start":{"line":200,"column":2},"end":{"line":202,"column":3}},"type":"if","locations":[{"start":{"line":200,"column":2},"end":{"line":202,"column":3}},{"start":{},"end":{}}],"line":200},"29":{"loc":{"start":{"line":207,"column":4},"end":{"line":209,"column":5}},"type":"if","locations":[{"start":{"line":207,"column":4},"end":{"line":209,"column":5}},{"start":{},"end":{}}],"line":207},"30":{"loc":{"start":{"line":214,"column":4},"end":{"line":216,"column":5}},"type":"if","locations":[{"start":{"line":214,"column":4},"end":{"line":216,"column":5}},{"start":{},"end":{}}],"line":214}},"s":{"0":1,"1":1,"2":1,"3":1,"4":1,"5":1,"6":1,"7":3,"8":3,"9":1,"10":2,"11":1,"12":1,"13":1,"14":1,"15":0,"16":1,"17":1,"18":0,"19":1,"20":1,"21":1,"22":1,"23":1,"24":0,"25":1,"26":2,"27":2,"28":1,"29":1,"30":1,"31":1,"32":1,"33":0,"34":0,"35":0,"36":0,"37":0,"38":0,"39":0,"40":1,"41":2,"42":2,"43":1,"44":1,"45":1,"46":1,"47":1,"48":0,"49":0,"50":0,"51":0,"52":0,"53":0,"54":0,"55":0,"56":1,"57":0,"58":0,"59":0,"60":0,"61":0,"62":0,"63":0,"64":0,"65":0,"66":0,"67":0,"68":0,"69":0,"70":0,"71":0,"72":0,"73":0,"74":0,"75":0,"76":0,"77":1,"78":0,"79":0,"80":0,"81":0,"82":0,"83":0,"84":0,"85":0,"86":0,"87":0,"88":0,"89":0,"90":0,"91":0,"92":0,"93":0,"94":0,"95":0,"96":0,"97":0,"98":0,"99":0,"100":0,"101":0,"102":0,"103":0,"104":0,"105":0,"106":0,"107":1},"f":{"0":3,"1":2,"2":2,"3":0,"4":0},"b":{"0":[1,0],"1":[1,0],"2":[1,2],"3":[3,3,3,2],"4":[1,1],"5":[0,1],"6":[0,1],"7":[0,1],"8":[1,1],"9":[2,2],"10":[1,0],"11":[0,0],"12":[0,0],"13":[1,1],"14":[1,0],"15":[0,0],"16":[0,0],"17":[0,0],"18":[0,0],"19":[0,0],"20":[0,0],"21":[0,0],"22":[0,0],"23":[0,0],"24":[0,0],"25":[0,0],"26":[0,0],"27":[0,0],"28":[0,0],"29":[0,0],"30":[0,0]},"_coverageSchema":"1a1c01bbd47fc00a2c39e90264f33305004495a9","hash":"487eba8efb4ce8abb2885f1b6dd398b4c9fbd39e"}
,"C:\\Users\\Dell\\Desktop\\project\\MaritimeFlow\\backend\\routes\\contact.js": {"path":"C:\\Users\\Dell\\Desktop\\project\\MaritimeFlow\\backend\\routes\\contact.js","statementMap":{"0":{"start":{"line":1,"column":15},"end":{"line":1,"column":42}},"1":{"start":{"line":2,"column":15},"end":{"line":2,"column":38}},"2":{"start":{"line":3,"column":15},"end":{"line":3,"column":44}},"3":{"start":{"line":6,"column":21},"end":{"line":6,"column":72}},"4":{"start":{"line":6,"column":32},"end":{"line":6,"column":72}},"5":{"start":{"line":9,"column":0},"end":{"line":18,"column":2}},"6":{"start":{"line":10,"column":2},"end":{"line":17,"column":3}},"7":{"start":{"line":11,"column":19},"end":{"line":13,"column":5}},"8":{"start":{"line":14,"column":4},"end":{"line":14,"column":18}},"9":{"start":{"line":16,"column":4},"end":{"line":16,"column":50}},"10":{"start":{"line":21,"column":0},"end":{"line":28,"column":2}},"11":{"start":{"line":22,"column":2},"end":{"line":27,"column":3}},"12":{"start":{"line":23,"column":4},"end":{"line":23,"column":88}},"13":{"start":{"line":24,"column":4},"end":{"line":24,"column":45}},"14":{"start":{"line":26,"column":4},"end":{"line":26,"column":50}},"15":{"start":{"line":31,"column":0},"end":{"line":69,"column":2}},"16":{"start":{"line":32,"column":44},"end":{"line":32,"column":52}},"17":{"start":{"line":35,"column":2},"end":{"line":36,"column":104}},"18":{"start":{"line":36,"column":4},"end":{"line":36,"column":104}},"19":{"start":{"line":38,"column":2},"end":{"line":39,"column":73}},"20":{"start":{"line":39,"column":4},"end":{"line":39,"column":73}},"21":{"start":{"line":41,"column":2},"end":{"line":42,"column":85}},"22":{"start":{"line":42,"column":4},"end":{"line":42,"column":85}},"23":{"start":{"line":45,"column":2},"end":{"line":46,"column":85}},"24":{"start":{"line":46,"column":4},"end":{"line":46,"column":85}},"25":{"start":{"line":48,"column":2},"end":{"line":49,"column":86}},"26":{"start":{"line":49,"column":4},"end":{"line":49,"column":86}},"27":{"start":{"line":51,"column":2},"end":{"line":52,"column":88}},"28":{"start":{"line":52,"column":4},"end":{"line":52,"column":88}},"29":{"start":{"line":54,"column":2},"end":{"line":68,"column":3}},"30":{"start":{"line":55,"column":21},"end":{"line":59,"column":5}},"31":{"start":{"line":61,"column":4},"end":{"line":64,"column":6}},"32":{"start":{"line":66,"column":4},"end":{"line":66,"column":45}},"33":{"start":{"line":67,"column":4},"end":{"line":67,"column":95}},"34":{"start":{"line":71,"column":0},"end":{"line":71,"column":23}}},"fnMap":{"0":{"name":"(anonymous_0)","decl":{"start":{"line":6,"column":21},"end":{"line":6,"column":22}},"loc":{"start":{"line":6,"column":32},"end":{"line":6,"column":72}},"line":6},"1":{"name":"(anonymous_1)","decl":{"start":{"line":9,"column":33},"end":{"line":9,"column":34}},"loc":{"start":{"line":9,"column":53},"end":{"line":18,"column":1}},"line":9},"2":{"name":"(anonymous_2)","decl":{"start":{"line":21,"column":39},"end":{"line":21,"column":40}},"loc":{"start":{"line":21,"column":59},"end":{"line":28,"column":1}},"line":21},"3":{"name":"(anonymous_3)","decl":{"start":{"line":31,"column":17},"end":{"line":31,"column":18}},"loc":{"start":{"line":31,"column":37},"end":{"line":69,"column":1}},"line":31}},"branchMap":{"0":{"loc":{"start":{"line":35,"column":2},"end":{"line":36,"column":104}},"type":"if","locations":[{"start":{"line":35,"column":2},"end":{"line":36,"column":104}},{"start":{},"end":{}}],"line":35},"1":{"loc":{"start":{"line":35,"column":6},"end":{"line":35,"column":45}},"type":"binary-expr","locations":[{"start":{"line":35,"column":6},"end":{"line":35,"column":11}},{"start":{"line":35,"column":15},"end":{"line":35,"column":21}},{"start":{"line":35,"column":25},"end":{"line":35,"column":33}},{"start":{"line":35,"column":37},"end":{"line":35,"column":45}}],"line":35},"2":{"loc":{"start":{"line":38,"column":2},"end":{"line":39,"column":73}},"type":"if","locations":[{"start":{"line":38,"column":2},"end":{"line":39,"column":73}},{"start":{},"end":{}}],"line":38},"3":{"loc":{"start":{"line":38,"column":6},"end":{"line":38,"column":92}},"type":"binary-expr","locations":[{"start":{"line":38,"column":6},"end":{"line":38,"column":30}},{"start":{"line":38,"column":34},"end":{"line":38,"column":61}},{"start":{"line":38,"column":65},"end":{"line":38,"column":92}}],"line":38},"4":{"loc":{"start":{"line":41,"column":2},"end":{"line":42,"column":85}},"type":"if","locations":[{"start":{"line":41,"column":2},"end":{"line":42,"column":85}},{"start":{},"end":{}}],"line":41},"5":{"loc":{"start":{"line":45,"column":2},"end":{"line":46,"column":85}},"type":"if","locations":[{"start":{"line":45,"column":2},"end":{"line":46,"column":85}},{"start":{},"end":{}}],"line":45},"6":{"loc":{"start":{"line":48,"column":2},"end":{"line":49,"column":86}},"type":"if","locations":[{"start":{"line":48,"column":2},"end":{"line":49,"column":86}},{"start":{},"end":{}}],"line":48},"7":{"loc":{"start":{"line":51,"column":2},"end":{"line":52,"column":88}},"type":"if","locations":[{"start":{"line":51,"column":2},"end":{"line":52,"column":88}},{"start":{},"end":{}}],"line":51}},"s":{"0":0,"1":0,"2":0,"3":0,"4":0,"5":0,"6":0,"7":0,"8":0,"9":0,"10":0,"11":0,"12":0,"13":0,"14":0,"15":0,"16":0,"17":0,"18":0,"19":0,"20":0,"21":0,"22":0,"23":0,"24":0,"25":0,"26":0,"27":0,"28":0,"29":0,"30":0,"31":0,"32":0,"33":0,"34":0},"f":{"0":0,"1":0,"2":0,"3":0},"b":{"0":[0,0],"1":[0,0,0,0],"2":[0,0],"3":[0,0,0],"4":[0,0],"5":[0,0],"6":[0,0],"7":[0,0]}}
,"C:\\Users\\Dell\\Desktop\\project\\MaritimeFlow\\backend\\routes\\containers.js": {"path":"C:\\Users\\Dell\\Desktop\\project\\MaritimeFlow\\backend\\routes\\containers.js","statementMap":{"0":{"start":{"line":1,"column":15},"end":{"line":1,"column":42}},"1":{"start":{"line":2,"column":15},"end":{"line":2,"column":38}},"2":{"start":{"line":3,"column":15},"end":{"line":3,"column":44}},"3":{"start":{"line":4,"column":75},"end":{"line":4,"column":105}},"4":{"start":{"line":7,"column":0},"end":{"line":58,"column":2}},"5":{"start":{"line":8,"column":2},"end":{"line":57,"column":3}},"6":{"start":{"line":9,"column":58},"end":{"line":9,"column":67}},"7":{"start":{"line":11,"column":16},"end":{"line":16,"column":5}},"8":{"start":{"line":17,"column":19},"end":{"line":17,"column":21}},"9":{"start":{"line":20,"column":4},"end":{"line":23,"column":5}},"10":{"start":{"line":21,"column":6},"end":{"line":21,"column":34}},"11":{"start":{"line":22,"column":6},"end":{"line":22,"column":25}},"12":{"start":{"line":26,"column":4},"end":{"line":29,"column":5}},"13":{"start":{"line":27,"column":6},"end":{"line":27,"column":39}},"14":{"start":{"line":28,"column":6},"end":{"line":28,"column":30}},"15":{"start":{"line":32,"column":23},"end":{"line":32,"column":100}},"16":{"start":{"line":33,"column":26},"end":{"line":33,"column":60}},"17":{"start":{"line":34,"column":18},"end":{"line":34,"column":38}},"18":{"start":{"line":37,"column":4},"end":{"line":37,"column":59}},"19":{"start":{"line":38,"column":20},"end":{"line":38,"column":47}},"20":{"start":{"line":39,"column":21},"end":{"line":39,"column":64}},"21":{"start":{"line":40,"column":19},"end":{"line":40,"column":43}},"22":{"start":{"line":42,"column":4},"end":{"line":42,"column":33}},"23":{"start":{"line":44,"column":19},"end":{"line":44,"column":48}},"24":{"start":{"line":46,"column":4},"end":{"line":54,"column":6}},"25":{"start":{"line":56,"column":4},"end":{"line":56,"column":50}},"26":{"start":{"line":61,"column":0},"end":{"line":89,"column":2}},"27":{"start":{"line":62,"column":2},"end":{"line":88,"column":3}},"28":{"start":{"line":63,"column":19},"end":{"line":69,"column":5}},"29":{"start":{"line":70,"column":4},"end":{"line":70,"column":86}},"30":{"start":{"line":70,"column":22},"end":{"line":70,"column":86}},"31":{"start":{"line":73,"column":22},"end":{"line":80,"column":5}},"32":{"start":{"line":82,"column":4},"end":{"line":85,"column":6}},"33":{"start":{"line":87,"column":4},"end":{"line":87,"column":50}},"34":{"start":{"line":92,"column":0},"end":{"line":123,"column":2}},"35":{"start":{"line":93,"column":69},"end":{"line":93,"column":77}},"36":{"start":{"line":95,"column":21},"end":{"line":95,"column":75}},"37":{"start":{"line":96,"column":2},"end":{"line":96,"column":85}},"38":{"start":{"line":96,"column":25},"end":{"line":96,"column":85}},"39":{"start":{"line":98,"column":2},"end":{"line":100,"column":3}},"40":{"start":{"line":99,"column":4},"end":{"line":99,"column":73}},"41":{"start":{"line":102,"column":2},"end":{"line":122,"column":3}},"42":{"start":{"line":103,"column":21},"end":{"line":107,"column":5}},"43":{"start":{"line":110,"column":4},"end":{"line":114,"column":5}},"44":{"start":{"line":116,"column":4},"end":{"line":116,"column":89}},"45":{"start":{"line":118,"column":4},"end":{"line":120,"column":5}},"46":{"start":{"line":119,"column":6},"end":{"line":119,"column":82}},"47":{"start":{"line":121,"column":4},"end":{"line":121,"column":50}},"48":{"start":{"line":126,"column":0},"end":{"line":160,"column":2}},"49":{"start":{"line":127,"column":66},"end":{"line":127,"column":74}},"50":{"start":{"line":129,"column":2},"end":{"line":131,"column":3}},"51":{"start":{"line":130,"column":4},"end":{"line":130,"column":73}},"52":{"start":{"line":133,"column":2},"end":{"line":159,"column":3}},"53":{"start":{"line":135,"column":31},"end":{"line":135,"column":108}},"54":{"start":{"line":136,"column":4},"end":{"line":136,"column":98}},"55":{"start":{"line":136,"column":34},"end":{"line":136,"column":98}},"56":{"start":{"line":138,"column":22},"end":{"line":138,"column":48}},"57":{"start":{"line":139,"column":22},"end":{"line":139,"column":41}},"58":{"start":{"line":142,"column":4},"end":{"line":145,"column":5}},"59":{"start":{"line":148,"column":4},"end":{"line":154,"column":5}},"60":{"start":{"line":149,"column":6},"end":{"line":153,"column":7}},"61":{"start":{"line":156,"column":4},"end":{"line":156,"column":47}},"62":{"start":{"line":158,"column":4},"end":{"line":158,"column":50}},"63":{"start":{"line":163,"column":0},"end":{"line":173,"column":2}},"64":{"start":{"line":164,"column":2},"end":{"line":172,"column":3}},"65":{"start":{"line":165,"column":20},"end":{"line":165,"column":93}},"66":{"start":{"line":166,"column":4},"end":{"line":166,"column":87}},"67":{"start":{"line":166,"column":23},"end":{"line":166,"column":87}},"68":{"start":{"line":168,"column":4},"end":{"line":168,"column":74}},"69":{"start":{"line":169,"column":4},"end":{"line":169,"column":47}},"70":{"start":{"line":171,"column":4},"end":{"line":171,"column":50}},"71":{"start":{"line":175,"column":0},"end":{"line":175,"column":23}}},"fnMap":{"0":{"name":"(anonymous_0)","decl":{"start":{"line":7,"column":24},"end":{"line":7,"column":25}},"loc":{"start":{"line":7,"column":44},"end":{"line":58,"column":1}},"line":7},"1":{"name":"(anonymous_1)","decl":{"start":{"line":61,"column":27},"end":{"line":61,"column":28}},"loc":{"start":{"line":61,"column":47},"end":{"line":89,"column":1}},"line":61},"2":{"name":"(anonymous_2)","decl":{"start":{"line":92,"column":46},"end":{"line":92,"column":47}},"loc":{"start":{"line":92,"column":66},"end":{"line":123,"column":1}},"line":92},"3":{"name":"(anonymous_3)","decl":{"start":{"line":126,"column":48},"end":{"line":126,"column":49}},"loc":{"start":{"line":126,"column":68},"end":{"line":160,"column":1}},"line":126},"4":{"name":"(anonymous_4)","decl":{"start":{"line":163,"column":39},"end":{"line":163,"column":40}},"loc":{"start":{"line":163,"column":59},"end":{"line":173,"column":1}},"line":163}},"branchMap":{"0":{"loc":{"start":{"line":9,"column":33},"end":{"line":9,"column":41}},"type":"default-arg","locations":[{"start":{"line":9,"column":40},"end":{"line":9,"column":41}}],"line":9},"1":{"loc":{"start":{"line":9,"column":43},"end":{"line":9,"column":53}},"type":"default-arg","locations":[{"start":{"line":9,"column":51},"end":{"line":9,"column":53}}],"line":9},"2":{"loc":{"start":{"line":20,"column":4},"end":{"line":23,"column":5}},"type":"if","locations":[{"start":{"line":20,"column":4},"end":{"line":23,"column":5}},{"start":{},"end":{}}],"line":20},"3":{"loc":{"start":{"line":20,"column":8},"end":{"line":20,"column":48}},"type":"binary-expr","locations":[{"start":{"line":20,"column":8},"end":{"line":20,"column":14}},{"start":{"line":20,"column":18},"end":{"line":20,"column":48}}],"line":20},"4":{"loc":{"start":{"line":26,"column":4},"end":{"line":29,"column":5}},"type":"if","locations":[{"start":{"line":26,"column":4},"end":{"line":29,"column":5}},{"start":{},"end":{}}],"line":26},"5":{"loc":{"start":{"line":70,"column":4},"end":{"line":70,"column":86}},"type":"if","locations":[{"start":{"line":70,"column":4},"end":{"line":70,"column":86}},{"start":{},"end":{}}],"line":70},"6":{"loc":{"start":{"line":96,"column":2},"end":{"line":96,"column":85}},"type":"if","locations":[{"start":{"line":96,"column":2},"end":{"line":96,"column":85}},{"start":{},"end":{}}],"line":96},"7":{"loc":{"start":{"line":98,"column":2},"end":{"line":100,"column":3}},"type":"if","locations":[{"start":{"line":98,"column":2},"end":{"line":100,"column":3}},{"start":{},"end":{}}],"line":98},"8":{"loc":{"start":{"line":98,"column":6},"end":{"line":98,"column":47}},"type":"binary-expr","locations":[{"start":{"line":98,"column":6},"end":{"line":98,"column":12}},{"start":{"line":98,"column":16},"end":{"line":98,"column":47}}],"line":98},"9":{"loc":{"start":{"line":106,"column":41},"end":{"line":106,"column":60}},"type":"binary-expr","locations":[{"start":{"line":106,"column":41},"end":{"line":106,"column":52}},{"start":{"line":106,"column":56},"end":{"line":106,"column":60}}],"line":106},"10":{"loc":{"start":{"line":106,"column":62},"end":{"line":106,"column":76}},"type":"binary-expr","locations":[{"start":{"line":106,"column":62},"end":{"line":106,"column":66}},{"start":{"line":106,"column":70},"end":{"line":106,"column":76}}],"line":106},"11":{"loc":{"start":{"line":106,"column":78},"end":{"line":106,"column":95}},"type":"binary-expr","locations":[{"start":{"line":106,"column":78},"end":{"line":106,"column":87}},{"start":{"line":106,"column":91},"end":{"line":106,"column":95}}],"line":106},"12":{"loc":{"start":{"line":106,"column":97},"end":{"line":106,"column":116}},"type":"binary-expr","locations":[{"start":{"line":106,"column":97},"end":{"line":106,"column":103}},{"start":{"line":106,"column":107},"end":{"line":106,"column":116}}],"line":106},"13":{"loc":{"start":{"line":113,"column":30},"end":{"line":113,"column":49}},"type":"binary-expr","locations":[{"start":{"line":113,"column":30},"end":{"line":113,"column":36}},{"start":{"line":113,"column":40},"end":{"line":113,"column":49}}],"line":113},"14":{"loc":{"start":{"line":118,"column":4},"end":{"line":120,"column":5}},"type":"if","locations":[{"start":{"line":118,"column":4},"end":{"line":120,"column":5}},{"start":{},"end":{}}],"line":118},"15":{"loc":{"start":{"line":129,"column":2},"end":{"line":131,"column":3}},"type":"if","locations":[{"start":{"line":129,"column":2},"end":{"line":131,"column":3}},{"start":{},"end":{}}],"line":129},"16":{"loc":{"start":{"line":129,"column":6},"end":{"line":129,"column":47}},"type":"binary-expr","locations":[{"start":{"line":129,"column":6},"end":{"line":129,"column":12}},{"start":{"line":129,"column":16},"end":{"line":129,"column":47}}],"line":129},"17":{"loc":{"start":{"line":136,"column":4},"end":{"line":136,"column":98}},"type":"if","locations":[{"start":{"line":136,"column":4},"end":{"line":136,"column":98}},{"start":{},"end":{}}],"line":136},"18":{"loc":{"start":{"line":139,"column":22},"end":{"line":139,"column":41}},"type":"binary-expr","locations":[{"start":{"line":139,"column":22},"end":{"line":139,"column":28}},{"start":{"line":139,"column":32},"end":{"line":139,"column":41}}],"line":139},"19":{"loc":{"start":{"line":144,"column":7},"end":{"line":144,"column":26}},"type":"binary-expr","locations":[{"start":{"line":144,"column":7},"end":{"line":144,"column":18}},{"start":{"line":144,"column":22},"end":{"line":144,"column":26}}],"line":144},"20":{"loc":{"start":{"line":144,"column":34},"end":{"line":144,"column":51}},"type":"binary-expr","locations":[{"start":{"line":144,"column":34},"end":{"line":144,"column":43}},{"start":{"line":144,"column":47},"end":{"line":144,"column":51}}],"line":144},"21":{"loc":{"start":{"line":148,"column":4},"end":{"line":154,"column":5}},"type":"if","locations":[{"start":{"line":148,"column":4},"end":{"line":154,"column":5}},{"start":{},"end":{}}],"line":148},"22":{"loc":{"start":{"line":152,"column":59},"end":{"line":152,"column":80}},"type":"binary-expr","locations":[{"start":{"line":152,"column":59},"end":{"line":152,"column":72}},{"start":{"line":152,"column":76},"end":{"line":152,"column":80}}],"line":152},"23":{"loc":{"start":{"line":166,"column":4},"end":{"line":166,"column":87}},"type":"if","locations":[{"start":{"line":166,"column":4},"end":{"line":166,"column":87}},{"start":{},"end":{}}],"line":166}},"s":{"0":0,"1":0,"2":0,"3":0,"4":0,"5":0,"6":0,"7":0,"8":0,"9":0,"10":0,"11":0,"12":0,"13":0,"14":0,"15":0,"16":0,"17":0,"18":0,"19":0,"20":0,"21":0,"22":0,"23":0,"24":0,"25":0,"26":0,"27":0,"28":0,"29":0,"30":0,"31":0,"32":0,"33":0,"34":0,"35":0,"36":0,"37":0,"38":0,"39":0,"40":0,"41":0,"42":0,"43":0,"44":0,"45":0,"46":0,"47":0,"48":0,"49":0,"50":0,"51":0,"52":0,"53":0,"54":0,"55":0,"56":0,"57":0,"58":0,"59":0,"60":0,"61":0,"62":0,"63":0,"64":0,"65":0,"66":0,"67":0,"68":0,"69":0,"70":0,"71":0},"f":{"0":0,"1":0,"2":0,"3":0,"4":0},"b":{"0":[0],"1":[0],"2":[0,0],"3":[0,0],"4":[0,0],"5":[0,0],"6":[0,0],"7":[0,0],"8":[0,0],"9":[0,0],"10":[0,0],"11":[0,0],"12":[0,0],"13":[0,0],"14":[0,0],"15":[0,0],"16":[0,0],"17":[0,0],"18":[0,0],"19":[0,0],"20":[0,0],"21":[0,0],"22":[0,0],"23":[0,0]}}
,"C:\\Users\\Dell\\Desktop\\project\\MaritimeFlow\\backend\\routes\\dashboard.js": {"path":"C:\\Users\\Dell\\Desktop\\project\\MaritimeFlow\\backend\\routes\\dashboard.js","statementMap":{"0":{"start":{"line":5,"column":15},"end":{"line":5,"column":42}},"1":{"start":{"line":6,"column":11},"end":{"line":6,"column":34}},"2":{"start":{"line":7,"column":13},"end":{"line":7,"column":42}},"3":{"start":{"line":10,"column":0},"end":{"line":60,"column":2}},"4":{"start":{"line":11,"column":2},"end":{"line":59,"column":3}},"5":{"start":{"line":13,"column":28},"end":{"line":22,"column":6}},"6":{"start":{"line":25,"column":29},"end":{"line":34,"column":6}},"7":{"start":{"line":37,"column":23},"end":{"line":37,"column":80}},"8":{"start":{"line":40,"column":24},"end":{"line":40,"column":77}},"9":{"start":{"line":43,"column":30},"end":{"line":48,"column":6}},"10":{"start":{"line":50,"column":4},"end":{"line":56,"column":6}},"11":{"start":{"line":58,"column":4},"end":{"line":58,"column":50}},"12":{"start":{"line":63,"column":0},"end":{"line":84,"column":2}},"13":{"start":{"line":64,"column":2},"end":{"line":83,"column":3}},"14":{"start":{"line":65,"column":21},"end":{"line":78,"column":6}},"15":{"start":{"line":80,"column":4},"end":{"line":80,"column":20}},"16":{"start":{"line":82,"column":4},"end":{"line":82,"column":50}},"17":{"start":{"line":87,"column":0},"end":{"line":103,"column":2}},"18":{"start":{"line":88,"column":2},"end":{"line":102,"column":3}},"19":{"start":{"line":89,"column":20},"end":{"line":97,"column":6}},"20":{"start":{"line":99,"column":4},"end":{"line":99,"column":19}},"21":{"start":{"line":101,"column":4},"end":{"line":101,"column":50}},"22":{"start":{"line":106,"column":0},"end":{"line":131,"column":2}},"23":{"start":{"line":107,"column":2},"end":{"line":130,"column":3}},"24":{"start":{"line":108,"column":22},"end":{"line":114,"column":6}},"25":{"start":{"line":116,"column":27},"end":{"line":122,"column":6}},"26":{"start":{"line":124,"column":4},"end":{"line":127,"column":6}},"27":{"start":{"line":129,"column":4},"end":{"line":129,"column":50}},"28":{"start":{"line":133,"column":0},"end":{"line":133,"column":23}}},"fnMap":{"0":{"name":"(anonymous_0)","decl":{"start":{"line":10,"column":29},"end":{"line":10,"column":30}},"loc":{"start":{"line":10,"column":49},"end":{"line":60,"column":1}},"line":10},"1":{"name":"(anonymous_1)","decl":{"start":{"line":63,"column":39},"end":{"line":63,"column":40}},"loc":{"start":{"line":63,"column":59},"end":{"line":84,"column":1}},"line":63},"2":{"name":"(anonymous_2)","decl":{"start":{"line":87,"column":39},"end":{"line":87,"column":40}},"loc":{"start":{"line":87,"column":59},"end":{"line":103,"column":1}},"line":87},"3":{"name":"(anonymous_3)","decl":{"start":{"line":106,"column":37},"end":{"line":106,"column":38}},"loc":{"start":{"line":106,"column":57},"end":{"line":131,"column":1}},"line":106}},"branchMap":{},"s":{"0":0,"1":0,"2":0,"3":0,"4":0,"5":0,"6":0,"7":0,"8":0,"9":0,"10":0,"11":0,"12":0,"13":0,"14":0,"15":0,"16":0,"17":0,"18":0,"19":0,"20":0,"21":0,"22":0,"23":0,"24":0,"25":0,"26":0,"27":0,"28":0},"f":{"0":0,"1":0,"2":0,"3":0},"b":{}}
,"C:\\Users\\Dell\\Desktop\\project\\MaritimeFlow\\backend\\routes\\documents.js": {"path":"C:\\Users\\Dell\\Desktop\\project\\MaritimeFlow\\backend\\routes\\documents.js","statementMap":{"0":{"start":{"line":1,"column":15},"end":{"line":1,"column":42}},"1":{"start":{"line":2,"column":15},"end":{"line":2,"column":30}},"2":{"start":{"line":3,"column":15},"end":{"line":3,"column":32}},"3":{"start":{"line":4,"column":15},"end":{"line":4,"column":38}},"4":{"start":{"line":5,"column":15},"end":{"line":5,"column":44}},"5":{"start":{"line":8,"column":16},"end":{"line":14,"column":2}},"6":{"start":{"line":11,"column":21},"end":{"line":11,"column":71}},"7":{"start":{"line":12,"column":4},"end":{"line":12,"column":41}},"8":{"start":{"line":15,"column":21},"end":{"line":23,"column":1}},"9":{"start":{"line":24,"column":15},"end":{"line":31,"column":2}},"10":{"start":{"line":28,"column":4},"end":{"line":29,"column":48}},"11":{"start":{"line":28,"column":46},"end":{"line":28,"column":60}},"12":{"start":{"line":29,"column":9},"end":{"line":29,"column":48}},"13":{"start":{"line":34,"column":0},"end":{"line":47,"column":2}},"14":{"start":{"line":35,"column":2},"end":{"line":46,"column":3}},"15":{"start":{"line":36,"column":19},"end":{"line":42,"column":5}},"16":{"start":{"line":43,"column":4},"end":{"line":43,"column":18}},"17":{"start":{"line":45,"column":4},"end":{"line":45,"column":50}},"18":{"start":{"line":50,"column":0},"end":{"line":65,"column":2}},"19":{"start":{"line":51,"column":2},"end":{"line":64,"column":3}},"20":{"start":{"line":52,"column":19},"end":{"line":59,"column":5}},"21":{"start":{"line":60,"column":4},"end":{"line":60,"column":85}},"22":{"start":{"line":60,"column":22},"end":{"line":60,"column":85}},"23":{"start":{"line":61,"column":4},"end":{"line":61,"column":21}},"24":{"start":{"line":63,"column":4},"end":{"line":63,"column":50}},"25":{"start":{"line":68,"column":0},"end":{"line":86,"column":2}},"26":{"start":{"line":69,"column":58},"end":{"line":69,"column":66}},"27":{"start":{"line":70,"column":2},"end":{"line":71,"column":84}},"28":{"start":{"line":71,"column":4},"end":{"line":71,"column":84}},"29":{"start":{"line":74,"column":23},"end":{"line":74,"column":85}},"30":{"start":{"line":76,"column":2},"end":{"line":85,"column":3}},"31":{"start":{"line":77,"column":21},"end":{"line":81,"column":5}},"32":{"start":{"line":82,"column":4},"end":{"line":82,"column":85}},"33":{"start":{"line":84,"column":4},"end":{"line":84,"column":50}},"34":{"start":{"line":89,"column":0},"end":{"line":110,"column":2}},"35":{"start":{"line":90,"column":47},"end":{"line":90,"column":55}},"36":{"start":{"line":91,"column":2},"end":{"line":92,"column":85}},"37":{"start":{"line":92,"column":4},"end":{"line":92,"column":85}},"38":{"start":{"line":94,"column":2},"end":{"line":109,"column":3}},"39":{"start":{"line":95,"column":19},"end":{"line":95,"column":91}},"40":{"start":{"line":96,"column":4},"end":{"line":96,"column":85}},"41":{"start":{"line":96,"column":22},"end":{"line":96,"column":85}},"42":{"start":{"line":98,"column":19},"end":{"line":98,"column":21}},"43":{"start":{"line":99,"column":19},"end":{"line":99,"column":21}},"44":{"start":{"line":100,"column":4},"end":{"line":100,"column":87}},"45":{"start":{"line":100,"column":32},"end":{"line":100,"column":60}},"46":{"start":{"line":100,"column":64},"end":{"line":100,"column":85}},"47":{"start":{"line":101,"column":4},"end":{"line":101,"column":88}},"48":{"start":{"line":101,"column":32},"end":{"line":101,"column":61}},"49":{"start":{"line":101,"column":64},"end":{"line":101,"column":86}},"50":{"start":{"line":102,"column":4},"end":{"line":102,"column":103}},"51":{"start":{"line":102,"column":37},"end":{"line":102,"column":68}},"52":{"start":{"line":102,"column":69},"end":{"line":102,"column":101}},"53":{"start":{"line":104,"column":4},"end":{"line":104,"column":30}},"54":{"start":{"line":105,"column":4},"end":{"line":105,"column":84}},"55":{"start":{"line":106,"column":4},"end":{"line":106,"column":46}},"56":{"start":{"line":108,"column":4},"end":{"line":108,"column":50}},"57":{"start":{"line":113,"column":0},"end":{"line":120,"column":2}},"58":{"start":{"line":114,"column":2},"end":{"line":119,"column":3}},"59":{"start":{"line":115,"column":4},"end":{"line":115,"column":73}},"60":{"start":{"line":116,"column":4},"end":{"line":116,"column":46}},"61":{"start":{"line":118,"column":4},"end":{"line":118,"column":50}},"62":{"start":{"line":122,"column":0},"end":{"line":122,"column":23}}},"fnMap":{"0":{"name":"(anonymous_0)","decl":{"start":{"line":10,"column":12},"end":{"line":10,"column":13}},"loc":{"start":{"line":10,"column":31},"end":{"line":13,"column":3}},"line":10},"1":{"name":"(anonymous_1)","decl":{"start":{"line":27,"column":14},"end":{"line":27,"column":15}},"loc":{"start":{"line":27,"column":33},"end":{"line":30,"column":3}},"line":27},"2":{"name":"(anonymous_2)","decl":{"start":{"line":34,"column":24},"end":{"line":34,"column":25}},"loc":{"start":{"line":34,"column":44},"end":{"line":47,"column":1}},"line":34},"3":{"name":"(anonymous_3)","decl":{"start":{"line":50,"column":27},"end":{"line":50,"column":28}},"loc":{"start":{"line":50,"column":47},"end":{"line":65,"column":1}},"line":50},"4":{"name":"(anonymous_4)","decl":{"start":{"line":68,"column":69},"end":{"line":68,"column":70}},"loc":{"start":{"line":68,"column":89},"end":{"line":86,"column":1}},"line":68},"5":{"name":"(anonymous_5)","decl":{"start":{"line":89,"column":48},"end":{"line":89,"column":49}},"loc":{"start":{"line":89,"column":68},"end":{"line":110,"column":1}},"line":89},"6":{"name":"(anonymous_6)","decl":{"start":{"line":113,"column":39},"end":{"line":113,"column":40}},"loc":{"start":{"line":113,"column":59},"end":{"line":120,"column":1}},"line":113}},"branchMap":{"0":{"loc":{"start":{"line":28,"column":4},"end":{"line":29,"column":48}},"type":"if","locations":[{"start":{"line":28,"column":4},"end":{"line":29,"column":48}},{"start":{"line":29,"column":9},"end":{"line":29,"column":48}}],"line":28},"1":{"loc":{"start":{"line":60,"column":4},"end":{"line":60,"column":85}},"type":"if","locations":[{"start":{"line":60,"column":4},"end":{"line":60,"column":85}},{"start":{},"end":{}}],"line":60},"2":{"loc":{"start":{"line":70,"column":2},"end":{"line":71,"column":84}},"type":"if","locations":[{"start":{"line":70,"column":2},"end":{"line":71,"column":84}},{"start":{},"end":{}}],"line":70},"3":{"loc":{"start":{"line":70,"column":6},"end":{"line":70,"column":29}},"type":"binary-expr","locations":[{"start":{"line":70,"column":6},"end":{"line":70,"column":15}},{"start":{"line":70,"column":19},"end":{"line":70,"column":29}}],"line":70},"4":{"loc":{"start":{"line":74,"column":23},"end":{"line":74,"column":85}},"type":"cond-expr","locations":[{"start":{"line":74,"column":34},"end":{"line":74,"column":65}},{"start":{"line":74,"column":69},"end":{"line":74,"column":84}}],"line":74},"5":{"loc":{"start":{"line":74,"column":69},"end":{"line":74,"column":84}},"type":"binary-expr","locations":[{"start":{"line":74,"column":69},"end":{"line":74,"column":78}},{"start":{"line":74,"column":82},"end":{"line":74,"column":84}}],"line":74},"6":{"loc":{"start":{"line":80,"column":7},"end":{"line":80,"column":26}},"type":"binary-expr","locations":[{"start":{"line":80,"column":7},"end":{"line":80,"column":18}},{"start":{"line":80,"column":22},"end":{"line":80,"column":26}}],"line":80},"7":{"loc":{"start":{"line":91,"column":2},"end":{"line":92,"column":85}},"type":"if","locations":[{"start":{"line":91,"column":2},"end":{"line":92,"column":85}},{"start":{},"end":{}}],"line":91},"8":{"loc":{"start":{"line":91,"column":6},"end":{"line":91,"column":58}},"type":"binary-expr","locations":[{"start":{"line":91,"column":6},"end":{"line":91,"column":15}},{"start":{"line":91,"column":19},"end":{"line":91,"column":29}},{"start":{"line":91,"column":33},"end":{"line":91,"column":58}}],"line":91},"9":{"loc":{"start":{"line":96,"column":4},"end":{"line":96,"column":85}},"type":"if","locations":[{"start":{"line":96,"column":4},"end":{"line":96,"column":85}},{"start":{},"end":{}}],"line":96},"10":{"loc":{"start":{"line":100,"column":4},"end":{"line":100,"column":87}},"type":"if","locations":[{"start":{"line":100,"column":4},"end":{"line":100,"column":87}},{"start":{},"end":{}}],"line":100},"11":{"loc":{"start":{"line":101,"column":4},"end":{"line":101,"column":88}},"type":"if","locations":[{"start":{"line":101,"column":4},"end":{"line":101,"column":88}},{"start":{},"end":{}}],"line":101},"12":{"loc":{"start":{"line":102,"column":4},"end":{"line":102,"column":103}},"type":"if","locations":[{"start":{"line":102,"column":4},"end":{"line":102,"column":103}},{"start":{},"end":{}}],"line":102},"13":{"loc":{"start":{"line":102,"column":81},"end":{"line":102,"column":100}},"type":"binary-expr","locations":[{"start":{"line":102,"column":81},"end":{"line":102,"column":92}},{"start":{"line":102,"column":96},"end":{"line":102,"column":100}}],"line":102}},"s":{"0":0,"1":0,"2":0,"3":0,"4":0,"5":0,"6":0,"7":0,"8":0,"9":0,"10":0,"11":0,"12":0,"13":0,"14":0,"15":0,"16":0,"17":0,"18":0,"19":0,"20":0,"21":0,"22":0,"23":0,"24":0,"25":0,"26":0,"27":0,"28":0,"29":0,"30":0,"31":0,"32":0,"33":0,"34":0,"35":0,"36":0,"37":0,"38":0,"39":0,"40":0,"41":0,"42":0,"43":0,"44":0,"45":0,"46":0,"47":0,"48":0,"49":0,"50":0,"51":0,"52":0,"53":0,"54":0,"55":0,"56":0,"57":0,"58":0,"59":0,"60":0,"61":0,"62":0},"f":{"0":0,"1":0,"2":0,"3":0,"4":0,"5":0,"6":0},"b":{"0":[0,0],"1":[0,0],"2":[0,0],"3":[0,0],"4":[0,0],"5":[0,0],"6":[0,0],"7":[0,0],"8":[0,0,0],"9":[0,0],"10":[0,0],"11":[0,0],"12":[0,0],"13":[0,0]}}
,"C:\\Users\\Dell\\Desktop\\project\\MaritimeFlow\\backend\\routes\\reports.js": {"path":"C:\\Users\\Dell\\Desktop\\project\\MaritimeFlow\\backend\\routes\\reports.js","statementMap":{"0":{"start":{"line":1,"column":15},"end":{"line":1,"column":42}},"1":{"start":{"line":2,"column":15},"end":{"line":2,"column":38}},"2":{"start":{"line":3,"column":15},"end":{"line":3,"column":44}},"3":{"start":{"line":4,"column":92},"end":{"line":4,"column":124}},"4":{"start":{"line":7,"column":0},"end":{"line":41,"column":2}},"5":{"start":{"line":8,"column":2},"end":{"line":40,"column":3}},"6":{"start":{"line":9,"column":37},"end":{"line":9,"column":46}},"7":{"start":{"line":12,"column":26},"end":{"line":12,"column":81}},"8":{"start":{"line":13,"column":18},"end":{"line":13,"column":38}},"9":{"start":{"line":16,"column":20},"end":{"line":16,"column":47}},"10":{"start":{"line":17,"column":21},"end":{"line":17,"column":64}},"11":{"start":{"line":18,"column":19},"end":{"line":18,"column":43}},"12":{"start":{"line":20,"column":19},"end":{"line":27,"column":5}},"13":{"start":{"line":29,"column":4},"end":{"line":37,"column":6}},"14":{"start":{"line":39,"column":4},"end":{"line":39,"column":50}},"15":{"start":{"line":44,"column":0},"end":{"line":58,"column":2}},"16":{"start":{"line":45,"column":2},"end":{"line":57,"column":3}},"17":{"start":{"line":46,"column":19},"end":{"line":52,"column":5}},"18":{"start":{"line":53,"column":4},"end":{"line":53,"column":83}},"19":{"start":{"line":53,"column":22},"end":{"line":53,"column":83}},"20":{"start":{"line":54,"column":4},"end":{"line":54,"column":21}},"21":{"start":{"line":56,"column":4},"end":{"line":56,"column":50}},"22":{"start":{"line":61,"column":0},"end":{"line":155,"column":2}},"23":{"start":{"line":62,"column":46},"end":{"line":62,"column":54}},"24":{"start":{"line":64,"column":2},"end":{"line":66,"column":3}},"25":{"start":{"line":65,"column":4},"end":{"line":65,"column":83}},"26":{"start":{"line":68,"column":2},"end":{"line":154,"column":3}},"27":{"start":{"line":69,"column":19},"end":{"line":69,"column":23}},"28":{"start":{"line":72,"column":4},"end":{"line":138,"column":5}},"29":{"start":{"line":74,"column":29},"end":{"line":80,"column":7}},"30":{"start":{"line":82,"column":6},"end":{"line":84,"column":7}},"31":{"start":{"line":83,"column":8},"end":{"line":83,"column":71}},"32":{"start":{"line":86,"column":27},"end":{"line":89,"column":7}},"33":{"start":{"line":91,"column":26},"end":{"line":94,"column":7}},"34":{"start":{"line":96,"column":23},"end":{"line":96,"column":38}},"35":{"start":{"line":97,"column":6},"end":{"line":97,"column":38}},"36":{"start":{"line":98,"column":6},"end":{"line":98,"column":36}},"37":{"start":{"line":100,"column":6},"end":{"line":100,"column":58}},"38":{"start":{"line":101,"column":11},"end":{"line":138,"column":5}},"39":{"start":{"line":103,"column":27},"end":{"line":103,"column":94}},"40":{"start":{"line":104,"column":6},"end":{"line":104,"column":61}},"41":{"start":{"line":105,"column":11},"end":{"line":138,"column":5}},"42":{"start":{"line":107,"column":30},"end":{"line":115,"column":8}},"43":{"start":{"line":117,"column":31},"end":{"line":124,"column":8}},"44":{"start":{"line":126,"column":25},"end":{"line":126,"column":82}},"45":{"start":{"line":128,"column":26},"end":{"line":132,"column":7}},"46":{"start":{"line":134,"column":6},"end":{"line":134,"column":60}},"47":{"start":{"line":137,"column":6},"end":{"line":137,"column":21}},"48":{"start":{"line":141,"column":21},"end":{"line":144,"column":5}},"49":{"start":{"line":146,"column":4},"end":{"line":150,"column":6}},"50":{"start":{"line":152,"column":4},"end":{"line":152,"column":60}},"51":{"start":{"line":153,"column":4},"end":{"line":153,"column":50}},"52":{"start":{"line":158,"column":0},"end":{"line":168,"column":2}},"53":{"start":{"line":159,"column":2},"end":{"line":167,"column":3}},"54":{"start":{"line":160,"column":20},"end":{"line":160,"column":90}},"55":{"start":{"line":161,"column":4},"end":{"line":161,"column":84}},"56":{"start":{"line":161,"column":23},"end":{"line":161,"column":84}},"57":{"start":{"line":163,"column":4},"end":{"line":163,"column":71}},"58":{"start":{"line":164,"column":4},"end":{"line":164,"column":44}},"59":{"start":{"line":166,"column":4},"end":{"line":166,"column":50}},"60":{"start":{"line":170,"column":0},"end":{"line":170,"column":23}}},"fnMap":{"0":{"name":"(anonymous_0)","decl":{"start":{"line":7,"column":24},"end":{"line":7,"column":25}},"loc":{"start":{"line":7,"column":44},"end":{"line":41,"column":1}},"line":7},"1":{"name":"(anonymous_1)","decl":{"start":{"line":44,"column":27},"end":{"line":44,"column":28}},"loc":{"start":{"line":44,"column":47},"end":{"line":58,"column":1}},"line":44},"2":{"name":"(anonymous_2)","decl":{"start":{"line":61,"column":46},"end":{"line":61,"column":47}},"loc":{"start":{"line":61,"column":66},"end":{"line":155,"column":1}},"line":61},"3":{"name":"(anonymous_3)","decl":{"start":{"line":158,"column":39},"end":{"line":158,"column":40}},"loc":{"start":{"line":158,"column":59},"end":{"line":168,"column":1}},"line":158}},"branchMap":{"0":{"loc":{"start":{"line":9,"column":12},"end":{"line":9,"column":20}},"type":"default-arg","locations":[{"start":{"line":9,"column":19},"end":{"line":9,"column":20}}],"line":9},"1":{"loc":{"start":{"line":9,"column":22},"end":{"line":9,"column":32}},"type":"default-arg","locations":[{"start":{"line":9,"column":30},"end":{"line":9,"column":32}}],"line":9},"2":{"loc":{"start":{"line":53,"column":4},"end":{"line":53,"column":83}},"type":"if","locations":[{"start":{"line":53,"column":4},"end":{"line":53,"column":83}},{"start":{},"end":{}}],"line":53},"3":{"loc":{"start":{"line":64,"column":2},"end":{"line":66,"column":3}},"type":"if","locations":[{"start":{"line":64,"column":2},"end":{"line":66,"column":3}},{"start":{},"end":{}}],"line":64},"4":{"loc":{"start":{"line":64,"column":6},"end":{"line":64,"column":28}},"type":"binary-expr","locations":[{"start":{"line":64,"column":6},"end":{"line":64,"column":12}},{"start":{"line":64,"column":16},"end":{"line":64,"column":28}}],"line":64},"5":{"loc":{"start":{"line":72,"column":4},"end":{"line":138,"column":5}},"type":"if","locations":[{"start":{"line":72,"column":4},"end":{"line":138,"column":5}},{"start":{"line":101,"column":11},"end":{"line":138,"column":5}}],"line":72},"6":{"loc":{"start":{"line":72,"column":8},"end":{"line":72,"column":57}},"type":"binary-expr","locations":[{"start":{"line":72,"column":8},"end":{"line":72,"column":42}},{"start":{"line":72,"column":46},"end":{"line":72,"column":57}}],"line":72},"7":{"loc":{"start":{"line":82,"column":6},"end":{"line":84,"column":7}},"type":"if","locations":[{"start":{"line":82,"column":6},"end":{"line":84,"column":7}},{"start":{},"end":{}}],"line":82},"8":{"loc":{"start":{"line":101,"column":11},"end":{"line":138,"column":5}},"type":"if","locations":[{"start":{"line":101,"column":11},"end":{"line":138,"column":5}},{"start":{"line":105,"column":11},"end":{"line":138,"column":5}}],"line":101},"9":{"loc":{"start":{"line":105,"column":11},"end":{"line":138,"column":5}},"type":"if","locations":[{"start":{"line":105,"column":11},"end":{"line":138,"column":5}},{"start":{"line":135,"column":11},"end":{"line":138,"column":5}}],"line":105},"10":{"loc":{"start":{"line":161,"column":4},"end":{"line":161,"column":84}},"type":"if","locations":[{"start":{"line":161,"column":4},"end":{"line":161,"column":84}},{"start":{},"end":{}}],"line":161}},"s":{"0":0,"1":0,"2":0,"3":0,"4":0,"5":0,"6":0,"7":0,"8":0,"9":0,"10":0,"11":0,"12":0,"13":0,"14":0,"15":0,"16":0,"17":0,"18":0,"19":0,"20":0,"21":0,"22":0,"23":0,"24":0,"25":0,"26":0,"27":0,"28":0,"29":0,"30":0,"31":0,"32":0,"33":0,"34":0,"35":0,"36":0,"37":0,"38":0,"39":0,"40":0,"41":0,"42":0,"43":0,"44":0,"45":0,"46":0,"47":0,"48":0,"49":0,"50":0,"51":0,"52":0,"53":0,"54":0,"55":0,"56":0,"57":0,"58":0,"59":0,"60":0},"f":{"0":0,"1":0,"2":0,"3":0},"b":{"0":[0],"1":[0],"2":[0,0],"3":[0,0],"4":[0,0],"5":[0,0],"6":[0,0],"7":[0,0],"8":[0,0],"9":[0,0],"10":[0,0]}}
,"C:\\Users\\Dell\\Desktop\\project\\MaritimeFlow\\backend\\routes\\shipments.js": {"path":"C:\\Users\\Dell\\Desktop\\project\\MaritimeFlow\\backend\\routes\\shipments.js","statementMap":{"0":{"start":{"line":1,"column":15},"end":{"line":1,"column":42}},"1":{"start":{"line":2,"column":15},"end":{"line":2,"column":38}},"2":{"start":{"line":3,"column":15},"end":{"line":3,"column":44}},"3":{"start":{"line":4,"column":74},"end":{"line":4,"column":104}},"4":{"start":{"line":7,"column":0},"end":{"line":71,"column":2}},"5":{"start":{"line":8,"column":2},"end":{"line":70,"column":3}},"6":{"start":{"line":9,"column":74},"end":{"line":9,"column":83}},"7":{"start":{"line":11,"column":16},"end":{"line":16,"column":5}},"8":{"start":{"line":17,"column":19},"end":{"line":17,"column":21}},"9":{"start":{"line":20,"column":4},"end":{"line":24,"column":5}},"10":{"start":{"line":21,"column":6},"end":{"line":21,"column":72}},"11":{"start":{"line":22,"column":25},"end":{"line":22,"column":54}},"12":{"start":{"line":23,"column":6},"end":{"line":23,"column":41}},"13":{"start":{"line":27,"column":4},"end":{"line":30,"column":5}},"14":{"start":{"line":28,"column":6},"end":{"line":28,"column":34}},"15":{"start":{"line":29,"column":6},"end":{"line":29,"column":25}},"16":{"start":{"line":33,"column":4},"end":{"line":36,"column":5}},"17":{"start":{"line":34,"column":6},"end":{"line":34,"column":37}},"18":{"start":{"line":35,"column":6},"end":{"line":35,"column":48}},"19":{"start":{"line":39,"column":4},"end":{"line":42,"column":5}},"20":{"start":{"line":40,"column":6},"end":{"line":40,"column":42}},"21":{"start":{"line":41,"column":6},"end":{"line":41,"column":53}},"22":{"start":{"line":45,"column":23},"end":{"line":45,"column":108}},"23":{"start":{"line":46,"column":26},"end":{"line":46,"column":60}},"24":{"start":{"line":47,"column":18},"end":{"line":47,"column":38}},"25":{"start":{"line":50,"column":4},"end":{"line":50,"column":59}},"26":{"start":{"line":51,"column":20},"end":{"line":51,"column":47}},"27":{"start":{"line":52,"column":21},"end":{"line":52,"column":64}},"28":{"start":{"line":53,"column":19},"end":{"line":53,"column":43}},"29":{"start":{"line":55,"column":4},"end":{"line":55,"column":33}},"30":{"start":{"line":57,"column":19},"end":{"line":57,"column":48}},"31":{"start":{"line":59,"column":4},"end":{"line":67,"column":6}},"32":{"start":{"line":69,"column":4},"end":{"line":69,"column":50}},"33":{"start":{"line":74,"column":0},"end":{"line":105,"column":2}},"34":{"start":{"line":75,"column":2},"end":{"line":104,"column":3}},"35":{"start":{"line":76,"column":19},"end":{"line":82,"column":5}},"36":{"start":{"line":83,"column":4},"end":{"line":83,"column":85}},"37":{"start":{"line":83,"column":22},"end":{"line":83,"column":85}},"38":{"start":{"line":86,"column":25},"end":{"line":89,"column":5}},"39":{"start":{"line":92,"column":24},"end":{"line":95,"column":5}},"40":{"start":{"line":97,"column":4},"end":{"line":101,"column":6}},"41":{"start":{"line":103,"column":4},"end":{"line":103,"column":50}},"42":{"start":{"line":108,"column":0},"end":{"line":140,"column":2}},"43":{"start":{"line":109,"column":91},"end":{"line":109,"column":99}},"44":{"start":{"line":112,"column":21},"end":{"line":112,"column":99}},"45":{"start":{"line":113,"column":2},"end":{"line":113,"column":85}},"46":{"start":{"line":113,"column":25},"end":{"line":113,"column":85}},"47":{"start":{"line":115,"column":2},"end":{"line":117,"column":3}},"48":{"start":{"line":116,"column":4},"end":{"line":116,"column":72}},"49":{"start":{"line":119,"column":2},"end":{"line":139,"column":3}},"50":{"start":{"line":120,"column":21},"end":{"line":132,"column":5}},"51":{"start":{"line":133,"column":4},"end":{"line":133,"column":87}},"52":{"start":{"line":135,"column":4},"end":{"line":137,"column":5}},"53":{"start":{"line":136,"column":6},"end":{"line":136,"column":81}},"54":{"start":{"line":138,"column":4},"end":{"line":138,"column":50}},"55":{"start":{"line":143,"column":0},"end":{"line":173,"column":2}},"56":{"start":{"line":144,"column":90},"end":{"line":144,"column":98}},"57":{"start":{"line":146,"column":2},"end":{"line":148,"column":3}},"58":{"start":{"line":147,"column":4},"end":{"line":147,"column":72}},"59":{"start":{"line":150,"column":2},"end":{"line":172,"column":3}},"60":{"start":{"line":152,"column":20},"end":{"line":152,"column":92}},"61":{"start":{"line":153,"column":4},"end":{"line":153,"column":86}},"62":{"start":{"line":153,"column":23},"end":{"line":153,"column":86}},"63":{"start":{"line":155,"column":4},"end":{"line":168,"column":5}},"64":{"start":{"line":169,"column":4},"end":{"line":169,"column":46}},"65":{"start":{"line":171,"column":4},"end":{"line":171,"column":50}},"66":{"start":{"line":176,"column":0},"end":{"line":186,"column":2}},"67":{"start":{"line":177,"column":2},"end":{"line":185,"column":3}},"68":{"start":{"line":178,"column":20},"end":{"line":178,"column":92}},"69":{"start":{"line":179,"column":4},"end":{"line":179,"column":86}},"70":{"start":{"line":179,"column":23},"end":{"line":179,"column":86}},"71":{"start":{"line":181,"column":4},"end":{"line":181,"column":73}},"72":{"start":{"line":182,"column":4},"end":{"line":182,"column":46}},"73":{"start":{"line":184,"column":4},"end":{"line":184,"column":50}},"74":{"start":{"line":188,"column":0},"end":{"line":188,"column":23}}},"fnMap":{"0":{"name":"(anonymous_0)","decl":{"start":{"line":7,"column":24},"end":{"line":7,"column":25}},"loc":{"start":{"line":7,"column":44},"end":{"line":71,"column":1}},"line":7},"1":{"name":"(anonymous_1)","decl":{"start":{"line":74,"column":27},"end":{"line":74,"column":28}},"loc":{"start":{"line":74,"column":47},"end":{"line":105,"column":1}},"line":74},"2":{"name":"(anonymous_2)","decl":{"start":{"line":108,"column":46},"end":{"line":108,"column":47}},"loc":{"start":{"line":108,"column":66},"end":{"line":140,"column":1}},"line":108},"3":{"name":"(anonymous_3)","decl":{"start":{"line":143,"column":48},"end":{"line":143,"column":49}},"loc":{"start":{"line":143,"column":68},"end":{"line":173,"column":1}},"line":143},"4":{"name":"(anonymous_4)","decl":{"start":{"line":176,"column":39},"end":{"line":176,"column":40}},"loc":{"start":{"line":176,"column":59},"end":{"line":186,"column":1}},"line":176}},"branchMap":{"0":{"loc":{"start":{"line":9,"column":49},"end":{"line":9,"column":57}},"type":"default-arg","locations":[{"start":{"line":9,"column":56},"end":{"line":9,"column":57}}],"line":9},"1":{"loc":{"start":{"line":9,"column":59},"end":{"line":9,"column":69}},"type":"default-arg","locations":[{"start":{"line":9,"column":67},"end":{"line":9,"column":69}}],"line":9},"2":{"loc":{"start":{"line":20,"column":4},"end":{"line":24,"column":5}},"type":"if","locations":[{"start":{"line":20,"column":4},"end":{"line":24,"column":5}},{"start":{},"end":{}}],"line":20},"3":{"loc":{"start":{"line":27,"column":4},"end":{"line":30,"column":5}},"type":"if","locations":[{"start":{"line":27,"column":4},"end":{"line":30,"column":5}},{"start":{},"end":{}}],"line":27},"4":{"loc":{"start":{"line":27,"column":8},"end":{"line":27,"column":47}},"type":"binary-expr","locations":[{"start":{"line":27,"column":8},"end":{"line":27,"column":14}},{"start":{"line":27,"column":18},"end":{"line":27,"column":47}}],"line":27},"5":{"loc":{"start":{"line":33,"column":4},"end":{"line":36,"column":5}},"type":"if","locations":[{"start":{"line":33,"column":4},"end":{"line":36,"column":5}},{"start":{},"end":{}}],"line":33},"6":{"loc":{"start":{"line":39,"column":4},"end":{"line":42,"column":5}},"type":"if","locations":[{"start":{"line":39,"column":4},"end":{"line":42,"column":5}},{"start":{},"end":{}}],"line":39},"7":{"loc":{"start":{"line":83,"column":4},"end":{"line":83,"column":85}},"type":"if","locations":[{"start":{"line":83,"column":4},"end":{"line":83,"column":85}},{"start":{},"end":{}}],"line":83},"8":{"loc":{"start":{"line":113,"column":2},"end":{"line":113,"column":85}},"type":"if","locations":[{"start":{"line":113,"column":2},"end":{"line":113,"column":85}},{"start":{},"end":{}}],"line":113},"9":{"loc":{"start":{"line":115,"column":2},"end":{"line":117,"column":3}},"type":"if","locations":[{"start":{"line":115,"column":2},"end":{"line":117,"column":3}},{"start":{},"end":{}}],"line":115},"10":{"loc":{"start":{"line":115,"column":6},"end":{"line":115,"column":46}},"type":"binary-expr","locations":[{"start":{"line":115,"column":6},"end":{"line":115,"column":12}},{"start":{"line":115,"column":16},"end":{"line":115,"column":46}}],"line":115},"11":{"loc":{"start":{"line":125,"column":8},"end":{"line":125,"column":43}},"type":"binary-expr","locations":[{"start":{"line":125,"column":8},"end":{"line":125,"column":35}},{"start":{"line":125,"column":39},"end":{"line":125,"column":43}}],"line":125},"12":{"loc":{"start":{"line":128,"column":8},"end":{"line":128,"column":27}},"type":"binary-expr","locations":[{"start":{"line":128,"column":8},"end":{"line":128,"column":14}},{"start":{"line":128,"column":18},"end":{"line":128,"column":27}}],"line":128},"13":{"loc":{"start":{"line":129,"column":8},"end":{"line":129,"column":33}},"type":"binary-expr","locations":[{"start":{"line":129,"column":8},"end":{"line":129,"column":25}},{"start":{"line":129,"column":29},"end":{"line":129,"column":33}}],"line":129},"14":{"loc":{"start":{"line":135,"column":4},"end":{"line":137,"column":5}},"type":"if","locations":[{"start":{"line":135,"column":4},"end":{"line":137,"column":5}},{"start":{},"end":{}}],"line":135},"15":{"loc":{"start":{"line":146,"column":2},"end":{"line":148,"column":3}},"type":"if","locations":[{"start":{"line":146,"column":2},"end":{"line":148,"column":3}},{"start":{},"end":{}}],"line":146},"16":{"loc":{"start":{"line":146,"column":6},"end":{"line":146,"column":46}},"type":"binary-expr","locations":[{"start":{"line":146,"column":6},"end":{"line":146,"column":12}},{"start":{"line":146,"column":16},"end":{"line":146,"column":46}}],"line":146},"17":{"loc":{"start":{"line":153,"column":4},"end":{"line":153,"column":86}},"type":"if","locations":[{"start":{"line":153,"column":4},"end":{"line":153,"column":86}},{"start":{},"end":{}}],"line":153},"18":{"loc":{"start":{"line":160,"column":8},"end":{"line":160,"column":43}},"type":"binary-expr","locations":[{"start":{"line":160,"column":8},"end":{"line":160,"column":35}},{"start":{"line":160,"column":39},"end":{"line":160,"column":43}}],"line":160},"19":{"loc":{"start":{"line":164,"column":8},"end":{"line":164,"column":33}},"type":"binary-expr","locations":[{"start":{"line":164,"column":8},"end":{"line":164,"column":25}},{"start":{"line":164,"column":29},"end":{"line":164,"column":33}}],"line":164},"20":{"loc":{"start":{"line":165,"column":8},"end":{"line":165,"column":30}},"type":"binary-expr","locations":[{"start":{"line":165,"column":8},"end":{"line":165,"column":22}},{"start":{"line":165,"column":26},"end":{"line":165,"column":30}}],"line":165},"21":{"loc":{"start":{"line":179,"column":4},"end":{"line":179,"column":86}},"type":"if","locations":[{"start":{"line":179,"column":4},"end":{"line":179,"column":86}},{"start":{},"end":{}}],"line":179}},"s":{"0":1,"1":1,"2":1,"3":1,"4":1,"5":1,"6":1,"7":1,"8":1,"9":1,"10":0,"11":0,"12":0,"13":1,"14":0,"15":0,"16":1,"17":0,"18":0,"19":1,"20":0,"21":0,"22":1,"23":1,"24":1,"25":1,"26":1,"27":1,"28":1,"29":1,"30":1,"31":1,"32":0,"33":1,"34":1,"35":1,"36":1,"37":1,"38":0,"39":0,"40":0,"41":0,"42":1,"43":2,"44":2,"45":2,"46":1,"47":1,"48":0,"49":1,"50":1,"51":1,"52":0,"53":0,"54":0,"55":1,"56":0,"57":0,"58":0,"59":0,"60":0,"61":0,"62":0,"63":0,"64":0,"65":0,"66":1,"67":0,"68":0,"69":0,"70":0,"71":0,"72":0,"73":0,"74":1},"f":{"0":1,"1":1,"2":2,"3":0,"4":0},"b":{"0":[1],"1":[1],"2":[0,1],"3":[0,1],"4":[1,0],"5":[0,1],"6":[0,1],"7":[1,0],"8":[1,1],"9":[0,1],"10":[1,1],"11":[1,0],"12":[1,0],"13":[1,0],"14":[0,0],"15":[0,0],"16":[0,0],"17":[0,0],"18":[0,0],"19":[0,0],"20":[0,0],"21":[0,0]},"_coverageSchema":"1a1c01bbd47fc00a2c39e90264f33305004495a9","hash":"1a233d186ba1c6ca3df9b81fdde22720fa667a15"}
,"C:\\Users\\Dell\\Desktop\\project\\MaritimeFlow\\backend\\routes\\users.js": {"path":"C:\\Users\\Dell\\Desktop\\project\\MaritimeFlow\\backend\\routes\\users.js","statementMap":{"0":{"start":{"line":1,"column":15},"end":{"line":1,"column":42}},"1":{"start":{"line":2,"column":15},"end":{"line":2,"column":34}},"2":{"start":{"line":3,"column":15},"end":{"line":3,"column":38}},"3":{"start":{"line":4,"column":15},"end":{"line":4,"column":44}},"4":{"start":{"line":6,"column":20},"end":{"line":6,"column":51}},"5":{"start":{"line":9,"column":0},"end":{"line":18,"column":2}},"6":{"start":{"line":10,"column":2},"end":{"line":17,"column":3}},"7":{"start":{"line":11,"column":19},"end":{"line":13,"column":5}},"8":{"start":{"line":14,"column":4},"end":{"line":14,"column":18}},"9":{"start":{"line":16,"column":4},"end":{"line":16,"column":50}},"10":{"start":{"line":21,"column":0},"end":{"line":32,"column":2}},"11":{"start":{"line":22,"column":2},"end":{"line":31,"column":3}},"12":{"start":{"line":23,"column":19},"end":{"line":26,"column":5}},"13":{"start":{"line":27,"column":4},"end":{"line":27,"column":81}},"14":{"start":{"line":27,"column":22},"end":{"line":27,"column":81}},"15":{"start":{"line":28,"column":4},"end":{"line":28,"column":21}},"16":{"start":{"line":30,"column":4},"end":{"line":30,"column":50}},"17":{"start":{"line":35,"column":0},"end":{"line":59,"column":2}},"18":{"start":{"line":36,"column":52},"end":{"line":36,"column":60}},"19":{"start":{"line":37,"column":2},"end":{"line":38,"column":97}},"20":{"start":{"line":38,"column":4},"end":{"line":38,"column":97}},"21":{"start":{"line":39,"column":2},"end":{"line":40,"column":87}},"22":{"start":{"line":40,"column":4},"end":{"line":40,"column":87}},"23":{"start":{"line":41,"column":2},"end":{"line":42,"column":61}},"24":{"start":{"line":42,"column":4},"end":{"line":42,"column":61}},"25":{"start":{"line":44,"column":2},"end":{"line":58,"column":3}},"26":{"start":{"line":45,"column":22},"end":{"line":45,"column":85}},"27":{"start":{"line":46,"column":4},"end":{"line":46,"column":93}},"28":{"start":{"line":46,"column":24},"end":{"line":46,"column":93}},"29":{"start":{"line":47,"column":25},"end":{"line":47,"column":94}},"30":{"start":{"line":48,"column":4},"end":{"line":48,"column":94}},"31":{"start":{"line":48,"column":27},"end":{"line":48,"column":94}},"32":{"start":{"line":50,"column":17},"end":{"line":50,"column":48}},"33":{"start":{"line":51,"column":21},"end":{"line":54,"column":5}},"34":{"start":{"line":55,"column":4},"end":{"line":55,"column":79}},"35":{"start":{"line":57,"column":4},"end":{"line":57,"column":50}},"36":{"start":{"line":62,"column":0},"end":{"line":83,"column":2}},"37":{"start":{"line":63,"column":32},"end":{"line":63,"column":40}},"38":{"start":{"line":64,"column":2},"end":{"line":65,"column":83}},"39":{"start":{"line":65,"column":4},"end":{"line":65,"column":83}},"40":{"start":{"line":66,"column":2},"end":{"line":67,"column":61}},"41":{"start":{"line":67,"column":4},"end":{"line":67,"column":61}},"42":{"start":{"line":69,"column":2},"end":{"line":82,"column":3}},"43":{"start":{"line":70,"column":20},"end":{"line":72,"column":5}},"44":{"start":{"line":73,"column":4},"end":{"line":73,"column":106}},"45":{"start":{"line":73,"column":22},"end":{"line":73,"column":106}},"46":{"start":{"line":75,"column":4},"end":{"line":78,"column":5}},"47":{"start":{"line":79,"column":4},"end":{"line":79,"column":42}},"48":{"start":{"line":81,"column":4},"end":{"line":81,"column":50}},"49":{"start":{"line":86,"column":0},"end":{"line":97,"column":2}},"50":{"start":{"line":88,"column":2},"end":{"line":89,"column":83}},"51":{"start":{"line":89,"column":4},"end":{"line":89,"column":83}},"52":{"start":{"line":91,"column":2},"end":{"line":96,"column":3}},"53":{"start":{"line":92,"column":4},"end":{"line":92,"column":69}},"54":{"start":{"line":93,"column":4},"end":{"line":93,"column":42}},"55":{"start":{"line":95,"column":4},"end":{"line":95,"column":50}},"56":{"start":{"line":99,"column":0},"end":{"line":99,"column":23}}},"fnMap":{"0":{"name":"(anonymous_0)","decl":{"start":{"line":9,"column":33},"end":{"line":9,"column":34}},"loc":{"start":{"line":9,"column":53},"end":{"line":18,"column":1}},"line":9},"1":{"name":"(anonymous_1)","decl":{"start":{"line":21,"column":27},"end":{"line":21,"column":28}},"loc":{"start":{"line":21,"column":47},"end":{"line":32,"column":1}},"line":21},"2":{"name":"(anonymous_2)","decl":{"start":{"line":35,"column":34},"end":{"line":35,"column":35}},"loc":{"start":{"line":35,"column":54},"end":{"line":59,"column":1}},"line":35},"3":{"name":"(anonymous_3)","decl":{"start":{"line":62,"column":36},"end":{"line":62,"column":37}},"loc":{"start":{"line":62,"column":56},"end":{"line":83,"column":1}},"line":62},"4":{"name":"(anonymous_4)","decl":{"start":{"line":86,"column":39},"end":{"line":86,"column":40}},"loc":{"start":{"line":86,"column":59},"end":{"line":97,"column":1}},"line":86}},"branchMap":{"0":{"loc":{"start":{"line":27,"column":4},"end":{"line":27,"column":81}},"type":"if","locations":[{"start":{"line":27,"column":4},"end":{"line":27,"column":81}},{"start":{},"end":{}}],"line":27},"1":{"loc":{"start":{"line":37,"column":2},"end":{"line":38,"column":97}},"type":"if","locations":[{"start":{"line":37,"column":2},"end":{"line":38,"column":97}},{"start":{},"end":{}}],"line":37},"2":{"loc":{"start":{"line":37,"column":6},"end":{"line":37,"column":47}},"type":"binary-expr","locations":[{"start":{"line":37,"column":6},"end":{"line":37,"column":11}},{"start":{"line":37,"column":15},"end":{"line":37,"column":21}},{"start":{"line":37,"column":25},"end":{"line":37,"column":34}},{"start":{"line":37,"column":38},"end":{"line":37,"column":47}}],"line":37},"3":{"loc":{"start":{"line":39,"column":2},"end":{"line":40,"column":87}},"type":"if","locations":[{"start":{"line":39,"column":2},"end":{"line":40,"column":87}},{"start":{},"end":{}}],"line":39},"4":{"loc":{"start":{"line":41,"column":2},"end":{"line":42,"column":61}},"type":"if","locations":[{"start":{"line":41,"column":2},"end":{"line":42,"column":61}},{"start":{},"end":{}}],"line":41},"5":{"loc":{"start":{"line":41,"column":6},"end":{"line":41,"column":41}},"type":"binary-expr","locations":[{"start":{"line":41,"column":6},"end":{"line":41,"column":10}},{"start":{"line":41,"column":14},"end":{"line":41,"column":41}}],"line":41},"6":{"loc":{"start":{"line":46,"column":4},"end":{"line":46,"column":93}},"type":"if","locations":[{"start":{"line":46,"column":4},"end":{"line":46,"column":93}},{"start":{},"end":{}}],"line":46},"7":{"loc":{"start":{"line":48,"column":4},"end":{"line":48,"column":94}},"type":"if","locations":[{"start":{"line":48,"column":4},"end":{"line":48,"column":94}},{"start":{},"end":{}}],"line":48},"8":{"loc":{"start":{"line":53,"column":36},"end":{"line":53,"column":52}},"type":"binary-expr","locations":[{"start":{"line":53,"column":36},"end":{"line":53,"column":40}},{"start":{"line":53,"column":44},"end":{"line":53,"column":52}}],"line":53},"9":{"loc":{"start":{"line":64,"column":2},"end":{"line":65,"column":83}},"type":"if","locations":[{"start":{"line":64,"column":2},"end":{"line":65,"column":83}},{"start":{},"end":{}}],"line":64},"10":{"loc":{"start":{"line":64,"column":6},"end":{"line":64,"column":30}},"type":"binary-expr","locations":[{"start":{"line":64,"column":6},"end":{"line":64,"column":11}},{"start":{"line":64,"column":15},"end":{"line":64,"column":21}},{"start":{"line":64,"column":25},"end":{"line":64,"column":30}}],"line":64},"11":{"loc":{"start":{"line":66,"column":2},"end":{"line":67,"column":61}},"type":"if","locations":[{"start":{"line":66,"column":2},"end":{"line":67,"column":61}},{"start":{},"end":{}}],"line":66},"12":{"loc":{"start":{"line":73,"column":4},"end":{"line":73,"column":106}},"type":"if","locations":[{"start":{"line":73,"column":4},"end":{"line":73,"column":106}},{"start":{},"end":{}}],"line":73},"13":{"loc":{"start":{"line":88,"column":2},"end":{"line":89,"column":83}},"type":"if","locations":[{"start":{"line":88,"column":2},"end":{"line":89,"column":83}},{"start":{},"end":{}}],"line":88}},"s":{"0":0,"1":0,"2":0,"3":0,"4":0,"5":0,"6":0,"7":0,"8":0,"9":0,"10":0,"11":0,"12":0,"13":0,"14":0,"15":0,"16":0,"17":0,"18":0,"19":0,"20":0,"21":0,"22":0,"23":0,"24":0,"25":0,"26":0,"27":0,"28":0,"29":0,"30":0,"31":0,"32":0,"33":0,"34":0,"35":0,"36":0,"37":0,"38":0,"39":0,"40":0,"41":0,"42":0,"43":0,"44":0,"45":0,"46":0,"47":0,"48":0,"49":0,"50":0,"51":0,"52":0,"53":0,"54":0,"55":0,"56":0},"f":{"0":0,"1":0,"2":0,"3":0,"4":0},"b":{"0":[0,0],"1":[0,0],"2":[0,0,0,0],"3":[0,0],"4":[0,0],"5":[0,0],"6":[0,0],"7":[0,0],"8":[0,0],"9":[0,0],"10":[0,0,0],"11":[0,0],"12":[0,0],"13":[0,0]}}
}
